#
# A fatal error has been detected by the Java Runtime Environment:
#
#  SIGSEGV (0xb) at pc=0x00007f6ad56a32bd, pid=20957, tid=140097255085824
#
# JRE version: OpenJDK Runtime Environment (7.0_45-b15) (build 1.7.0_45-mockbuild_2013_10_21_06_40-b00)
# Java VM: OpenJDK 64-Bit Server VM (24.45-b08 mixed mode linux-amd64 compressed oops)
# Problematic frame:
# C  [mca_coll_tuned.so+0x62bd]  ompi_coll_tuned_reduce_intra_dec_fixed+0x1d
#
# Failed to write core dump. Core dumps have been disabled. To enable core dumping, try "ulimit -c unlimited" before starting Java again
#
# If you would like to submit a bug report, please include
# instructions on how to reproduce the bug and visit:
#   http://icedtea.classpath.org/bugzilla
# The crash happened outside the Java Virtual Machine in native code.
# See problematic frame for where to report the bug.
#

---------------  T H R E A D  ---------------

Current thread (0x00007f6ae8008000):  JavaThread "main" [_thread_in_native, id=20958, stack(0x00007f6aef0f9000,0x00007f6aef1fa000)]

siginfo:si_signo=SIGSEGV: si_errno=0, si_code=1 (SEGV_MAPERR), si_addr=0x0000000000000018

Registers:
RAX=0x0000000000000005, RBX=0x0000000000000003, RCX=0x0000000000000000, RDX=0x0000000000000005
RSP=0x00007f6aef1f8600, RBP=0x00007f6ade3fbd80, RSI=0x0000000000000000, RDI=0x00007f6ae8330c80
R8 =0x00007f6ade407860, R9 =0x0000000000000000, R10=0x00007f6ade3fbd80, R11=0x00007f6ae831c440
R12=0x0000000000000005, R13=0x00007f6ae8330c80, R14=0x0000000000000000, R15=0x00007f6aef1f8838
RIP=0x00007f6ad56a32bd, EFLAGS=0x0000000000010206, CSGSFS=0x0000000000000033, ERR=0x0000000000000004
  TRAPNO=0x000000000000000e

Top of Stack: (sp=0x00007f6aef1f8600)
0x00007f6aef1f8600:   00007f6ade40d000 00007f6aef01dfe0
0x00007f6aef1f8610:   00007f6a00000005 0000000000000000
0x00007f6aef1f8620:   00007f6aef1f8670 00007f6ade407860
0x00007f6aef1f8630:   00007f6ade3fbd80 00007f6ade1a9af5
0x00007f6aef1f8640:   00007f6ade3fbd80 00007f6ae831c440
0x00007f6aef1f8650:   000000000000000c 00007f6aef024715
0x00007f6aef1f8660:   00007f6ade407860 0000000000000000
0x00007f6aef1f8670:   0000000000000005 00007f6ae80081d8
0x00007f6aef1f8680:   00007f6ade623a60 00007f6ade3fbd80
0x00007f6aef1f8690:   000000000000000c 0000000000000000
0x00007f6aef1f86a0:   00007f6aef1f8838 00007f6ade4190e6
0x00007f6aef1f86b0:   00007f6ade3fbd80 00007f6ae8008000
0x00007f6aef1f86c0:   000000073bade160 00007f6a00000000
0x00007f6aef1f86d0:   00007f6ae8330c80 0000000000000000
0x00007f6aef1f86e0:   0000000000000000 00007f6aef1f8828
0x00007f6aef1f86f0:   00007f6ae8008000 00007f6ae8330c80
0x00007f6aef1f8700:   00007f6ae5005310 000000013bade160
0x00007f6aef1f8710:   0000000000000000 000000073bade160
0x00007f6aef1f8720:   00007f6aef1f87e0 0000000000000000
0x00007f6aef1f8730:   000000073bade160 00007f6aef1f8840
0x00007f6aef1f8740:   00007f6ae8008000 00007f6ae5012738
0x00007f6aef1f8750:   00007f6a00000005 00007f6aef1f8810
0x00007f6aef1f8760:   00007f6aef1f8808 00007f6a00000000
0x00007f6aef1f8770:   00007f6aef1f8888 00007f6aef1f8840
0x00007f6aef1f8780:   00007f6aef1f8840 00007f6ae501d463
0x00007f6aef1f8790:   00007f6ae8008000 00007f6a00000000
0x00007f6aef1f87a0:   00007f6aef1f87a0 000000073bade160
0x00007f6aef1f87b0:   00007f6aef1f8840 000000073bae4b50
0x00007f6aef1f87c0:   0000000000000000 000000073bade160
0x00007f6aef1f87d0:   0000000000000000 00007f6aef1f8800
0x00007f6aef1f87e0:   00007f6aef1f8888 00007f6ae5006058
0x00007f6aef1f87f0:   0000000000000000 00007f6ae500ecd8 

Instructions: (pc=0x00007f6ad56a32bd)
0x00007f6ad56a329d:   00 00 00 55 53 48 83 ec 28 4c 8b 54 24 40 4c 8b
0x00007f6ad56a32ad:   5c 24 48 49 8b 82 a8 00 00 00 8b 58 10 48 63 c2
0x00007f6ad56a32bd:   48 0f af 41 18 41 f6 40 50 20 75 37 48 3d ff 07
0x00007f6ad56a32cd:   00 00 0f 86 0b 01 00 00 c7 44 24 18 00 00 00 00 

Register to memory mapping:

RAX=0x0000000000000005 is an unknown value
RBX=0x0000000000000003 is an unknown value
RCX=0x0000000000000000 is an unknown value
RDX=0x0000000000000005 is an unknown value
RSP=0x00007f6aef1f8600 is pointing into the stack for thread: 0x00007f6ae8008000
RBP=0x00007f6ade3fbd80: ompi_mpi_comm_world+0 in /usr/local/lib/openmpi/lib/libmpi.so.0 at 0x00007f6ade147000
RSI=0x0000000000000000 is an unknown value
RDI=0x00007f6ae8330c80 is an unknown value
R8 =0x00007f6ade407860: ompi_mpi_op_sum+0 in /usr/local/lib/openmpi/lib/libmpi.so.0 at 0x00007f6ade147000
R9 =0x0000000000000000 is an unknown value
R10=0x00007f6ade3fbd80: ompi_mpi_comm_world+0 in /usr/local/lib/openmpi/lib/libmpi.so.0 at 0x00007f6ade147000
R11=0x00007f6ae831c440 is an unknown value
R12=0x0000000000000005 is an unknown value
R13=0x00007f6ae8330c80 is an unknown value
R14=0x0000000000000000 is an unknown value
R15=0x00007f6aef1f8838 is pointing into the stack for thread: 0x00007f6ae8008000


Stack: [0x00007f6aef0f9000,0x00007f6aef1fa000],  sp=0x00007f6aef1f8600,  free space=1021k
Native frames: (J=compiled Java code, j=interpreted, Vv=VM code, C=native code)
C  [mca_coll_tuned.so+0x62bd]  ompi_coll_tuned_reduce_intra_dec_fixed+0x1d

Java frames: (J=compiled Java code, j=interpreted, Vv=VM code)
j  mpi.Intracomm.reduce(Ljava/lang/Object;ILjava/lang/Object;IILmpi/Datatype;Lmpi/Op;I)V+0
j  mpi.Intracomm.Reduce(Ljava/lang/Object;ILjava/lang/Object;IILmpi/Datatype;Lmpi/Op;I)V+135
j  pll_kmeans.main([Ljava/lang/String;)V+95
v  ~StubRoutines::call_stub

---------------  P R O C E S S  ---------------

Java Threads: ( => current thread )
  0x00007f6ae80a4000 JavaThread "Service Thread" daemon [_thread_blocked, id=20969, stack(0x00007f6ade725000,0x00007f6ade826000)]
  0x00007f6ae80a2000 JavaThread "C2 CompilerThread1" daemon [_thread_blocked, id=20968, stack(0x00007f6ade826000,0x00007f6ade927000)]
  0x00007f6ae809f000 JavaThread "C2 CompilerThread0" daemon [_thread_blocked, id=20967, stack(0x00007f6ade927000,0x00007f6adea28000)]
  0x00007f6ae809d000 JavaThread "Signal Dispatcher" daemon [_thread_blocked, id=20966, stack(0x00007f6adea28000,0x00007f6adeb29000)]
  0x00007f6ae8079800 JavaThread "Finalizer" daemon [_thread_blocked, id=20965, stack(0x00007f6adeb29000,0x00007f6adec2a000)]
  0x00007f6ae8077800 JavaThread "Reference Handler" daemon [_thread_blocked, id=20964, stack(0x00007f6adec2a000,0x00007f6aded2b000)]
=>0x00007f6ae8008000 JavaThread "main" [_thread_in_native, id=20958, stack(0x00007f6aef0f9000,0x00007f6aef1fa000)]

Other Threads:
  0x00007f6ae8073000 VMThread [stack: 0x00007f6aded2b000,0x00007f6adee2c000] [id=20963]
  0x00007f6ae80b7000 WatcherThread [stack: 0x00007f6ade624000,0x00007f6ade725000] [id=20970]

VM state:not at safepoint (normal execution)

VM Mutex/Monitor currently owned by a thread: None

Heap
 PSYoungGen      total 55808K, used 962K [0x00000007c1f00000, 0x00000007c5d00000, 0x0000000800000000)
  eden space 48128K, 2% used [0x00000007c1f00000,0x00000007c1ff0aa8,0x00000007c4e00000)
  from space 7680K, 0% used [0x00000007c5580000,0x00000007c5580000,0x00000007c5d00000)
  to   space 7680K, 0% used [0x00000007c4e00000,0x00000007c4e00000,0x00000007c5580000)
 ParOldGen       total 126976K, used 0K [0x0000000745e00000, 0x000000074da00000, 0x00000007c1f00000)
  object space 126976K, 0% used [0x0000000745e00000,0x0000000745e00000,0x000000074da00000)
 PSPermGen       total 21504K, used 2991K [0x000000073b800000, 0x000000073cd00000, 0x0000000745e00000)
  object space 21504K, 13% used [0x000000073b800000,0x000000073baebd08,0x000000073cd00000)

Card table byte_map: [0x00007f6ae49db000,0x00007f6ae5000000] byte_map_base: 0x00007f6ae0fff000

Polling page: 0x00007f6aef22e000

Code Cache  [0x00007f6ae5000000, 0x00007f6ae5270000, 0x00007f6ae8000000)
 total_blobs=189 nmethods=0 adapters=159 free_code_cache=48760Kb largest_free_block=49931136

Compilation events (0 events):
No events

GC Heap History (0 events):
No events

Deoptimization events (0 events):
No events

Internal exceptions (10 events):
Event: 0.061 Thread 0x00007f6ae8008000 Threw 0x00000007c1f62708 at /builddir/build/BUILD/java-1.7.0-openjdk/openjdk/hotspot/src/share/vm/prims/jvm.cpp:1244
Event: 0.061 Thread 0x00007f6ae8008000 Threw 0x00000007c1f65080 at /builddir/build/BUILD/java-1.7.0-openjdk/openjdk/hotspot/src/share/vm/prims/jvm.cpp:1244
Event: 0.063 Thread 0x00007f6ae8008000 Threw 0x00000007c1f688e8 at /builddir/build/BUILD/java-1.7.0-openjdk/openjdk/hotspot/src/share/vm/prims/jvm.cpp:1244
Event: 0.063 Thread 0x00007f6ae8008000 Threw 0x00000007c1f70530 at /builddir/build/BUILD/java-1.7.0-openjdk/openjdk/hotspot/src/share/vm/prims/jvm.cpp:1244
Event: 0.064 Thread 0x00007f6ae8008000 Threw 0x00000007c1f72120 at /builddir/build/BUILD/java-1.7.0-openjdk/openjdk/hotspot/src/share/vm/prims/jvm.cpp:1244
Event: 0.064 Thread 0x00007f6ae8008000 Threw 0x00000007c1f74878 at /builddir/build/BUILD/java-1.7.0-openjdk/openjdk/hotspot/src/share/vm/prims/jvm.cpp:1244
Event: 0.065 Thread 0x00007f6ae8008000 Threw 0x00000007c1f76fa8 at /builddir/build/BUILD/java-1.7.0-openjdk/openjdk/hotspot/src/share/vm/prims/jvm.cpp:1244
Event: 0.065 Thread 0x00007f6ae8008000 Threw 0x00000007c1f7b0e0 at /builddir/build/BUILD/java-1.7.0-openjdk/openjdk/hotspot/src/share/vm/prims/jvm.cpp:1244
Event: 0.065 Thread 0x00007f6ae8008000 Threw 0x00000007c1f7ca60 at /builddir/build/BUILD/java-1.7.0-openjdk/openjdk/hotspot/src/share/vm/prims/jvm.cpp:1244
Event: 0.066 Thread 0x00007f6ae8008000 Threw 0x00000007c1f842d0 at /builddir/build/BUILD/java-1.7.0-openjdk/openjdk/hotspot/src/share/vm/prims/jvm.cpp:1244

Events (10 events):
Event: 0.065 loading class 0x00007f6ae80e0270
Event: 0.065 loading class 0x00007f6ae80e0270 done
Event: 0.065 loading class 0x00007f6ae80d2670
Event: 0.065 loading class 0x00007f6ae80d2670 done
Event: 0.066 loading class 0x00007f6ae80ec0c0
Event: 0.066 loading class 0x00007f6ae80ec0c0 done
Event: 0.067 loading class 0x00007f6ae800b950
Event: 0.067 loading class 0x00007f6ae80ce150
Event: 0.067 loading class 0x00007f6ae80ce150 done
Event: 0.067 loading class 0x00007f6ae800b950 done


Dynamic libraries:
00400000-00401000 r-xp 00000000 fd:00 664535                             /usr/lib/jvm/java-1.7.0-openjdk-1.7.0.45.x86_64/jre/bin/java
00600000-00601000 rw-p 00000000 fd:00 664535                             /usr/lib/jvm/java-1.7.0-openjdk-1.7.0.45.x86_64/jre/bin/java
02219000-0223a000 rw-p 00000000 00:00 0                                  [heap]
73b800000-73cd00000 rw-p 00000000 00:00 0 
73cd00000-745e00000 rw-p 00000000 00:00 0 
745e00000-74da00000 rw-p 00000000 00:00 0 
74da00000-7c1f00000 rw-p 00000000 00:00 0 
7c1f00000-7c5d00000 rw-p 00000000 00:00 0 
7c5d00000-800000000 rw-p 00000000 00:00 0 
7f6a98000000-7f6a98021000 rw-p 00000000 00:00 0 
7f6a98021000-7f6a9c000000 ---p 00000000 00:00 0 
7f6aa0000000-7f6aa0021000 rw-p 00000000 00:00 0 
7f6aa0021000-7f6aa4000000 ---p 00000000 00:00 0 
7f6aa4000000-7f6aa4021000 rw-p 00000000 00:00 0 
7f6aa4021000-7f6aa8000000 ---p 00000000 00:00 0 
7f6aa8000000-7f6aa8021000 rw-p 00000000 00:00 0 
7f6aa8021000-7f6aac000000 ---p 00000000 00:00 0 
7f6aae16f000-7f6ab4000000 r--p 00000000 fd:00 60834121                   /usr/lib/locale/locale-archive
7f6ab4000000-7f6ab4021000 rw-p 00000000 00:00 0 
7f6ab4021000-7f6ab8000000 ---p 00000000 00:00 0 
7f6ab8000000-7f6ab8021000 rw-p 00000000 00:00 0 
7f6ab8021000-7f6abc000000 ---p 00000000 00:00 0 
7f6abc000000-7f6abc021000 rw-p 00000000 00:00 0 
7f6abc021000-7f6ac0000000 ---p 00000000 00:00 0 
7f6ac1dc0000-7f6ac8000000 rw-p 00000000 00:00 0 
7f6ac8000000-7f6ac8021000 rw-p 00000000 00:00 0 
7f6ac8021000-7f6acc000000 ---p 00000000 00:00 0 
7f6acc000000-7f6acc021000 rw-p 00000000 00:00 0 
7f6acc021000-7f6ad0000000 ---p 00000000 00:00 0 
7f6ad0000000-7f6ad0021000 rw-p 00000000 00:00 0 
7f6ad0021000-7f6ad4000000 ---p 00000000 00:00 0 
7f6ad548f000-7f6ad549c000 r-xp 00000000 fd:00 5125649                    /usr/local/lib/openmpi/lib/openmpi/mca_osc_rdma.so
7f6ad549c000-7f6ad569c000 ---p 0000d000 fd:00 5125649                    /usr/local/lib/openmpi/lib/openmpi/mca_osc_rdma.so
7f6ad569c000-7f6ad569d000 rw-p 0000d000 fd:00 5125649                    /usr/local/lib/openmpi/lib/openmpi/mca_osc_rdma.so
7f6ad569d000-7f6ad56b9000 r-xp 00000000 fd:00 5125571                    /usr/local/lib/openmpi/lib/openmpi/mca_coll_tuned.so
7f6ad56b9000-7f6ad58b8000 ---p 0001c000 fd:00 5125571                    /usr/local/lib/openmpi/lib/openmpi/mca_coll_tuned.so
7f6ad58b8000-7f6ad58ba000 rw-p 0001b000 fd:00 5125571                    /usr/local/lib/openmpi/lib/openmpi/mca_coll_tuned.so
7f6ad58ba000-7f6ad58bf000 r-xp 00000000 fd:00 5125569                    /usr/local/lib/openmpi/lib/openmpi/mca_coll_sm.so
7f6ad58bf000-7f6ad5abe000 ---p 00005000 fd:00 5125569                    /usr/local/lib/openmpi/lib/openmpi/mca_coll_sm.so
7f6ad5abe000-7f6ad5abf000 rw-p 00004000 fd:00 5125569                    /usr/local/lib/openmpi/lib/openmpi/mca_coll_sm.so
7f6ad5abf000-7f6ad5ac1000 r-xp 00000000 fd:00 5125567                    /usr/local/lib/openmpi/lib/openmpi/mca_coll_self.so
7f6ad5ac1000-7f6ad5cc0000 ---p 00002000 fd:00 5125567                    /usr/local/lib/openmpi/lib/openmpi/mca_coll_self.so
7f6ad5cc0000-7f6ad5cc1000 rw-p 00001000 fd:00 5125567                    /usr/local/lib/openmpi/lib/openmpi/mca_coll_self.so
7f6ad5cd9000-7f6ad5ce3000 r-xp 00000000 fd:00 5125647                    /usr/local/lib/openmpi/lib/openmpi/mca_osc_pt2pt.so
7f6ad5ce3000-7f6ad5ee3000 ---p 0000a000 fd:00 5125647                    /usr/local/lib/openmpi/lib/openmpi/mca_osc_pt2pt.so
7f6ad5ee3000-7f6ad5ee4000 rw-p 0000a000 fd:00 5125647                    /usr/local/lib/openmpi/lib/openmpi/mca_osc_pt2pt.so
7f6ad5ee4000-7f6ad5ef5000 r-xp 00000000 fd:00 5125563                    /usr/local/lib/openmpi/lib/openmpi/mca_coll_libnbc.so
7f6ad5ef5000-7f6ad60f5000 ---p 00011000 fd:00 5125563                    /usr/local/lib/openmpi/lib/openmpi/mca_coll_libnbc.so
7f6ad60f5000-7f6ad60f6000 rw-p 00011000 fd:00 5125563                    /usr/local/lib/openmpi/lib/openmpi/mca_coll_libnbc.so
7f6ad60f6000-7f6ad60f9000 r-xp 00000000 fd:00 5125561                    /usr/local/lib/openmpi/lib/openmpi/mca_coll_inter.so
7f6ad60f9000-7f6ad62f9000 ---p 00003000 fd:00 5125561                    /usr/local/lib/openmpi/lib/openmpi/mca_coll_inter.so
7f6ad62f9000-7f6ad62fa000 rw-p 00003000 fd:00 5125561                    /usr/local/lib/openmpi/lib/openmpi/mca_coll_inter.so
7f6ad62fa000-7f6ad6303000 r-xp 00000000 fd:00 5125557                    /usr/local/lib/openmpi/lib/openmpi/mca_coll_basic.so
7f6ad6303000-7f6ad6503000 ---p 00009000 fd:00 5125557                    /usr/local/lib/openmpi/lib/openmpi/mca_coll_basic.so
7f6ad6503000-7f6ad6504000 rw-p 00009000 fd:00 5125557                    /usr/local/lib/openmpi/lib/openmpi/mca_coll_basic.so
7f6ad6504000-7f6ad6510000 r-xp 00000000 fd:00 5125555                    /usr/local/lib/openmpi/lib/openmpi/mca_btl_tcp.so
7f6ad6510000-7f6ad670f000 ---p 0000c000 fd:00 5125555                    /usr/local/lib/openmpi/lib/openmpi/mca_btl_tcp.so
7f6ad670f000-7f6ad6711000 rw-p 0000b000 fd:00 5125555                    /usr/local/lib/openmpi/lib/openmpi/mca_btl_tcp.so
7f6ad6711000-7f6ad6791000 rw-p 00000000 00:00 0 
7f6ad6791000-7f6ad6794000 r-xp 00000000 fd:00 5125551                    /usr/local/lib/openmpi/lib/openmpi/mca_btl_self.so
7f6ad6794000-7f6ad6994000 ---p 00003000 fd:00 5125551                    /usr/local/lib/openmpi/lib/openmpi/mca_btl_self.so
7f6ad6994000-7f6ad6995000 rw-p 00003000 fd:00 5125551                    /usr/local/lib/openmpi/lib/openmpi/mca_btl_self.so
7f6ad6995000-7f6ad6998000 r-xp 00000000 fd:00 5125549                    /usr/local/lib/openmpi/lib/openmpi/mca_bml_r2.so
7f6ad6998000-7f6ad6b98000 ---p 00003000 fd:00 5125549                    /usr/local/lib/openmpi/lib/openmpi/mca_bml_r2.so
7f6ad6b98000-7f6ad6b99000 rw-p 00003000 fd:00 5125549                    /usr/local/lib/openmpi/lib/openmpi/mca_bml_r2.so
7f6ad6da1000-7f6ad6db8000 r-xp 00000000 fd:00 5125661                    /usr/local/lib/openmpi/lib/openmpi/mca_pml_ob1.so
7f6ad6db8000-7f6ad6fb7000 ---p 00017000 fd:00 5125661                    /usr/local/lib/openmpi/lib/openmpi/mca_pml_ob1.so
7f6ad6fb7000-7f6ad6fb9000 rw-p 00016000 fd:00 5125661                    /usr/local/lib/openmpi/lib/openmpi/mca_pml_ob1.so
7f6ad6fc6000-7f6ad6fcd000 r-xp 00000000 fd:00 5125589                    /usr/local/lib/openmpi/lib/openmpi/mca_dpm_orte.so
7f6ad6fcd000-7f6ad71cd000 ---p 00007000 fd:00 5125589                    /usr/local/lib/openmpi/lib/openmpi/mca_dpm_orte.so
7f6ad71cd000-7f6ad71ce000 rw-p 00007000 fd:00 5125589                    /usr/local/lib/openmpi/lib/openmpi/mca_dpm_orte.so
7f6ad71ce000-7f6ad71d4000 r-xp 00000000 fd:00 5125559                    /usr/local/lib/openmpi/lib/openmpi/mca_coll_hierarch.so
7f6ad71d4000-7f6ad73d3000 ---p 00006000 fd:00 5125559                    /usr/local/lib/openmpi/lib/openmpi/mca_coll_hierarch.so
7f6ad73d3000-7f6ad73d4000 rw-p 00005000 fd:00 5125559                    /usr/local/lib/openmpi/lib/openmpi/mca_coll_hierarch.so
7f6ad73ef000-7f6ad73f2000 r-xp 00000000 fd:00 5125665                    /usr/local/lib/openmpi/lib/openmpi/mca_pubsub_orte.so
7f6ad73f2000-7f6ad75f1000 ---p 00003000 fd:00 5125665                    /usr/local/lib/openmpi/lib/openmpi/mca_pubsub_orte.so
7f6ad75f1000-7f6ad75f2000 rw-p 00002000 fd:00 5125665                    /usr/local/lib/openmpi/lib/openmpi/mca_pubsub_orte.so
7f6ad75f2000-7f6ad75f4000 r-xp 00000000 fd:00 3810739                    /usr/local/lib/openmpi/lib/libmca_common_sm.so.0.0.0
7f6ad75f4000-7f6ad77f3000 ---p 00002000 fd:00 3810739                    /usr/local/lib/openmpi/lib/libmca_common_sm.so.0.0.0
7f6ad77f3000-7f6ad77f4000 rw-p 00001000 fd:00 3810739                    /usr/local/lib/openmpi/lib/libmca_common_sm.so.0.0.0
7f6ad77f4000-7f6ad77f6000 r-xp 00000000 fd:00 5125641                    /usr/local/lib/openmpi/lib/openmpi/mca_mpool_sm.so
7f6ad77f6000-7f6ad79f5000 ---p 00002000 fd:00 5125641                    /usr/local/lib/openmpi/lib/openmpi/mca_mpool_sm.so
7f6ad79f5000-7f6ad79f6000 rw-p 00001000 fd:00 5125641                    /usr/local/lib/openmpi/lib/openmpi/mca_mpool_sm.so
7f6ad79f6000-7f6ad79f9000 r-xp 00000000 fd:00 5125639                    /usr/local/lib/openmpi/lib/openmpi/mca_mpool_grdma.so
7f6ad79f9000-7f6ad7bf9000 ---p 00003000 fd:00 5125639                    /usr/local/lib/openmpi/lib/openmpi/mca_mpool_grdma.so
7f6ad7bf9000-7f6ad7bfa000 rw-p 00003000 fd:00 5125639                    /usr/local/lib/openmpi/lib/openmpi/mca_mpool_grdma.so
7f6ad7bfa000-7f6ad7bfd000 r-xp 00000000 fd:00 5125673                    /usr/local/lib/openmpi/lib/openmpi/mca_rcache_vma.so
7f6ad7bfd000-7f6ad7dfd000 ---p 00003000 fd:00 5125673                    /usr/local/lib/openmpi/lib/openmpi/mca_rcache_vma.so
7f6ad7dfd000-7f6ad7dfe000 rw-p 00003000 fd:00 5125673                    /usr/local/lib/openmpi/lib/openmpi/mca_rcache_vma.so
7f6ad7dfe000-7f6ad7e00000 r-xp 00000000 fd:00 5125543                    /usr/local/lib/openmpi/lib/openmpi/mca_allocator_bucket.so
7f6ad7e00000-7f6ad7fff000 ---p 00002000 fd:00 5125543                    /usr/local/lib/openmpi/lib/openmpi/mca_allocator_bucket.so
7f6ad7fff000-7f6ad8000000 rw-p 00001000 fd:00 5125543                    /usr/local/lib/openmpi/lib/openmpi/mca_allocator_bucket.so
7f6ad8000000-7f6ad8021000 rw-p 00000000 00:00 0 
7f6ad8021000-7f6adc000000 ---p 00000000 00:00 0 
7f6adc1d2000-7f6adc1d4000 r-xp 00000000 fd:00 5125623                    /usr/local/lib/openmpi/lib/openmpi/mca_grpcomm_bad.so
7f6adc1d4000-7f6adc3d3000 ---p 00002000 fd:00 5125623                    /usr/local/lib/openmpi/lib/openmpi/mca_grpcomm_bad.so
7f6adc3d3000-7f6adc3d4000 rw-p 00001000 fd:00 5125623                    /usr/local/lib/openmpi/lib/openmpi/mca_grpcomm_bad.so
7f6adc3d4000-7f6adc3d6000 r-xp 00000000 fd:00 5125581                    /usr/local/lib/openmpi/lib/openmpi/mca_db_print.so
7f6adc3d6000-7f6adc5d5000 ---p 00002000 fd:00 5125581                    /usr/local/lib/openmpi/lib/openmpi/mca_db_print.so
7f6adc5d5000-7f6adc5d6000 rw-p 00001000 fd:00 5125581                    /usr/local/lib/openmpi/lib/openmpi/mca_db_print.so
7f6adc5d6000-7f6adc5d9000 r-xp 00000000 fd:00 5125579                    /usr/local/lib/openmpi/lib/openmpi/mca_db_hash.so
7f6adc5d9000-7f6adc7d9000 ---p 00003000 fd:00 5125579                    /usr/local/lib/openmpi/lib/openmpi/mca_db_hash.so
7f6adc7d9000-7f6adc7da000 rw-p 00003000 fd:00 5125579                    /usr/local/lib/openmpi/lib/openmpi/mca_db_hash.so
7f6adc7da000-7f6adc7e9000 r-xp 00000000 fd:00 5125645                    /usr/local/lib/openmpi/lib/openmpi/mca_oob_tcp.so
7f6adc7e9000-7f6adc9e9000 ---p 0000f000 fd:00 5125645                    /usr/local/lib/openmpi/lib/openmpi/mca_oob_tcp.so
7f6adc9e9000-7f6adc9eb000 rw-p 0000f000 fd:00 5125645                    /usr/local/lib/openmpi/lib/openmpi/mca_oob_tcp.so
7f6adc9eb000-7f6adc9f1000 r-xp 00000000 fd:00 5125689                    /usr/local/lib/openmpi/lib/openmpi/mca_rml_oob.so
7f6adc9f1000-7f6adcbf0000 ---p 00006000 fd:00 5125689                    /usr/local/lib/openmpi/lib/openmpi/mca_rml_oob.so
7f6adcbf0000-7f6adcbf1000 rw-p 00005000 fd:00 5125689                    /usr/local/lib/openmpi/lib/openmpi/mca_rml_oob.so
7f6adcbf2000-7f6adcbf4000 r-xp 00000000 fd:00 5120986                    /usr/local/lib/openmpi/lib/openmpi/mca_allocator_basic.so
7f6adcbf4000-7f6adcdf3000 ---p 00002000 fd:00 5120986                    /usr/local/lib/openmpi/lib/openmpi/mca_allocator_basic.so
7f6adcdf3000-7f6adcdf4000 rw-p 00001000 fd:00 5120986                    /usr/local/lib/openmpi/lib/openmpi/mca_allocator_basic.so
7f6adcdf4000-7f6adcdf7000 r-xp 00000000 fd:00 5125691                    /usr/local/lib/openmpi/lib/openmpi/mca_routed_binomial.so
7f6adcdf7000-7f6adcff7000 ---p 00003000 fd:00 5125691                    /usr/local/lib/openmpi/lib/openmpi/mca_routed_binomial.so
7f6adcff7000-7f6adcff8000 rw-p 00003000 fd:00 5125691                    /usr/local/lib/openmpi/lib/openmpi/mca_routed_binomial.so
7f6adcff8000-7f6adcffa000 r-xp 00000000 fd:00 5125591                    /usr/local/lib/openmpi/lib/openmpi/mca_errmgr_default_app.so
7f6adcffa000-7f6add1f9000 ---p 00002000 fd:00 5125591                    /usr/local/lib/openmpi/lib/openmpi/mca_errmgr_default_app.so
7f6add1f9000-7f6add1fa000 rw-p 00001000 fd:00 5125591                    /usr/local/lib/openmpi/lib/openmpi/mca_errmgr_default_app.so
7f6add1fa000-7f6add1fb000 r-xp 00000000 fd:00 5125713                    /usr/local/lib/openmpi/lib/openmpi/mca_state_app.so
7f6add1fb000-7f6add3fb000 ---p 00001000 fd:00 5125713                    /usr/local/lib/openmpi/lib/openmpi/mca_state_app.so
7f6add3fb000-7f6add3fc000 rw-p 00001000 fd:00 5125713                    /usr/local/lib/openmpi/lib/openmpi/mca_state_app.so
7f6add3fc000-7f6add3fe000 r-xp 00000000 fd:00 5125597                    /usr/local/lib/openmpi/lib/openmpi/mca_ess_env.so
7f6add3fe000-7f6add5fd000 ---p 00002000 fd:00 5125597                    /usr/local/lib/openmpi/lib/openmpi/mca_ess_env.so
7f6add5fd000-7f6add5fe000 rw-p 00001000 fd:00 5125597                    /usr/local/lib/openmpi/lib/openmpi/mca_ess_env.so
7f6add5fe000-7f6add601000 r-xp 00000000 fd:00 5125707                    /usr/local/lib/openmpi/lib/openmpi/mca_shmem_mmap.so
7f6add601000-7f6add800000 ---p 00003000 fd:00 5125707                    /usr/local/lib/openmpi/lib/openmpi/mca_shmem_mmap.so
7f6add800000-7f6add801000 rw-p 00002000 fd:00 5125707                    /usr/local/lib/openmpi/lib/openmpi/mca_shmem_mmap.so
7f6add801000-7f6add803000 r-xp 00000000 fd:00 54001858                   /lib64/libutil-2.12.so
7f6add803000-7f6adda02000 ---p 00002000 fd:00 54001858                   /lib64/libutil-2.12.so
7f6adda02000-7f6adda03000 r--p 00001000 fd:00 54001858                   /lib64/libutil-2.12.so
7f6adda03000-7f6adda04000 rw-p 00002000 fd:00 54001858                   /lib64/libutil-2.12.so
7f6adda04000-7f6adda1a000 r-xp 00000000 fd:00 54001872                   /lib64/libnsl-2.12.so
7f6adda1a000-7f6addc19000 ---p 00016000 fd:00 54001872                   /lib64/libnsl-2.12.so
7f6addc19000-7f6addc1a000 r--p 00015000 fd:00 54001872                   /lib64/libnsl-2.12.so
7f6addc1a000-7f6addc1b000 rw-p 00016000 fd:00 54001872                   /lib64/libnsl-2.12.so
7f6addc1b000-7f6addc1d000 rw-p 00000000 00:00 0 
7f6addc1d000-7f6addcca000 r-xp 00000000 fd:00 3810751                    /usr/local/lib/openmpi/lib/libopen-pal.so.0.0.0
7f6addcca000-7f6addeca000 ---p 000ad000 fd:00 3810751                    /usr/local/lib/openmpi/lib/libopen-pal.so.0.0.0
7f6addeca000-7f6added1000 rw-p 000ad000 fd:00 3810751                    /usr/local/lib/openmpi/lib/libopen-pal.so.0.0.0
7f6added1000-7f6added7000 rw-p 00000000 00:00 0 
7f6added7000-7f6addf42000 r-xp 00000000 fd:00 3810753                    /usr/local/lib/openmpi/lib/libopen-rte.so.0.0.0
7f6addf42000-7f6ade142000 ---p 0006b000 fd:00 3810753                    /usr/local/lib/openmpi/lib/libopen-rte.so.0.0.0
7f6ade142000-7f6ade146000 rw-p 0006b000 fd:00 3810753                    /usr/local/lib/openmpi/lib/libopen-rte.so.0.0.0
7f6ade146000-7f6ade147000 rw-p 00000000 00:00 0 
7f6ade147000-7f6ade1ea000 r-xp 00000000 fd:00 3810741                    /usr/local/lib/openmpi/lib/libmpi.so.0.0.0
7f6ade1ea000-7f6ade3ea000 ---p 000a3000 fd:00 3810741                    /usr/local/lib/openmpi/lib/libmpi.so.0.0.0
7f6ade3ea000-7f6ade3fb000 rw-p 000a3000 fd:00 3810741                    /usr/local/lib/openmpi/lib/libmpi.so.0.0.0
7f6ade3fb000-7f6ade40d000 rw-p 00000000 00:00 0 
7f6ade40d000-7f6ade423000 r-xp 00000000 fd:00 3810743                    /usr/local/lib/openmpi/lib/libmpi_java.so.0.0.0
7f6ade423000-7f6ade623000 ---p 00016000 fd:00 3810743                    /usr/local/lib/openmpi/lib/libmpi_java.so.0.0.0
7f6ade623000-7f6ade624000 rw-p 00016000 fd:00 3810743                    /usr/local/lib/openmpi/lib/libmpi_java.so.0.0.0
7f6ade624000-7f6ade625000 ---p 00000000 00:00 0 
7f6ade625000-7f6ade725000 rw-p 00000000 00:00 0 
7f6ade725000-7f6ade728000 ---p 00000000 00:00 0 
7f6ade728000-7f6ade826000 rw-p 00000000 00:00 0 
7f6ade826000-7f6ade829000 ---p 00000000 00:00 0 
7f6ade829000-7f6ade927000 rw-p 00000000 00:00 0 
7f6ade927000-7f6ade92a000 ---p 00000000 00:00 0 
7f6ade92a000-7f6adea28000 rw-p 00000000 00:00 0 
7f6adea28000-7f6adea2b000 ---p 00000000 00:00 0 
7f6adea2b000-7f6adeb29000 rw-p 00000000 00:00 0 
7f6adeb29000-7f6adeb2c000 ---p 00000000 00:00 0 
7f6adeb2c000-7f6adec2a000 rw-p 00000000 00:00 0 
7f6adec2a000-7f6adec2d000 ---p 00000000 00:00 0 
7f6adec2d000-7f6aded2b000 rw-p 00000000 00:00 0 
7f6aded2b000-7f6aded2c000 ---p 00000000 00:00 0 
7f6aded2c000-7f6ae0000000 rw-p 00000000 00:00 0 
7f6ae0000000-7f6ae0021000 rw-p 00000000 00:00 0 
7f6ae0021000-7f6ae4000000 ---p 00000000 00:00 0 
7f6ae4048000-7f6ae444c000 rw-p 00000000 00:00 0 
7f6ae444c000-7f6ae45fa000 r--s 03e5e000 fd:00 665613                     /usr/lib/jvm/java-1.7.0-openjdk-1.7.0.45.x86_64/jre/lib/rt.jar
7f6ae45fa000-7f6ae4638000 rw-p 00000000 00:00 0 
7f6ae4638000-7f6ae49db000 rw-p 00000000 00:00 0 
7f6ae49db000-7f6ae49e6000 rw-p 00000000 00:00 0 
7f6ae49e6000-7f6ae4a2e000 rw-p 00000000 00:00 0 
7f6ae4a2e000-7f6ae4a6c000 rw-p 00000000 00:00 0 
7f6ae4a6c000-7f6ae4e0e000 rw-p 00000000 00:00 0 
7f6ae4e0e000-7f6ae4e2e000 rw-p 00000000 00:00 0 
7f6ae4e2e000-7f6ae4fff000 rw-p 00000000 00:00 0 
7f6ae4fff000-7f6ae5000000 rw-p 00000000 00:00 0 
7f6ae5000000-7f6ae5270000 rwxp 00000000 00:00 0 
7f6ae5270000-7f6ae8331000 rw-p 00000000 00:00 0 
7f6ae8331000-7f6aec000000 ---p 00000000 00:00 0 
7f6aec063000-7f6aec1ba000 rw-p 00000000 00:00 0 
7f6aec1ba000-7f6aec1bb000 ---p 00000000 00:00 0 
7f6aec1bb000-7f6aec2bb000 rw-p 00000000 00:00 0 
7f6aec2bb000-7f6aec2bc000 ---p 00000000 00:00 0 
7f6aec2bc000-7f6aec3bc000 rw-p 00000000 00:00 0 
7f6aec3bc000-7f6aec3bd000 ---p 00000000 00:00 0 
7f6aec3bd000-7f6aec4bd000 rw-p 00000000 00:00 0 
7f6aec4bd000-7f6aec4be000 ---p 00000000 00:00 0 
7f6aec4be000-7f6aec5c8000 rw-p 00000000 00:00 0 
7f6aec5c8000-7f6aec67e000 rw-p 00000000 00:00 0 
7f6aec67e000-7f6aec686000 r-xp 00000000 fd:00 665555                     /usr/lib/jvm/java-1.7.0-openjdk-1.7.0.45.x86_64/jre/lib/amd64/libzip.so
7f6aec686000-7f6aec885000 ---p 00008000 fd:00 665555                     /usr/lib/jvm/java-1.7.0-openjdk-1.7.0.45.x86_64/jre/lib/amd64/libzip.so
7f6aec885000-7f6aec886000 rw-p 00007000 fd:00 665555                     /usr/lib/jvm/java-1.7.0-openjdk-1.7.0.45.x86_64/jre/lib/amd64/libzip.so
7f6aec886000-7f6aec8af000 r-xp 00000000 fd:00 665534                     /usr/lib/jvm/java-1.7.0-openjdk-1.7.0.45.x86_64/jre/lib/amd64/libjava.so
7f6aec8af000-7f6aecaae000 ---p 00029000 fd:00 665534                     /usr/lib/jvm/java-1.7.0-openjdk-1.7.0.45.x86_64/jre/lib/amd64/libjava.so
7f6aecaae000-7f6aecab0000 rw-p 00028000 fd:00 665534                     /usr/lib/jvm/java-1.7.0-openjdk-1.7.0.45.x86_64/jre/lib/amd64/libjava.so
7f6aecab0000-7f6aecabd000 r-xp 00000000 fd:00 665554                     /usr/lib/jvm/java-1.7.0-openjdk-1.7.0.45.x86_64/jre/lib/amd64/libverify.so
7f6aecabd000-7f6aeccbd000 ---p 0000d000 fd:00 665554                     /usr/lib/jvm/java-1.7.0-openjdk-1.7.0.45.x86_64/jre/lib/amd64/libverify.so
7f6aeccbd000-7f6aeccbf000 rw-p 0000d000 fd:00 665554                     /usr/lib/jvm/java-1.7.0-openjdk-1.7.0.45.x86_64/jre/lib/amd64/libverify.so
7f6aeccbf000-7f6aeccc6000 r-xp 00000000 fd:00 54001877                   /lib64/librt-2.12.so
7f6aeccc6000-7f6aecec5000 ---p 00007000 fd:00 54001877                   /lib64/librt-2.12.so
7f6aecec5000-7f6aecec6000 r--p 00006000 fd:00 54001877                   /lib64/librt-2.12.so
7f6aecec6000-7f6aecec7000 rw-p 00007000 fd:00 54001877                   /lib64/librt-2.12.so
7f6aecec7000-7f6aecedd000 r-xp 00000000 fd:00 54001667                   /lib64/libgcc_s-4.4.7-20120601.so.1
7f6aecedd000-7f6aed0dc000 ---p 00016000 fd:00 54001667                   /lib64/libgcc_s-4.4.7-20120601.so.1
7f6aed0dc000-7f6aed0dd000 rw-p 00015000 fd:00 54001667                   /lib64/libgcc_s-4.4.7-20120601.so.1
7f6aed0dd000-7f6aed160000 r-xp 00000000 fd:00 54001871                   /lib64/libm-2.12.so
7f6aed160000-7f6aed35f000 ---p 00083000 fd:00 54001871                   /lib64/libm-2.12.so
7f6aed35f000-7f6aed360000 r--p 00082000 fd:00 54001871                   /lib64/libm-2.12.so
7f6aed360000-7f6aed361000 rw-p 00083000 fd:00 54001871                   /lib64/libm-2.12.so
7f6aed361000-7f6aed449000 r-xp 00000000 fd:00 60822884                   /usr/lib64/libstdc++.so.6.0.13
7f6aed449000-7f6aed649000 ---p 000e8000 fd:00 60822884                   /usr/lib64/libstdc++.so.6.0.13
7f6aed649000-7f6aed650000 r--p 000e8000 fd:00 60822884                   /usr/lib64/libstdc++.so.6.0.13
7f6aed650000-7f6aed652000 rw-p 000ef000 fd:00 60822884                   /usr/lib64/libstdc++.so.6.0.13
7f6aed652000-7f6aed667000 rw-p 00000000 00:00 0 
7f6aed667000-7f6aee151000 r-xp 00000000 fd:00 665559                     /usr/lib/jvm/java-1.7.0-openjdk-1.7.0.45.x86_64/jre/lib/amd64/server/libjvm.so
7f6aee151000-7f6aee351000 ---p 00aea000 fd:00 665559                     /usr/lib/jvm/java-1.7.0-openjdk-1.7.0.45.x86_64/jre/lib/amd64/server/libjvm.so
7f6aee351000-7f6aee40c000 rw-p 00aea000 fd:00 665559                     /usr/lib/jvm/java-1.7.0-openjdk-1.7.0.45.x86_64/jre/lib/amd64/server/libjvm.so
7f6aee40c000-7f6aee439000 rw-p 00000000 00:00 0 
7f6aee439000-7f6aee44e000 r-xp 00000000 fd:00 54001729                   /lib64/libz.so.1.2.3
7f6aee44e000-7f6aee64d000 ---p 00015000 fd:00 54001729                   /lib64/libz.so.1.2.3
7f6aee64d000-7f6aee64e000 r--p 00014000 fd:00 54001729                   /lib64/libz.so.1.2.3
7f6aee64e000-7f6aee64f000 rw-p 00015000 fd:00 54001729                   /lib64/libz.so.1.2.3
7f6aee64f000-7f6aee7d9000 r-xp 00000000 fd:00 54001696                   /lib64/libc-2.12.so
7f6aee7d9000-7f6aee9d8000 ---p 0018a000 fd:00 54001696                   /lib64/libc-2.12.so
7f6aee9d8000-7f6aee9dc000 r--p 00189000 fd:00 54001696                   /lib64/libc-2.12.so
7f6aee9dc000-7f6aee9dd000 rw-p 0018d000 fd:00 54001696                   /lib64/libc-2.12.so
7f6aee9dd000-7f6aee9e2000 rw-p 00000000 00:00 0 
7f6aee9e2000-7f6aee9e4000 r-xp 00000000 fd:00 54001869                   /lib64/libdl-2.12.so
7f6aee9e4000-7f6aeebe4000 ---p 00002000 fd:00 54001869                   /lib64/libdl-2.12.so
7f6aeebe4000-7f6aeebe5000 r--p 00002000 fd:00 54001869                   /lib64/libdl-2.12.so
7f6aeebe5000-7f6aeebe6000 rw-p 00003000 fd:00 54001869                   /lib64/libdl-2.12.so
7f6aeebe6000-7f6aeebf3000 r-xp 00000000 fd:00 665521                     /usr/lib/jvm/java-1.7.0-openjdk-1.7.0.45.x86_64/jre/lib/amd64/jli/libjli.so
7f6aeebf3000-7f6aeedf2000 ---p 0000d000 fd:00 665521                     /usr/lib/jvm/java-1.7.0-openjdk-1.7.0.45.x86_64/jre/lib/amd64/jli/libjli.so
7f6aeedf2000-7f6aeedf3000 rw-p 0000c000 fd:00 665521                     /usr/lib/jvm/java-1.7.0-openjdk-1.7.0.45.x86_64/jre/lib/amd64/jli/libjli.so
7f6aeedf3000-7f6aeee0a000 r-xp 00000000 fd:00 54001850                   /lib64/libpthread-2.12.so
7f6aeee0a000-7f6aef00a000 ---p 00017000 fd:00 54001850                   /lib64/libpthread-2.12.so
7f6aef00a000-7f6aef00b000 r--p 00017000 fd:00 54001850                   /lib64/libpthread-2.12.so
7f6aef00b000-7f6aef00c000 rw-p 00018000 fd:00 54001850                   /lib64/libpthread-2.12.so
7f6aef00c000-7f6aef010000 rw-p 00000000 00:00 0 
7f6aef010000-7f6aef030000 r-xp 00000000 fd:00 54001802                   /lib64/ld-2.12.so
7f6aef03d000-7f6aef044000 r--s 00000000 fd:00 154880                     /usr/lib64/gconv/gconv-modules.cache
7f6aef044000-7f6aef045000 r--s 00006000 fd:00 3810754                    /usr/local/lib/openmpi/lib/mpi.jar
7f6aef045000-7f6aef048000 r--s 0000f000 fd:00 665581                     /usr/lib/jvm/java-1.7.0-openjdk-1.7.0.45.x86_64/jre/lib/ext/pulse-java.jar
7f6aef048000-7f6aef051000 r--s 00066000 fd:00 665578                     /usr/lib/jvm/java-1.7.0-openjdk-1.7.0.45.x86_64/jre/lib/ext/gnome-java-bridge.jar
7f6aef051000-7f6aef05c000 rw-p 00000000 00:00 0 
7f6aef05c000-7f6aef0a4000 rw-p 00000000 00:00 0 
7f6aef0a4000-7f6aef0f9000 r--s 00000000 fd:00 44565450                   /var/db/nscd/passwd
7f6aef0f9000-7f6aef0fc000 ---p 00000000 00:00 0 
7f6aef0fc000-7f6aef1fc000 rw-p 00000000 00:00 0 
7f6aef1fd000-7f6aef225000 rw-p 00000000 00:00 0 
7f6aef225000-7f6aef22d000 rw-s 00000000 fd:00 38273394                   /tmp/hsperfdata_andreakl/20957
7f6aef22d000-7f6aef22e000 rw-p 00000000 00:00 0 
7f6aef22e000-7f6aef22f000 r--p 00000000 00:00 0 
7f6aef22f000-7f6aef230000 r--p 0001f000 fd:00 54001802                   /lib64/ld-2.12.so
7f6aef230000-7f6aef231000 rw-p 00020000 fd:00 54001802                   /lib64/ld-2.12.so
7f6aef231000-7f6aef233000 rw-p 00000000 00:00 0 
7fff137ab000-7fff137c0000 rw-p 00000000 00:00 0                          [stack]
7fff137ff000-7fff13800000 r-xp 00000000 00:00 0                          [vdso]
ffffffffff600000-ffffffffff601000 r-xp 00000000 00:00 0                  [vsyscall]

VM Arguments:
jvm_args: -Djava.library.path=/usr/local/lib/openmpi/lib 
java_command: pll_kmeans
Launcher Type: SUN_STANDARD

Environment Variables:
PATH=/usr/lib64/qt-3.3/bin:/usr/kerberos/sbin:/usr/kerberos/bin:/usr/lib64/ccache:/usr/local/bin:/bin:/usr/bin
SHELL=/bin/csh
HOSTTYPE=x86_64-linux
OSTYPE=linux
MACHTYPE=x86_64

Signal Handlers:
SIGSEGV: [libjvm.so+0x9249f0], sa_mask[0]=0x7ffbfeff, sa_flags=0x10000004
SIGBUS: [libjvm.so+0x9249f0], sa_mask[0]=0x7ffbfeff, sa_flags=0x10000004
SIGFPE: [libjvm.so+0x7b25a0], sa_mask[0]=0x7ffbfeff, sa_flags=0x10000004
SIGPIPE: [libjvm.so+0x7b25a0], sa_mask[0]=0x7ffbfeff, sa_flags=0x10000004
SIGXFSZ: [libjvm.so+0x7b25a0], sa_mask[0]=0x7ffbfeff, sa_flags=0x10000004
SIGILL: [libjvm.so+0x7b25a0], sa_mask[0]=0x7ffbfeff, sa_flags=0x10000004
SIGUSR1: SIG_DFL, sa_mask[0]=0x00000000, sa_flags=0x00000000
SIGUSR2: [libjvm.so+0x7b3a30], sa_mask[0]=0x00000000, sa_flags=0x10000004
SIGHUP: [libjvm.so+0x7b4da0], sa_mask[0]=0x7ffbfeff, sa_flags=0x10000004
SIGINT: [libjvm.so+0x7b4da0], sa_mask[0]=0x7ffbfeff, sa_flags=0x10000004
SIGTERM: [libjvm.so+0x7b4da0], sa_mask[0]=0x7ffbfeff, sa_flags=0x10000004
SIGQUIT: [libjvm.so+0x7b4da0], sa_mask[0]=0x7ffbfeff, sa_flags=0x10000004


---------------  S Y S T E M  ---------------

OS:Red Hat Enterprise Linux Workstation release 6.4 (Santiago)

uname:Linux 2.6.32-358.11.1.el6.x86_64 #1 SMP Wed May 15 10:48:38 EDT 2013 x86_64
libc:glibc 2.12 NPTL 2.12 
rlimit: STACK 10240k, CORE 0k, NPROC 1024, NOFILE 4096, AS infinity
load average:0.01 0.14 0.08

/proc/meminfo:
MemTotal:       12193072 kB
MemFree:         8410672 kB
Buffers:           10756 kB
Cached:          2758024 kB
SwapCached:            0 kB
Active:          1380336 kB
Inactive:        1499484 kB
Active(anon):     111812 kB
Inactive(anon):     1092 kB
Active(file):    1268524 kB
Inactive(file):  1498392 kB
Unevictable:           0 kB
Mlocked:               0 kB
SwapTotal:       1023992 kB
SwapFree:        1023992 kB
Dirty:                20 kB
Writeback:             0 kB
AnonPages:        105260 kB
Mapped:            63208 kB
Shmem:              1868 kB
Slab:             751428 kB
SReclaimable:     699408 kB
SUnreclaim:        52020 kB
KernelStack:        2536 kB
PageTables:        12316 kB
NFS_Unstable:          0 kB
Bounce:                0 kB
WritebackTmp:          0 kB
CommitLimit:     7120528 kB
Committed_AS:     852576 kB
VmallocTotal:   34359738367 kB
VmallocUsed:      198300 kB
VmallocChunk:   34359525668 kB
HardwareCorrupted:     0 kB
AnonHugePages:     10240 kB
HugePages_Total:       0
HugePages_Free:        0
HugePages_Rsvd:        0
HugePages_Surp:        0
Hugepagesize:       2048 kB
DirectMap4k:      145380 kB
DirectMap2M:    12435456 kB


CPU:total 4 (4 cores per cpu, 2 threads per core) family 6 model 26 stepping 5, cmov, cx8, fxsr, mmx, sse, sse2, sse3, ssse3, sse4.1, sse4.2, popcnt, ht, tsc, tscinvbit, tscinv

/proc/cpuinfo:
processor	: 0
vendor_id	: GenuineIntel
cpu family	: 6
model		: 26
model name	: Intel(R) Xeon(R) CPU           W3520  @ 2.67GHz
stepping	: 5
cpu MHz		: 2666.641
cache size	: 8192 KB
physical id	: 0
siblings	: 4
core id		: 0
cpu cores	: 4
apicid		: 0
initial apicid	: 0
fpu		: yes
fpu_exception	: yes
cpuid level	: 11
wp		: yes
flags		: fpu vme de pse tsc msr pae mce cx8 apic sep mtrr pge mca cmov pat pse36 clflush dts acpi mmx fxsr sse sse2 ss ht tm pbe syscall nx rdtscp lm constant_tsc arch_perfmon pebs bts rep_good xtopology nonstop_tsc aperfmperf pni dtes64 monitor ds_cpl vmx est tm2 ssse3 cx16 xtpr pdcm dca sse4_1 sse4_2 popcnt lahf_lm ida dts tpr_shadow vnmi flexpriority ept vpid
bogomips	: 5333.28
clflush size	: 64
cache_alignment	: 64
address sizes	: 36 bits physical, 48 bits virtual
power management:

processor	: 1
vendor_id	: GenuineIntel
cpu family	: 6
model		: 26
model name	: Intel(R) Xeon(R) CPU           W3520  @ 2.67GHz
stepping	: 5
cpu MHz		: 2666.641
cache size	: 8192 KB
physical id	: 0
siblings	: 4
core id		: 1
cpu cores	: 4
apicid		: 2
initial apicid	: 2
fpu		: yes
fpu_exception	: yes
cpuid level	: 11
wp		: yes
flags		: fpu vme de pse tsc msr pae mce cx8 apic sep mtrr pge mca cmov pat pse36 clflush dts acpi mmx fxsr sse sse2 ss ht tm pbe syscall nx rdtscp lm constant_tsc arch_perfmon pebs bts rep_good xtopology nonstop_tsc aperfmperf pni dtes64 monitor ds_cpl vmx est tm2 ssse3 cx16 xtpr pdcm dca sse4_1 sse4_2 popcnt lahf_lm ida dts tpr_shadow vnmi flexpriority ept vpid
bogomips	: 5333.28
clflush size	: 64
cache_alignment	: 64
address sizes	: 36 bits physical, 48 bits virtual
power management:

processor	: 2
vendor_id	: GenuineIntel
cpu family	: 6
model		: 26
model name	: Intel(R) Xeon(R) CPU           W3520  @ 2.67GHz
stepping	: 5
cpu MHz		: 2666.641
cache size	: 8192 KB
physical id	: 0
siblings	: 4
core id		: 2
cpu cores	: 4
apicid		: 4
initial apicid	: 4
fpu		: yes
fpu_exception	: yes
cpuid level	: 11
wp		: yes
flags		: fpu vme de pse tsc msr pae mce cx8 apic sep mtrr pge mca cmov pat pse36 clflush dts acpi mmx fxsr sse sse2 ss ht tm pbe syscall nx rdtscp lm constant_tsc arch_perfmon pebs bts rep_good xtopology nonstop_tsc aperfmperf pni dtes64 monitor ds_cpl vmx est tm2 ssse3 cx16 xtpr pdcm dca sse4_1 sse4_2 popcnt lahf_lm ida dts tpr_shadow vnmi flexpriority ept vpid
bogomips	: 5333.28
clflush size	: 64
cache_alignment	: 64
address sizes	: 36 bits physical, 48 bits virtual
power management:

processor	: 3
vendor_id	: GenuineIntel
cpu family	: 6
model		: 26
model name	: Intel(R) Xeon(R) CPU           W3520  @ 2.67GHz
stepping	: 5
cpu MHz		: 2666.641
cache size	: 8192 KB
physical id	: 0
siblings	: 4
core id		: 3
cpu cores	: 4
apicid		: 6
initial apicid	: 6
fpu		: yes
fpu_exception	: yes
cpuid level	: 11
wp		: yes
flags		: fpu vme de pse tsc msr pae mce cx8 apic sep mtrr pge mca cmov pat pse36 clflush dts acpi mmx fxsr sse sse2 ss ht tm pbe syscall nx rdtscp lm constant_tsc arch_perfmon pebs bts rep_good xtopology nonstop_tsc aperfmperf pni dtes64 monitor ds_cpl vmx est tm2 ssse3 cx16 xtpr pdcm dca sse4_1 sse4_2 popcnt lahf_lm ida dts tpr_shadow vnmi flexpriority ept vpid
bogomips	: 5333.28
clflush size	: 64
cache_alignment	: 64
address sizes	: 36 bits physical, 48 bits virtual
power management:



Memory: 4k page, physical 12193072k(8410672k free), swap 1023992k(1023992k free)

vm_info: OpenJDK 64-Bit Server VM (24.45-b08) for linux-amd64 JRE (1.7.0_45-mockbuild_2013_10_21_06_40-b00), built on Oct 21 2013 06:45:57 by "mockbuild" with gcc 4.4.7 20120313 (Red Hat 4.4.7-3)

time: Mon Dec  9 01:20:38 2013
elapsed time: 0 seconds

