#
# A fatal error has been detected by the Java Runtime Environment:
#
#  SIGSEGV (0xb) at pc=0x00007f29520b12bd, pid=12560, tid=139815878817536
#
# JRE version: OpenJDK Runtime Environment (7.0_45-b15) (build 1.7.0_45-mockbuild_2013_10_21_06_40-b00)
# Java VM: OpenJDK 64-Bit Server VM (24.45-b08 mixed mode linux-amd64 compressed oops)
# Problematic frame:
# C  [mca_coll_tuned.so+0x62bd]  ompi_coll_tuned_reduce_intra_dec_fixed+0x1d
#
# Failed to write core dump. Core dumps have been disabled. To enable core dumping, try "ulimit -c unlimited" before starting Java again
#
# If you would like to submit a bug report, please include
# instructions on how to reproduce the bug and visit:
#   http://icedtea.classpath.org/bugzilla
# The crash happened outside the Java Virtual Machine in native code.
# See problematic frame for where to report the bug.
#

---------------  T H R E A D  ---------------

Current thread (0x00007f2964008000):  JavaThread "main" [_thread_in_native, id=12561, stack(0x00007f296bba7000,0x00007f296bca8000)]

siginfo:si_signo=SIGSEGV: si_errno=0, si_code=1 (SEGV_MAPERR), si_addr=0x0000000000000018

Registers:
RAX=0x0000000000000005, RBX=0x0000000000000003, RCX=0x0000000000000000, RDX=0x0000000000000005
RSP=0x00007f296bca6600, RBP=0x00007f295ad85d80, RSI=0x00007f29643288b0, RDI=0x00007f29643293c0
R8 =0x00007f295ad91860, R9 =0x0000000000000000, R10=0x00007f295ad85d80, R11=0x00007f296431c440
R12=0x0000000000000005, R13=0x00007f29643293c0, R14=0x00007f29643288b0, R15=0x00007f296bca6838
RIP=0x00007f29520b12bd, EFLAGS=0x0000000000010206, CSGSFS=0x0000000000000033, ERR=0x0000000000000004
  TRAPNO=0x000000000000000e

Top of Stack: (sp=0x00007f296bca6600)
0x00007f296bca6600:   00007f295ad97000 00007f296bacbfe0
0x00007f296bca6610:   00007f2900000005 0000000000000000
0x00007f296bca6620:   00007f296bca6670 00007f295ad91860
0x00007f296bca6630:   00007f295ad85d80 00007f295ab33af5
0x00007f296bca6640:   00007f295ad85d80 00007f296431c440
0x00007f296bca6650:   000000000000000c 00007f296bad2715
0x00007f296bca6660:   00007f295ad91860 0000000000000000
0x00007f296bca6670:   0000000000000005 00007f29640081d8
0x00007f296bca6680:   00007f295afada60 00007f295ad85d80
0x00007f296bca6690:   000000000000000c 0000000000000000
0x00007f296bca66a0:   00007f296bca6838 00007f295ada30e6
0x00007f296bca66b0:   00007f295ad85d80 00007f2964008000
0x00007f296bca66c0:   000000073baddfb0 00007f2900000000
0x00007f296bca66d0:   00007f29643293c0 00007f29643288b0
0x00007f296bca66e0:   0000000000000000 00007f296bca6828
0x00007f296bca66f0:   00007f2964008000 00007f29643293c0
0x00007f296bca6700:   00007f29643288b0 000000003baddfb0
0x00007f296bca6710:   0000000000000000 000000073baddfb0
0x00007f296bca6720:   00007f296bca67e0 0000000000000000
0x00007f296bca6730:   000000073baddfb0 00007f296bca6840
0x00007f296bca6740:   00007f2964008000 00007f2961012738
0x00007f296bca6750:   00007f2900000005 00007f296bca6810
0x00007f296bca6760:   00007f296bca6808 00007f2900000000
0x00007f296bca6770:   00007f296bca6888 00007f296bca6840
0x00007f296bca6780:   00007f296bca6840 00007f296101d463
0x00007f296bca6790:   00007f2964008000 00007f2900000000
0x00007f296bca67a0:   00007f296bca67a0 000000073baddfb0
0x00007f296bca67b0:   00007f296bca6840 000000073bae49a0
0x00007f296bca67c0:   0000000000000000 000000073baddfb0
0x00007f296bca67d0:   0000000000000000 00007f296bca6800
0x00007f296bca67e0:   00007f296bca6888 00007f2961006058
0x00007f296bca67f0:   0000000000000000 00007f296100ecd8 

Instructions: (pc=0x00007f29520b12bd)
0x00007f29520b129d:   00 00 00 55 53 48 83 ec 28 4c 8b 54 24 40 4c 8b
0x00007f29520b12ad:   5c 24 48 49 8b 82 a8 00 00 00 8b 58 10 48 63 c2
0x00007f29520b12bd:   48 0f af 41 18 41 f6 40 50 20 75 37 48 3d ff 07
0x00007f29520b12cd:   00 00 0f 86 0b 01 00 00 c7 44 24 18 00 00 00 00 

Register to memory mapping:

RAX=0x0000000000000005 is an unknown value
RBX=0x0000000000000003 is an unknown value
RCX=0x0000000000000000 is an unknown value
RDX=0x0000000000000005 is an unknown value
RSP=0x00007f296bca6600 is pointing into the stack for thread: 0x00007f2964008000
RBP=0x00007f295ad85d80: ompi_mpi_comm_world+0 in /usr/local/lib/openmpi/lib/libmpi.so.0 at 0x00007f295aad1000
RSI=0x00007f29643288b0 is an unknown value
RDI=0x00007f29643293c0 is an unknown value
R8 =0x00007f295ad91860: ompi_mpi_op_sum+0 in /usr/local/lib/openmpi/lib/libmpi.so.0 at 0x00007f295aad1000
R9 =0x0000000000000000 is an unknown value
R10=0x00007f295ad85d80: ompi_mpi_comm_world+0 in /usr/local/lib/openmpi/lib/libmpi.so.0 at 0x00007f295aad1000
R11=0x00007f296431c440 is an unknown value
R12=0x0000000000000005 is an unknown value
R13=0x00007f29643293c0 is an unknown value
R14=0x00007f29643288b0 is an unknown value
R15=0x00007f296bca6838 is pointing into the stack for thread: 0x00007f2964008000


Stack: [0x00007f296bba7000,0x00007f296bca8000],  sp=0x00007f296bca6600,  free space=1021k
Native frames: (J=compiled Java code, j=interpreted, Vv=VM code, C=native code)
C  [mca_coll_tuned.so+0x62bd]  ompi_coll_tuned_reduce_intra_dec_fixed+0x1d

Java frames: (J=compiled Java code, j=interpreted, Vv=VM code)
j  mpi.Intracomm.reduce(Ljava/lang/Object;ILjava/lang/Object;IILmpi/Datatype;Lmpi/Op;I)V+0
j  mpi.Intracomm.Reduce(Ljava/lang/Object;ILjava/lang/Object;IILmpi/Datatype;Lmpi/Op;I)V+135
j  pll_kmeans.main([Ljava/lang/String;)V+62
v  ~StubRoutines::call_stub

---------------  P R O C E S S  ---------------

Java Threads: ( => current thread )
  0x00007f29640a4000 JavaThread "Service Thread" daemon [_thread_blocked, id=12572, stack(0x00007f295b0af000,0x00007f295b1b0000)]
  0x00007f29640a2000 JavaThread "C2 CompilerThread1" daemon [_thread_blocked, id=12571, stack(0x00007f295b1b0000,0x00007f295b2b1000)]
  0x00007f296409f000 JavaThread "C2 CompilerThread0" daemon [_thread_blocked, id=12570, stack(0x00007f295b2b1000,0x00007f295b3b2000)]
  0x00007f296409d000 JavaThread "Signal Dispatcher" daemon [_thread_blocked, id=12569, stack(0x00007f295b3b2000,0x00007f295b4b3000)]
  0x00007f2964079800 JavaThread "Finalizer" daemon [_thread_blocked, id=12568, stack(0x00007f295b4b3000,0x00007f295b5b4000)]
  0x00007f2964077800 JavaThread "Reference Handler" daemon [_thread_blocked, id=12567, stack(0x00007f295b5b4000,0x00007f295b6b5000)]
=>0x00007f2964008000 JavaThread "main" [_thread_in_native, id=12561, stack(0x00007f296bba7000,0x00007f296bca8000)]

Other Threads:
  0x00007f2964073000 VMThread [stack: 0x00007f295b6b5000,0x00007f295b7b6000] [id=12566]
  0x00007f29640af000 WatcherThread [stack: 0x00007f295afae000,0x00007f295b0af000] [id=12573]

VM state:not at safepoint (normal execution)

VM Mutex/Monitor currently owned by a thread: None

Heap
 PSYoungGen      total 55808K, used 962K [0x00000007c1f00000, 0x00000007c5d00000, 0x0000000800000000)
  eden space 48128K, 2% used [0x00000007c1f00000,0x00000007c1ff0aa8,0x00000007c4e00000)
  from space 7680K, 0% used [0x00000007c5580000,0x00000007c5580000,0x00000007c5d00000)
  to   space 7680K, 0% used [0x00000007c4e00000,0x00000007c4e00000,0x00000007c5580000)
 ParOldGen       total 126976K, used 0K [0x0000000745e00000, 0x000000074da00000, 0x00000007c1f00000)
  object space 126976K, 0% used [0x0000000745e00000,0x0000000745e00000,0x000000074da00000)
 PSPermGen       total 21504K, used 2990K [0x000000073b800000, 0x000000073cd00000, 0x0000000745e00000)
  object space 21504K, 13% used [0x000000073b800000,0x000000073baebb58,0x000000073cd00000)

Card table byte_map: [0x00007f2968a47000,0x00007f296906c000] byte_map_base: 0x00007f296506b000

Polling page: 0x00007f296bcdc000

Code Cache  [0x00007f2961000000, 0x00007f2961270000, 0x00007f2964000000)
 total_blobs=189 nmethods=0 adapters=159 free_code_cache=48760Kb largest_free_block=49931136

Compilation events (0 events):
No events

GC Heap History (0 events):
No events

Deoptimization events (0 events):
No events

Internal exceptions (10 events):
Event: 0.062 Thread 0x00007f2964008000 Threw 0x00000007c1f62608 at /builddir/build/BUILD/java-1.7.0-openjdk/openjdk/hotspot/src/share/vm/prims/jvm.cpp:1244
Event: 0.063 Thread 0x00007f2964008000 Threw 0x00000007c1f64f80 at /builddir/build/BUILD/java-1.7.0-openjdk/openjdk/hotspot/src/share/vm/prims/jvm.cpp:1244
Event: 0.065 Thread 0x00007f2964008000 Threw 0x00000007c1f687e8 at /builddir/build/BUILD/java-1.7.0-openjdk/openjdk/hotspot/src/share/vm/prims/jvm.cpp:1244
Event: 0.065 Thread 0x00007f2964008000 Threw 0x00000007c1f70430 at /builddir/build/BUILD/java-1.7.0-openjdk/openjdk/hotspot/src/share/vm/prims/jvm.cpp:1244
Event: 0.065 Thread 0x00007f2964008000 Threw 0x00000007c1f72020 at /builddir/build/BUILD/java-1.7.0-openjdk/openjdk/hotspot/src/share/vm/prims/jvm.cpp:1244
Event: 0.066 Thread 0x00007f2964008000 Threw 0x00000007c1f74778 at /builddir/build/BUILD/java-1.7.0-openjdk/openjdk/hotspot/src/share/vm/prims/jvm.cpp:1244
Event: 0.066 Thread 0x00007f2964008000 Threw 0x00000007c1f76ea8 at /builddir/build/BUILD/java-1.7.0-openjdk/openjdk/hotspot/src/share/vm/prims/jvm.cpp:1244
Event: 0.067 Thread 0x00007f2964008000 Threw 0x00000007c1f7afe0 at /builddir/build/BUILD/java-1.7.0-openjdk/openjdk/hotspot/src/share/vm/prims/jvm.cpp:1244
Event: 0.067 Thread 0x00007f2964008000 Threw 0x00000007c1f7c960 at /builddir/build/BUILD/java-1.7.0-openjdk/openjdk/hotspot/src/share/vm/prims/jvm.cpp:1244
Event: 0.068 Thread 0x00007f2964008000 Threw 0x00000007c1f841d0 at /builddir/build/BUILD/java-1.7.0-openjdk/openjdk/hotspot/src/share/vm/prims/jvm.cpp:1244

Events (10 events):
Event: 0.067 loading class 0x00007f29640e0260
Event: 0.067 loading class 0x00007f29640e0260 done
Event: 0.067 loading class 0x00007f29640bd190
Event: 0.067 loading class 0x00007f29640bd190 done
Event: 0.068 loading class 0x00007f29640ec0b0
Event: 0.068 loading class 0x00007f29640ec0b0 done
Event: 0.069 loading class 0x00007f296400b950
Event: 0.069 loading class 0x00007f29640ce1c0
Event: 0.069 loading class 0x00007f29640ce1c0 done
Event: 0.069 loading class 0x00007f296400b950 done


Dynamic libraries:
00400000-00401000 r-xp 00000000 fd:00 18357838                           /usr/lib/jvm/java-1.7.0-openjdk-1.7.0.45.x86_64/jre/bin/java
00600000-00601000 rw-p 00000000 fd:00 18357838                           /usr/lib/jvm/java-1.7.0-openjdk-1.7.0.45.x86_64/jre/bin/java
00683000-006a4000 rw-p 00000000 00:00 0                                  [heap]
73b800000-73cd00000 rw-p 00000000 00:00 0 
73cd00000-745e00000 rw-p 00000000 00:00 0 
745e00000-74da00000 rw-p 00000000 00:00 0 
74da00000-7c1f00000 rw-p 00000000 00:00 0 
7c1f00000-7c5d00000 rw-p 00000000 00:00 0 
7c5d00000-800000000 rw-p 00000000 00:00 0 
7f2914000000-7f2914021000 rw-p 00000000 00:00 0 
7f2914021000-7f2918000000 ---p 00000000 00:00 0 
7f291c000000-7f291c021000 rw-p 00000000 00:00 0 
7f291c021000-7f2920000000 ---p 00000000 00:00 0 
7f2920000000-7f2920021000 rw-p 00000000 00:00 0 
7f2920021000-7f2924000000 ---p 00000000 00:00 0 
7f2924000000-7f2924021000 rw-p 00000000 00:00 0 
7f2924021000-7f2928000000 ---p 00000000 00:00 0 
7f292a16f000-7f2930000000 r--p 00000000 fd:00 17580737                   /usr/lib/locale/locale-archive
7f2930000000-7f2930021000 rw-p 00000000 00:00 0 
7f2930021000-7f2934000000 ---p 00000000 00:00 0 
7f2934000000-7f2934021000 rw-p 00000000 00:00 0 
7f2934021000-7f2938000000 ---p 00000000 00:00 0 
7f2938000000-7f2938021000 rw-p 00000000 00:00 0 
7f2938021000-7f293c000000 ---p 00000000 00:00 0 
7f293ddc0000-7f2944000000 rw-p 00000000 00:00 0 
7f2944000000-7f2944021000 rw-p 00000000 00:00 0 
7f2944021000-7f2948000000 ---p 00000000 00:00 0 
7f2948000000-7f2948021000 rw-p 00000000 00:00 0 
7f2948021000-7f294c000000 ---p 00000000 00:00 0 
7f294c000000-7f294c021000 rw-p 00000000 00:00 0 
7f294c021000-7f2950000000 ---p 00000000 00:00 0 
7f2951e9d000-7f2951eaa000 r-xp 00000000 fd:00 25697494                   /usr/local/lib/openmpi/lib/openmpi/mca_osc_rdma.so
7f2951eaa000-7f29520aa000 ---p 0000d000 fd:00 25697494                   /usr/local/lib/openmpi/lib/openmpi/mca_osc_rdma.so
7f29520aa000-7f29520ab000 rw-p 0000d000 fd:00 25697494                   /usr/local/lib/openmpi/lib/openmpi/mca_osc_rdma.so
7f29520ab000-7f29520c7000 r-xp 00000000 fd:00 25697411                   /usr/local/lib/openmpi/lib/openmpi/mca_coll_tuned.so
7f29520c7000-7f29522c6000 ---p 0001c000 fd:00 25697411                   /usr/local/lib/openmpi/lib/openmpi/mca_coll_tuned.so
7f29522c6000-7f29522c8000 rw-p 0001b000 fd:00 25697411                   /usr/local/lib/openmpi/lib/openmpi/mca_coll_tuned.so
7f29522c8000-7f29522cd000 r-xp 00000000 fd:00 25697409                   /usr/local/lib/openmpi/lib/openmpi/mca_coll_sm.so
7f29522cd000-7f29524cc000 ---p 00005000 fd:00 25697409                   /usr/local/lib/openmpi/lib/openmpi/mca_coll_sm.so
7f29524cc000-7f29524cd000 rw-p 00004000 fd:00 25697409                   /usr/local/lib/openmpi/lib/openmpi/mca_coll_sm.so
7f29524e5000-7f29524ef000 r-xp 00000000 fd:00 25697492                   /usr/local/lib/openmpi/lib/openmpi/mca_osc_pt2pt.so
7f29524ef000-7f29526ef000 ---p 0000a000 fd:00 25697492                   /usr/local/lib/openmpi/lib/openmpi/mca_osc_pt2pt.so
7f29526ef000-7f29526f0000 rw-p 0000a000 fd:00 25697492                   /usr/local/lib/openmpi/lib/openmpi/mca_osc_pt2pt.so
7f29526f0000-7f2952701000 r-xp 00000000 fd:00 25697403                   /usr/local/lib/openmpi/lib/openmpi/mca_coll_libnbc.so
7f2952701000-7f2952901000 ---p 00011000 fd:00 25697403                   /usr/local/lib/openmpi/lib/openmpi/mca_coll_libnbc.so
7f2952901000-7f2952902000 rw-p 00011000 fd:00 25697403                   /usr/local/lib/openmpi/lib/openmpi/mca_coll_libnbc.so
7f2952902000-7f2952905000 r-xp 00000000 fd:00 25697401                   /usr/local/lib/openmpi/lib/openmpi/mca_coll_inter.so
7f2952905000-7f2952b05000 ---p 00003000 fd:00 25697401                   /usr/local/lib/openmpi/lib/openmpi/mca_coll_inter.so
7f2952b05000-7f2952b06000 rw-p 00003000 fd:00 25697401                   /usr/local/lib/openmpi/lib/openmpi/mca_coll_inter.so
7f2952b06000-7f2952b0f000 r-xp 00000000 fd:00 25697397                   /usr/local/lib/openmpi/lib/openmpi/mca_coll_basic.so
7f2952b0f000-7f2952d0f000 ---p 00009000 fd:00 25697397                   /usr/local/lib/openmpi/lib/openmpi/mca_coll_basic.so
7f2952d0f000-7f2952d10000 rw-p 00009000 fd:00 25697397                   /usr/local/lib/openmpi/lib/openmpi/mca_coll_basic.so
7f2952d10000-7f2952d1c000 r-xp 00000000 fd:00 25697395                   /usr/local/lib/openmpi/lib/openmpi/mca_btl_tcp.so
7f2952d1c000-7f2952f1b000 ---p 0000c000 fd:00 25697395                   /usr/local/lib/openmpi/lib/openmpi/mca_btl_tcp.so
7f2952f1b000-7f2952f1d000 rw-p 0000b000 fd:00 25697395                   /usr/local/lib/openmpi/lib/openmpi/mca_btl_tcp.so
7f2952f1d000-7f2952f9d000 rw-p 00000000 00:00 0 
7f2952f9d000-7f2952fa0000 r-xp 00000000 fd:00 25697391                   /usr/local/lib/openmpi/lib/openmpi/mca_btl_self.so
7f2952fa0000-7f29531a0000 ---p 00003000 fd:00 25697391                   /usr/local/lib/openmpi/lib/openmpi/mca_btl_self.so
7f29531a0000-7f29531a1000 rw-p 00003000 fd:00 25697391                   /usr/local/lib/openmpi/lib/openmpi/mca_btl_self.so
7f29531a1000-7f29531a4000 r-xp 00000000 fd:00 25697389                   /usr/local/lib/openmpi/lib/openmpi/mca_bml_r2.so
7f29531a4000-7f29533a4000 ---p 00003000 fd:00 25697389                   /usr/local/lib/openmpi/lib/openmpi/mca_bml_r2.so
7f29533a4000-7f29533a5000 rw-p 00003000 fd:00 25697389                   /usr/local/lib/openmpi/lib/openmpi/mca_bml_r2.so
7f29535ad000-7f29535c4000 r-xp 00000000 fd:00 25697506                   /usr/local/lib/openmpi/lib/openmpi/mca_pml_ob1.so
7f29535c4000-7f29537c3000 ---p 00017000 fd:00 25697506                   /usr/local/lib/openmpi/lib/openmpi/mca_pml_ob1.so
7f29537c3000-7f29537c5000 rw-p 00016000 fd:00 25697506                   /usr/local/lib/openmpi/lib/openmpi/mca_pml_ob1.so
7f29537d2000-7f29537d9000 r-xp 00000000 fd:00 25697431                   /usr/local/lib/openmpi/lib/openmpi/mca_dpm_orte.so
7f29537d9000-7f29539d9000 ---p 00007000 fd:00 25697431                   /usr/local/lib/openmpi/lib/openmpi/mca_dpm_orte.so
7f29539d9000-7f29539da000 rw-p 00007000 fd:00 25697431                   /usr/local/lib/openmpi/lib/openmpi/mca_dpm_orte.so
7f29539da000-7f29539e0000 r-xp 00000000 fd:00 25697399                   /usr/local/lib/openmpi/lib/openmpi/mca_coll_hierarch.so
7f29539e0000-7f2953bdf000 ---p 00006000 fd:00 25697399                   /usr/local/lib/openmpi/lib/openmpi/mca_coll_hierarch.so
7f2953bdf000-7f2953be0000 rw-p 00005000 fd:00 25697399                   /usr/local/lib/openmpi/lib/openmpi/mca_coll_hierarch.so
7f2953bfb000-7f2953bfe000 r-xp 00000000 fd:00 25697510                   /usr/local/lib/openmpi/lib/openmpi/mca_pubsub_orte.so
7f2953bfe000-7f2953dfd000 ---p 00003000 fd:00 25697510                   /usr/local/lib/openmpi/lib/openmpi/mca_pubsub_orte.so
7f2953dfd000-7f2953dfe000 rw-p 00002000 fd:00 25697510                   /usr/local/lib/openmpi/lib/openmpi/mca_pubsub_orte.so
7f2953dfe000-7f2953e00000 r-xp 00000000 fd:00 25697361                   /usr/local/lib/openmpi/lib/libmca_common_sm.so.0.0.0
7f2953e00000-7f2953fff000 ---p 00002000 fd:00 25697361                   /usr/local/lib/openmpi/lib/libmca_common_sm.so.0.0.0
7f2953fff000-7f2954000000 rw-p 00001000 fd:00 25697361                   /usr/local/lib/openmpi/lib/libmca_common_sm.so.0.0.0
7f2954000000-7f2954021000 rw-p 00000000 00:00 0 
7f2954021000-7f2958000000 ---p 00000000 00:00 0 
7f295814e000-7f2958150000 r-xp 00000000 fd:00 25697486                   /usr/local/lib/openmpi/lib/openmpi/mca_mpool_sm.so
7f2958150000-7f295834f000 ---p 00002000 fd:00 25697486                   /usr/local/lib/openmpi/lib/openmpi/mca_mpool_sm.so
7f295834f000-7f2958350000 rw-p 00001000 fd:00 25697486                   /usr/local/lib/openmpi/lib/openmpi/mca_mpool_sm.so
7f2958350000-7f2958353000 r-xp 00000000 fd:00 25697484                   /usr/local/lib/openmpi/lib/openmpi/mca_mpool_grdma.so
7f2958353000-7f2958553000 ---p 00003000 fd:00 25697484                   /usr/local/lib/openmpi/lib/openmpi/mca_mpool_grdma.so
7f2958553000-7f2958554000 rw-p 00003000 fd:00 25697484                   /usr/local/lib/openmpi/lib/openmpi/mca_mpool_grdma.so
7f2958554000-7f2958557000 r-xp 00000000 fd:00 25697522                   /usr/local/lib/openmpi/lib/openmpi/mca_rcache_vma.so
7f2958557000-7f2958757000 ---p 00003000 fd:00 25697522                   /usr/local/lib/openmpi/lib/openmpi/mca_rcache_vma.so
7f2958757000-7f2958758000 rw-p 00003000 fd:00 25697522                   /usr/local/lib/openmpi/lib/openmpi/mca_rcache_vma.so
7f2958758000-7f295875a000 r-xp 00000000 fd:00 25697383                   /usr/local/lib/openmpi/lib/openmpi/mca_allocator_bucket.so
7f295875a000-7f2958959000 ---p 00002000 fd:00 25697383                   /usr/local/lib/openmpi/lib/openmpi/mca_allocator_bucket.so
7f2958959000-7f295895a000 rw-p 00001000 fd:00 25697383                   /usr/local/lib/openmpi/lib/openmpi/mca_allocator_bucket.so
7f295895a000-7f295895c000 r-xp 00000000 fd:00 25697381                   /usr/local/lib/openmpi/lib/openmpi/mca_allocator_basic.so
7f295895c000-7f2958b5b000 ---p 00002000 fd:00 25697381                   /usr/local/lib/openmpi/lib/openmpi/mca_allocator_basic.so
7f2958b5b000-7f2958b5c000 rw-p 00001000 fd:00 25697381                   /usr/local/lib/openmpi/lib/openmpi/mca_allocator_basic.so
7f2958b5c000-7f2958b5e000 r-xp 00000000 fd:00 25697468                   /usr/local/lib/openmpi/lib/openmpi/mca_grpcomm_bad.so
7f2958b5e000-7f2958d5d000 ---p 00002000 fd:00 25697468                   /usr/local/lib/openmpi/lib/openmpi/mca_grpcomm_bad.so
7f2958d5d000-7f2958d5e000 rw-p 00001000 fd:00 25697468                   /usr/local/lib/openmpi/lib/openmpi/mca_grpcomm_bad.so
7f2958d5e000-7f2958d60000 r-xp 00000000 fd:00 25697423                   /usr/local/lib/openmpi/lib/openmpi/mca_db_print.so
7f2958d60000-7f2958f5f000 ---p 00002000 fd:00 25697423                   /usr/local/lib/openmpi/lib/openmpi/mca_db_print.so
7f2958f5f000-7f2958f60000 rw-p 00001000 fd:00 25697423                   /usr/local/lib/openmpi/lib/openmpi/mca_db_print.so
7f2958f60000-7f2958f63000 r-xp 00000000 fd:00 25697421                   /usr/local/lib/openmpi/lib/openmpi/mca_db_hash.so
7f2958f63000-7f2959163000 ---p 00003000 fd:00 25697421                   /usr/local/lib/openmpi/lib/openmpi/mca_db_hash.so
7f2959163000-7f2959164000 rw-p 00003000 fd:00 25697421                   /usr/local/lib/openmpi/lib/openmpi/mca_db_hash.so
7f2959164000-7f2959173000 r-xp 00000000 fd:00 25697490                   /usr/local/lib/openmpi/lib/openmpi/mca_oob_tcp.so
7f2959173000-7f2959373000 ---p 0000f000 fd:00 25697490                   /usr/local/lib/openmpi/lib/openmpi/mca_oob_tcp.so
7f2959373000-7f2959375000 rw-p 0000f000 fd:00 25697490                   /usr/local/lib/openmpi/lib/openmpi/mca_oob_tcp.so
7f2959375000-7f295937b000 r-xp 00000000 fd:00 25697540                   /usr/local/lib/openmpi/lib/openmpi/mca_rml_oob.so
7f295937b000-7f295957a000 ---p 00006000 fd:00 25697540                   /usr/local/lib/openmpi/lib/openmpi/mca_rml_oob.so
7f295957a000-7f295957b000 rw-p 00005000 fd:00 25697540                   /usr/local/lib/openmpi/lib/openmpi/mca_rml_oob.so
7f295957c000-7f295957e000 r-xp 00000000 fd:00 25697407                   /usr/local/lib/openmpi/lib/openmpi/mca_coll_self.so
7f295957e000-7f295977d000 ---p 00002000 fd:00 25697407                   /usr/local/lib/openmpi/lib/openmpi/mca_coll_self.so
7f295977d000-7f295977e000 rw-p 00001000 fd:00 25697407                   /usr/local/lib/openmpi/lib/openmpi/mca_coll_self.so
7f295977e000-7f2959781000 r-xp 00000000 fd:00 25697542                   /usr/local/lib/openmpi/lib/openmpi/mca_routed_binomial.so
7f2959781000-7f2959981000 ---p 00003000 fd:00 25697542                   /usr/local/lib/openmpi/lib/openmpi/mca_routed_binomial.so
7f2959981000-7f2959982000 rw-p 00003000 fd:00 25697542                   /usr/local/lib/openmpi/lib/openmpi/mca_routed_binomial.so
7f2959982000-7f2959984000 r-xp 00000000 fd:00 25697433                   /usr/local/lib/openmpi/lib/openmpi/mca_errmgr_default_app.so
7f2959984000-7f2959b83000 ---p 00002000 fd:00 25697433                   /usr/local/lib/openmpi/lib/openmpi/mca_errmgr_default_app.so
7f2959b83000-7f2959b84000 rw-p 00001000 fd:00 25697433                   /usr/local/lib/openmpi/lib/openmpi/mca_errmgr_default_app.so
7f2959b84000-7f2959b85000 r-xp 00000000 fd:00 25697566                   /usr/local/lib/openmpi/lib/openmpi/mca_state_app.so
7f2959b85000-7f2959d85000 ---p 00001000 fd:00 25697566                   /usr/local/lib/openmpi/lib/openmpi/mca_state_app.so
7f2959d85000-7f2959d86000 rw-p 00001000 fd:00 25697566                   /usr/local/lib/openmpi/lib/openmpi/mca_state_app.so
7f2959d86000-7f2959d88000 r-xp 00000000 fd:00 25697439                   /usr/local/lib/openmpi/lib/openmpi/mca_ess_env.so
7f2959d88000-7f2959f87000 ---p 00002000 fd:00 25697439                   /usr/local/lib/openmpi/lib/openmpi/mca_ess_env.so
7f2959f87000-7f2959f88000 rw-p 00001000 fd:00 25697439                   /usr/local/lib/openmpi/lib/openmpi/mca_ess_env.so
7f2959f88000-7f2959f8b000 r-xp 00000000 fd:00 25697560                   /usr/local/lib/openmpi/lib/openmpi/mca_shmem_mmap.so
7f2959f8b000-7f295a18a000 ---p 00003000 fd:00 25697560                   /usr/local/lib/openmpi/lib/openmpi/mca_shmem_mmap.so
7f295a18a000-7f295a18b000 rw-p 00002000 fd:00 25697560                   /usr/local/lib/openmpi/lib/openmpi/mca_shmem_mmap.so
7f295a18b000-7f295a18d000 r-xp 00000000 fd:00 6553791                    /lib64/libutil-2.12.so
7f295a18d000-7f295a38c000 ---p 00002000 fd:00 6553791                    /lib64/libutil-2.12.so
7f295a38c000-7f295a38d000 r--p 00001000 fd:00 6553791                    /lib64/libutil-2.12.so
7f295a38d000-7f295a38e000 rw-p 00002000 fd:00 6553791                    /lib64/libutil-2.12.so
7f295a38e000-7f295a3a4000 r-xp 00000000 fd:00 6553806                    /lib64/libnsl-2.12.so
7f295a3a4000-7f295a5a3000 ---p 00016000 fd:00 6553806                    /lib64/libnsl-2.12.so
7f295a5a3000-7f295a5a4000 r--p 00015000 fd:00 6553806                    /lib64/libnsl-2.12.so
7f295a5a4000-7f295a5a5000 rw-p 00016000 fd:00 6553806                    /lib64/libnsl-2.12.so
7f295a5a5000-7f295a5a7000 rw-p 00000000 00:00 0 
7f295a5a7000-7f295a654000 r-xp 00000000 fd:00 25697373                   /usr/local/lib/openmpi/lib/libopen-pal.so.0.0.0
7f295a654000-7f295a854000 ---p 000ad000 fd:00 25697373                   /usr/local/lib/openmpi/lib/libopen-pal.so.0.0.0
7f295a854000-7f295a85b000 rw-p 000ad000 fd:00 25697373                   /usr/local/lib/openmpi/lib/libopen-pal.so.0.0.0
7f295a85b000-7f295a861000 rw-p 00000000 00:00 0 
7f295a861000-7f295a8cc000 r-xp 00000000 fd:00 25697375                   /usr/local/lib/openmpi/lib/libopen-rte.so.0.0.0
7f295a8cc000-7f295aacc000 ---p 0006b000 fd:00 25697375                   /usr/local/lib/openmpi/lib/libopen-rte.so.0.0.0
7f295aacc000-7f295aad0000 rw-p 0006b000 fd:00 25697375                   /usr/local/lib/openmpi/lib/libopen-rte.so.0.0.0
7f295aad0000-7f295aad1000 rw-p 00000000 00:00 0 
7f295aad1000-7f295ab74000 r-xp 00000000 fd:00 25697363                   /usr/local/lib/openmpi/lib/libmpi.so.0.0.0
7f295ab74000-7f295ad74000 ---p 000a3000 fd:00 25697363                   /usr/local/lib/openmpi/lib/libmpi.so.0.0.0
7f295ad74000-7f295ad85000 rw-p 000a3000 fd:00 25697363                   /usr/local/lib/openmpi/lib/libmpi.so.0.0.0
7f295ad85000-7f295ad97000 rw-p 00000000 00:00 0 
7f295ad97000-7f295adad000 r-xp 00000000 fd:00 25697365                   /usr/local/lib/openmpi/lib/libmpi_java.so.0.0.0
7f295adad000-7f295afad000 ---p 00016000 fd:00 25697365                   /usr/local/lib/openmpi/lib/libmpi_java.so.0.0.0
7f295afad000-7f295afae000 rw-p 00016000 fd:00 25697365                   /usr/local/lib/openmpi/lib/libmpi_java.so.0.0.0
7f295afae000-7f295afaf000 ---p 00000000 00:00 0 
7f295afaf000-7f295b0af000 rw-p 00000000 00:00 0 
7f295b0af000-7f295b0b2000 ---p 00000000 00:00 0 
7f295b0b2000-7f295b1b0000 rw-p 00000000 00:00 0 
7f295b1b0000-7f295b1b3000 ---p 00000000 00:00 0 
7f295b1b3000-7f295b2b1000 rw-p 00000000 00:00 0 
7f295b2b1000-7f295b2b4000 ---p 00000000 00:00 0 
7f295b2b4000-7f295b3b2000 rw-p 00000000 00:00 0 
7f295b3b2000-7f295b3b5000 ---p 00000000 00:00 0 
7f295b3b5000-7f295b4b3000 rw-p 00000000 00:00 0 
7f295b4b3000-7f295b4b6000 ---p 00000000 00:00 0 
7f295b4b6000-7f295b5b4000 rw-p 00000000 00:00 0 
7f295b5b4000-7f295b5b7000 ---p 00000000 00:00 0 
7f295b5b7000-7f295b6b5000 rw-p 00000000 00:00 0 
7f295b6b5000-7f295b6b6000 ---p 00000000 00:00 0 
7f295b6b6000-7f295c000000 rw-p 00000000 00:00 0 
7f295c000000-7f295c021000 rw-p 00000000 00:00 0 
7f295c021000-7f2960000000 ---p 00000000 00:00 0 
7f29600e5000-7f296082e000 rw-p 00000000 00:00 0 
7f296082e000-7f29609dc000 r--s 03e5e000 fd:00 19015505                   /usr/lib/jvm/java-1.7.0-openjdk-1.7.0.45.x86_64/jre/lib/rt.jar
7f29609dc000-7f2961000000 rw-p 00000000 00:00 0 
7f2961000000-7f2961270000 rwxp 00000000 00:00 0 
7f2961270000-7f296432a000 rw-p 00000000 00:00 0 
7f296432a000-7f2968000000 ---p 00000000 00:00 0 
7f29680f6000-7f296820f000 rw-p 00000000 00:00 0 
7f296820f000-7f2968210000 ---p 00000000 00:00 0 
7f2968210000-7f2968310000 rw-p 00000000 00:00 0 
7f2968310000-7f2968311000 ---p 00000000 00:00 0 
7f2968311000-7f2968411000 rw-p 00000000 00:00 0 
7f2968411000-7f2968412000 ---p 00000000 00:00 0 
7f2968412000-7f2968512000 rw-p 00000000 00:00 0 
7f2968512000-7f2968513000 ---p 00000000 00:00 0 
7f2968513000-7f296861e000 rw-p 00000000 00:00 0 
7f296861e000-7f2968666000 rw-p 00000000 00:00 0 
7f2968666000-7f29686a4000 rw-p 00000000 00:00 0 
7f29686a4000-7f2968a47000 rw-p 00000000 00:00 0 
7f2968a47000-7f2968a52000 rw-p 00000000 00:00 0 
7f2968a52000-7f2968a9a000 rw-p 00000000 00:00 0 
7f2968a9a000-7f2968ad8000 rw-p 00000000 00:00 0 
7f2968ad8000-7f2968e7a000 rw-p 00000000 00:00 0 
7f2968e7a000-7f2968e9a000 rw-p 00000000 00:00 0 
7f2968e9a000-7f296906b000 rw-p 00000000 00:00 0 
7f296906b000-7f2969076000 rw-p 00000000 00:00 0 
7f2969076000-7f296912c000 rw-p 00000000 00:00 0 
7f296912c000-7f2969134000 r-xp 00000000 fd:00 19015486                   /usr/lib/jvm/java-1.7.0-openjdk-1.7.0.45.x86_64/jre/lib/amd64/libzip.so
7f2969134000-7f2969333000 ---p 00008000 fd:00 19015486                   /usr/lib/jvm/java-1.7.0-openjdk-1.7.0.45.x86_64/jre/lib/amd64/libzip.so
7f2969333000-7f2969334000 rw-p 00007000 fd:00 19015486                   /usr/lib/jvm/java-1.7.0-openjdk-1.7.0.45.x86_64/jre/lib/amd64/libzip.so
7f2969334000-7f296935d000 r-xp 00000000 fd:00 19011567                   /usr/lib/jvm/java-1.7.0-openjdk-1.7.0.45.x86_64/jre/lib/amd64/libjava.so
7f296935d000-7f296955c000 ---p 00029000 fd:00 19011567                   /usr/lib/jvm/java-1.7.0-openjdk-1.7.0.45.x86_64/jre/lib/amd64/libjava.so
7f296955c000-7f296955e000 rw-p 00028000 fd:00 19011567                   /usr/lib/jvm/java-1.7.0-openjdk-1.7.0.45.x86_64/jre/lib/amd64/libjava.so
7f296955e000-7f296956b000 r-xp 00000000 fd:00 19015485                   /usr/lib/jvm/java-1.7.0-openjdk-1.7.0.45.x86_64/jre/lib/amd64/libverify.so
7f296956b000-7f296976b000 ---p 0000d000 fd:00 19015485                   /usr/lib/jvm/java-1.7.0-openjdk-1.7.0.45.x86_64/jre/lib/amd64/libverify.so
7f296976b000-7f296976d000 rw-p 0000d000 fd:00 19015485                   /usr/lib/jvm/java-1.7.0-openjdk-1.7.0.45.x86_64/jre/lib/amd64/libverify.so
7f296976d000-7f2969774000 r-xp 00000000 fd:00 6553811                    /lib64/librt-2.12.so
7f2969774000-7f2969973000 ---p 00007000 fd:00 6553811                    /lib64/librt-2.12.so
7f2969973000-7f2969974000 r--p 00006000 fd:00 6553811                    /lib64/librt-2.12.so
7f2969974000-7f2969975000 rw-p 00007000 fd:00 6553811                    /lib64/librt-2.12.so
7f2969975000-7f296998b000 r-xp 00000000 fd:00 6553603                    /lib64/libgcc_s-4.4.7-20120601.so.1
7f296998b000-7f2969b8a000 ---p 00016000 fd:00 6553603                    /lib64/libgcc_s-4.4.7-20120601.so.1
7f2969b8a000-7f2969b8b000 rw-p 00015000 fd:00 6553603                    /lib64/libgcc_s-4.4.7-20120601.so.1
7f2969b8b000-7f2969c0e000 r-xp 00000000 fd:00 6553805                    /lib64/libm-2.12.so
7f2969c0e000-7f2969e0d000 ---p 00083000 fd:00 6553805                    /lib64/libm-2.12.so
7f2969e0d000-7f2969e0e000 r--p 00082000 fd:00 6553805                    /lib64/libm-2.12.so
7f2969e0e000-7f2969e0f000 rw-p 00083000 fd:00 6553805                    /lib64/libm-2.12.so
7f2969e0f000-7f2969ef7000 r-xp 00000000 fd:00 17566264                   /usr/lib64/libstdc++.so.6.0.13
7f2969ef7000-7f296a0f7000 ---p 000e8000 fd:00 17566264                   /usr/lib64/libstdc++.so.6.0.13
7f296a0f7000-7f296a0fe000 r--p 000e8000 fd:00 17566264                   /usr/lib64/libstdc++.so.6.0.13
7f296a0fe000-7f296a100000 rw-p 000ef000 fd:00 17566264                   /usr/lib64/libstdc++.so.6.0.13
7f296a100000-7f296a115000 rw-p 00000000 00:00 0 
7f296a115000-7f296abff000 r-xp 00000000 fd:00 19276777                   /usr/lib/jvm/java-1.7.0-openjdk-1.7.0.45.x86_64/jre/lib/amd64/server/libjvm.so
7f296abff000-7f296adff000 ---p 00aea000 fd:00 19276777                   /usr/lib/jvm/java-1.7.0-openjdk-1.7.0.45.x86_64/jre/lib/amd64/server/libjvm.so
7f296adff000-7f296aeba000 rw-p 00aea000 fd:00 19276777                   /usr/lib/jvm/java-1.7.0-openjdk-1.7.0.45.x86_64/jre/lib/amd64/server/libjvm.so
7f296aeba000-7f296aee7000 rw-p 00000000 00:00 0 
7f296aee7000-7f296aefc000 r-xp 00000000 fd:00 6553719                    /lib64/libz.so.1.2.3
7f296aefc000-7f296b0fb000 ---p 00015000 fd:00 6553719                    /lib64/libz.so.1.2.3
7f296b0fb000-7f296b0fc000 r--p 00014000 fd:00 6553719                    /lib64/libz.so.1.2.3
7f296b0fc000-7f296b0fd000 rw-p 00015000 fd:00 6553719                    /lib64/libz.so.1.2.3
7f296b0fd000-7f296b287000 r-xp 00000000 fd:00 6553632                    /lib64/libc-2.12.so
7f296b287000-7f296b486000 ---p 0018a000 fd:00 6553632                    /lib64/libc-2.12.so
7f296b486000-7f296b48a000 r--p 00189000 fd:00 6553632                    /lib64/libc-2.12.so
7f296b48a000-7f296b48b000 rw-p 0018d000 fd:00 6553632                    /lib64/libc-2.12.so
7f296b48b000-7f296b490000 rw-p 00000000 00:00 0 
7f296b490000-7f296b492000 r-xp 00000000 fd:00 6553803                    /lib64/libdl-2.12.so
7f296b492000-7f296b692000 ---p 00002000 fd:00 6553803                    /lib64/libdl-2.12.so
7f296b692000-7f296b693000 r--p 00002000 fd:00 6553803                    /lib64/libdl-2.12.so
7f296b693000-7f296b694000 rw-p 00003000 fd:00 6553803                    /lib64/libdl-2.12.so
7f296b694000-7f296b6a1000 r-xp 00000000 fd:00 19276773                   /usr/lib/jvm/java-1.7.0-openjdk-1.7.0.45.x86_64/jre/lib/amd64/jli/libjli.so
7f296b6a1000-7f296b8a0000 ---p 0000d000 fd:00 19276773                   /usr/lib/jvm/java-1.7.0-openjdk-1.7.0.45.x86_64/jre/lib/amd64/jli/libjli.so
7f296b8a0000-7f296b8a1000 rw-p 0000c000 fd:00 19276773                   /usr/lib/jvm/java-1.7.0-openjdk-1.7.0.45.x86_64/jre/lib/amd64/jli/libjli.so
7f296b8a1000-7f296b8b8000 r-xp 00000000 fd:00 6553783                    /lib64/libpthread-2.12.so
7f296b8b8000-7f296bab8000 ---p 00017000 fd:00 6553783                    /lib64/libpthread-2.12.so
7f296bab8000-7f296bab9000 r--p 00017000 fd:00 6553783                    /lib64/libpthread-2.12.so
7f296bab9000-7f296baba000 rw-p 00018000 fd:00 6553783                    /lib64/libpthread-2.12.so
7f296baba000-7f296babe000 rw-p 00000000 00:00 0 
7f296babe000-7f296bade000 r-xp 00000000 fd:00 6553725                    /lib64/ld-2.12.so
7f296badf000-7f296bae6000 r--s 00000000 fd:00 17839503                   /usr/lib64/gconv/gconv-modules.cache
7f296bae6000-7f296bae7000 r--s 00006000 fd:00 25697376                   /usr/local/lib/openmpi/lib/mpi.jar
7f296bae7000-7f296baf0000 r--s 00066000 fd:00 19412354                   /usr/lib/jvm/java-1.7.0-openjdk-1.7.0.45.x86_64/jre/lib/ext/gnome-java-bridge.jar
7f296baf0000-7f296baf3000 r--s 0000f000 fd:00 19412357                   /usr/lib/jvm/java-1.7.0-openjdk-1.7.0.45.x86_64/jre/lib/ext/pulse-java.jar
7f296baf3000-7f296bb52000 rw-p 00000000 00:00 0 
7f296bb52000-7f296bba7000 r--s 00000000 fd:00 23331476                   /var/db/nscd/passwd
7f296bba7000-7f296bbaa000 ---p 00000000 00:00 0 
7f296bbaa000-7f296bcaa000 rw-p 00000000 00:00 0 
7f296bcab000-7f296bcd3000 rw-p 00000000 00:00 0 
7f296bcd3000-7f296bcdb000 rw-s 00000000 fd:00 35127307                   /tmp/hsperfdata_andreakl/12560
7f296bcdb000-7f296bcdc000 rw-p 00000000 00:00 0 
7f296bcdc000-7f296bcdd000 r--p 00000000 00:00 0 
7f296bcdd000-7f296bcde000 r--p 0001f000 fd:00 6553725                    /lib64/ld-2.12.so
7f296bcde000-7f296bcdf000 rw-p 00020000 fd:00 6553725                    /lib64/ld-2.12.so
7f296bcdf000-7f296bce1000 rw-p 00000000 00:00 0 
7fff506d8000-7fff506ed000 rw-p 00000000 00:00 0                          [stack]
7fff507d6000-7fff507d7000 r-xp 00000000 00:00 0                          [vdso]
ffffffffff600000-ffffffffff601000 r-xp 00000000 00:00 0                  [vsyscall]

VM Arguments:
jvm_args: -Djava.library.path=/usr/local/lib/openmpi/lib 
java_command: pll_kmeans
Launcher Type: SUN_STANDARD

Environment Variables:
PATH=/usr/lib64/qt-3.3/bin:/usr/kerberos/sbin:/usr/kerberos/bin:/usr/lib64/ccache:/usr/local/bin:/bin:/usr/bin
SHELL=/bin/csh
HOSTTYPE=x86_64-linux
OSTYPE=linux
MACHTYPE=x86_64

Signal Handlers:
SIGSEGV: [libjvm.so+0x9249f0], sa_mask[0]=0x7ffbfeff, sa_flags=0x10000004
SIGBUS: [libjvm.so+0x9249f0], sa_mask[0]=0x7ffbfeff, sa_flags=0x10000004
SIGFPE: [libjvm.so+0x7b25a0], sa_mask[0]=0x7ffbfeff, sa_flags=0x10000004
SIGPIPE: [libjvm.so+0x7b25a0], sa_mask[0]=0x7ffbfeff, sa_flags=0x10000004
SIGXFSZ: [libjvm.so+0x7b25a0], sa_mask[0]=0x7ffbfeff, sa_flags=0x10000004
SIGILL: [libjvm.so+0x7b25a0], sa_mask[0]=0x7ffbfeff, sa_flags=0x10000004
SIGUSR1: SIG_DFL, sa_mask[0]=0x00000000, sa_flags=0x00000000
SIGUSR2: [libjvm.so+0x7b3a30], sa_mask[0]=0x00000000, sa_flags=0x10000004
SIGHUP: [libjvm.so+0x7b4da0], sa_mask[0]=0x7ffbfeff, sa_flags=0x10000004
SIGINT: [libjvm.so+0x7b4da0], sa_mask[0]=0x7ffbfeff, sa_flags=0x10000004
SIGTERM: [libjvm.so+0x7b4da0], sa_mask[0]=0x7ffbfeff, sa_flags=0x10000004
SIGQUIT: [libjvm.so+0x7b4da0], sa_mask[0]=0x7ffbfeff, sa_flags=0x10000004


---------------  S Y S T E M  ---------------

OS:Red Hat Enterprise Linux Workstation release 6.4 (Santiago)

uname:Linux 2.6.32-358.11.1.el6.x86_64 #1 SMP Wed May 15 10:48:38 EDT 2013 x86_64
libc:glibc 2.12 NPTL 2.12 
rlimit: STACK 10240k, CORE 0k, NPROC 1024, NOFILE 4096, AS infinity
load average:0.00 0.00 0.00

/proc/meminfo:
MemTotal:       12193072 kB
MemFree:         7667468 kB
Buffers:          623360 kB
Cached:          2797536 kB
SwapCached:            0 kB
Active:          1676916 kB
Inactive:        1929820 kB
Active(anon):     186952 kB
Inactive(anon):     6028 kB
Active(file):    1489964 kB
Inactive(file):  1923792 kB
Unevictable:           0 kB
Mlocked:               0 kB
SwapTotal:       1023992 kB
SwapFree:        1023992 kB
Dirty:                12 kB
Writeback:             0 kB
AnonPages:        179896 kB
Mapped:            87184 kB
Shmem:              7136 kB
Slab:             754552 kB
SReclaimable:     699576 kB
SUnreclaim:        54976 kB
KernelStack:        2960 kB
PageTables:        23304 kB
NFS_Unstable:          0 kB
Bounce:                0 kB
WritebackTmp:          0 kB
CommitLimit:     7120528 kB
Committed_AS:    1141360 kB
VmallocTotal:   34359738367 kB
VmallocUsed:      198816 kB
VmallocChunk:   34359517836 kB
HardwareCorrupted:     0 kB
AnonHugePages:     20480 kB
HugePages_Total:       0
HugePages_Free:        0
HugePages_Rsvd:        0
HugePages_Surp:        0
Hugepagesize:       2048 kB
DirectMap4k:      145380 kB
DirectMap2M:    12435456 kB


CPU:total 4 (4 cores per cpu, 2 threads per core) family 6 model 26 stepping 5, cmov, cx8, fxsr, mmx, sse, sse2, sse3, ssse3, sse4.1, sse4.2, popcnt, ht, tsc, tscinvbit, tscinv

/proc/cpuinfo:
processor	: 0
vendor_id	: GenuineIntel
cpu family	: 6
model		: 26
model name	: Intel(R) Xeon(R) CPU           W3520  @ 2.67GHz
stepping	: 5
cpu MHz		: 2666.796
cache size	: 8192 KB
physical id	: 0
siblings	: 4
core id		: 0
cpu cores	: 4
apicid		: 0
initial apicid	: 0
fpu		: yes
fpu_exception	: yes
cpuid level	: 11
wp		: yes
flags		: fpu vme de pse tsc msr pae mce cx8 apic sep mtrr pge mca cmov pat pse36 clflush dts acpi mmx fxsr sse sse2 ss ht tm pbe syscall nx rdtscp lm constant_tsc arch_perfmon pebs bts rep_good xtopology nonstop_tsc aperfmperf pni dtes64 monitor ds_cpl vmx est tm2 ssse3 cx16 xtpr pdcm dca sse4_1 sse4_2 popcnt lahf_lm ida dts tpr_shadow vnmi flexpriority ept vpid
bogomips	: 5333.59
clflush size	: 64
cache_alignment	: 64
address sizes	: 36 bits physical, 48 bits virtual
power management:

processor	: 1
vendor_id	: GenuineIntel
cpu family	: 6
model		: 26
model name	: Intel(R) Xeon(R) CPU           W3520  @ 2.67GHz
stepping	: 5
cpu MHz		: 2666.796
cache size	: 8192 KB
physical id	: 0
siblings	: 4
core id		: 1
cpu cores	: 4
apicid		: 2
initial apicid	: 2
fpu		: yes
fpu_exception	: yes
cpuid level	: 11
wp		: yes
flags		: fpu vme de pse tsc msr pae mce cx8 apic sep mtrr pge mca cmov pat pse36 clflush dts acpi mmx fxsr sse sse2 ss ht tm pbe syscall nx rdtscp lm constant_tsc arch_perfmon pebs bts rep_good xtopology nonstop_tsc aperfmperf pni dtes64 monitor ds_cpl vmx est tm2 ssse3 cx16 xtpr pdcm dca sse4_1 sse4_2 popcnt lahf_lm ida dts tpr_shadow vnmi flexpriority ept vpid
bogomips	: 5333.59
clflush size	: 64
cache_alignment	: 64
address sizes	: 36 bits physical, 48 bits virtual
power management:

processor	: 2
vendor_id	: GenuineIntel
cpu family	: 6
model		: 26
model name	: Intel(R) Xeon(R) CPU           W3520  @ 2.67GHz
stepping	: 5
cpu MHz		: 2666.796
cache size	: 8192 KB
physical id	: 0
siblings	: 4
core id		: 2
cpu cores	: 4
apicid		: 4
initial apicid	: 4
fpu		: yes
fpu_exception	: yes
cpuid level	: 11
wp		: yes
flags		: fpu vme de pse tsc msr pae mce cx8 apic sep mtrr pge mca cmov pat pse36 clflush dts acpi mmx fxsr sse sse2 ss ht tm pbe syscall nx rdtscp lm constant_tsc arch_perfmon pebs bts rep_good xtopology nonstop_tsc aperfmperf pni dtes64 monitor ds_cpl vmx est tm2 ssse3 cx16 xtpr pdcm dca sse4_1 sse4_2 popcnt lahf_lm ida dts tpr_shadow vnmi flexpriority ept vpid
bogomips	: 5333.59
clflush size	: 64
cache_alignment	: 64
address sizes	: 36 bits physical, 48 bits virtual
power management:

processor	: 3
vendor_id	: GenuineIntel
cpu family	: 6
model		: 26
model name	: Intel(R) Xeon(R) CPU           W3520  @ 2.67GHz
stepping	: 5
cpu MHz		: 2666.796
cache size	: 8192 KB
physical id	: 0
siblings	: 4
core id		: 3
cpu cores	: 4
apicid		: 6
initial apicid	: 6
fpu		: yes
fpu_exception	: yes
cpuid level	: 11
wp		: yes
flags		: fpu vme de pse tsc msr pae mce cx8 apic sep mtrr pge mca cmov pat pse36 clflush dts acpi mmx fxsr sse sse2 ss ht tm pbe syscall nx rdtscp lm constant_tsc arch_perfmon pebs bts rep_good xtopology nonstop_tsc aperfmperf pni dtes64 monitor ds_cpl vmx est tm2 ssse3 cx16 xtpr pdcm dca sse4_1 sse4_2 popcnt lahf_lm ida dts tpr_shadow vnmi flexpriority ept vpid
bogomips	: 5333.59
clflush size	: 64
cache_alignment	: 64
address sizes	: 36 bits physical, 48 bits virtual
power management:



Memory: 4k page, physical 12193072k(7667468k free), swap 1023992k(1023992k free)

vm_info: OpenJDK 64-Bit Server VM (24.45-b08) for linux-amd64 JRE (1.7.0_45-mockbuild_2013_10_21_06_40-b00), built on Oct 21 2013 06:45:57 by "mockbuild" with gcc 4.4.7 20120313 (Red Hat 4.4.7-3)

time: Mon Dec  9 01:15:01 2013
elapsed time: 0 seconds

