#
# A fatal error has been detected by the Java Runtime Environment:
#
#  SIGSEGV (0xb) at pc=0x00007f3cfc2732bd, pid=28357, tid=139900270839552
#
# JRE version: OpenJDK Runtime Environment (7.0_45-b15) (build 1.7.0_45-mockbuild_2013_10_21_06_40-b00)
# Java VM: OpenJDK 64-Bit Server VM (24.45-b08 mixed mode linux-amd64 compressed oops)
# Problematic frame:
# C  [mca_coll_tuned.so+0x62bd]  ompi_coll_tuned_reduce_intra_dec_fixed+0x1d
#
# Failed to write core dump. Core dumps have been disabled. To enable core dumping, try "ulimit -c unlimited" before starting Java again
#
# If you would like to submit a bug report, please include
# instructions on how to reproduce the bug and visit:
#   http://icedtea.classpath.org/bugzilla
# The crash happened outside the Java Virtual Machine in native code.
# See problematic frame for where to report the bug.
#

---------------  T H R E A D  ---------------

Current thread (0x00007f3d08008000):  JavaThread "main" [_thread_in_native, id=28358, stack(0x00007f3d11e28000,0x00007f3d11f29000)]

siginfo:si_signo=SIGSEGV: si_errno=0, si_code=1 (SEGV_MAPERR), si_addr=0x0000000000000018

Registers:
RAX=0x0000000000000005, RBX=0x0000000000000003, RCX=0x0000000000000000, RDX=0x0000000000000005
RSP=0x00007f3d11f27600, RBP=0x00007f3d051a4d80, RSI=0x0000000000000000, RDI=0x00007f3d08329400
R8 =0x00007f3d051b0860, R9 =0x0000000000000000, R10=0x00007f3d051a4d80, R11=0x00007f3d0831c440
R12=0x0000000000000005, R13=0x00007f3d08329400, R14=0x0000000000000000, R15=0x00007f3d11f27838
RIP=0x00007f3cfc2732bd, EFLAGS=0x0000000000010206, CSGSFS=0x0000000000000033, ERR=0x0000000000000004
  TRAPNO=0x000000000000000e

Top of Stack: (sp=0x00007f3d11f27600)
0x00007f3d11f27600:   00007f3d051b6000 00007f3d11d4afe0
0x00007f3d11f27610:   00007f3d00000005 0000000000000000
0x00007f3d11f27620:   00007f3d11f27670 00007f3d051b0860
0x00007f3d11f27630:   00007f3d051a4d80 00007f3d04f52af5
0x00007f3d11f27640:   00007f3d051a4d80 00007f3d0831c440
0x00007f3d11f27650:   000000000000000c 00007f3d11d51715
0x00007f3d11f27660:   00007f3d051b0860 0000000000000000
0x00007f3d11f27670:   0000000000000005 00007f3d080081d8
0x00007f3d11f27680:   00007f3d053cca60 00007f3d051a4d80
0x00007f3d11f27690:   000000000000000c 0000000000000000
0x00007f3d11f276a0:   00007f3d11f27838 00007f3d051c20e6
0x00007f3d11f276b0:   00007f3d051a4d80 00007f3d08008000
0x00007f3d11f276c0:   000000073bade160 00007f3d00000000
0x00007f3d11f276d0:   00007f3d08329400 0000000000000000
0x00007f3d11f276e0:   0000000000000000 00007f3d11f27828
0x00007f3d11f276f0:   00007f3d08008000 00007f3d08329400
0x00007f3d11f27700:   00007f3d0c3b0310 000000023bade160
0x00007f3d11f27710:   0000000000000000 000000073bade160
0x00007f3d11f27720:   00007f3d11f277e0 0000000000000000
0x00007f3d11f27730:   000000073bade160 00007f3d11f27840
0x00007f3d11f27740:   00007f3d08008000 00007f3d0c3bd738
0x00007f3d11f27750:   00007f3d00000005 00007f3d11f27810
0x00007f3d11f27760:   00007f3d11f27808 00007f3d00000000
0x00007f3d11f27770:   00007f3d11f27888 00007f3d11f27840
0x00007f3d11f27780:   00007f3d11f27840 00007f3d0c3c8463
0x00007f3d11f27790:   00007f3d08008000 00007f3d00000000
0x00007f3d11f277a0:   00007f3d11f277a0 000000073bade160
0x00007f3d11f277b0:   00007f3d11f27840 000000073bae4b50
0x00007f3d11f277c0:   0000000000000000 000000073bade160
0x00007f3d11f277d0:   0000000000000000 00007f3d11f27800
0x00007f3d11f277e0:   00007f3d11f27888 00007f3d0c3b1058
0x00007f3d11f277f0:   0000000000000000 00007f3d0c3b9cd8 

Instructions: (pc=0x00007f3cfc2732bd)
0x00007f3cfc27329d:   00 00 00 55 53 48 83 ec 28 4c 8b 54 24 40 4c 8b
0x00007f3cfc2732ad:   5c 24 48 49 8b 82 a8 00 00 00 8b 58 10 48 63 c2
0x00007f3cfc2732bd:   48 0f af 41 18 41 f6 40 50 20 75 37 48 3d ff 07
0x00007f3cfc2732cd:   00 00 0f 86 0b 01 00 00 c7 44 24 18 00 00 00 00 

Register to memory mapping:

RAX=0x0000000000000005 is an unknown value
RBX=0x0000000000000003 is an unknown value
RCX=0x0000000000000000 is an unknown value
RDX=0x0000000000000005 is an unknown value
RSP=0x00007f3d11f27600 is pointing into the stack for thread: 0x00007f3d08008000
RBP=0x00007f3d051a4d80: ompi_mpi_comm_world+0 in /usr/local/lib/openmpi/lib/libmpi.so.0 at 0x00007f3d04ef0000
RSI=0x0000000000000000 is an unknown value
RDI=0x00007f3d08329400 is an unknown value
R8 =0x00007f3d051b0860: ompi_mpi_op_sum+0 in /usr/local/lib/openmpi/lib/libmpi.so.0 at 0x00007f3d04ef0000
R9 =0x0000000000000000 is an unknown value
R10=0x00007f3d051a4d80: ompi_mpi_comm_world+0 in /usr/local/lib/openmpi/lib/libmpi.so.0 at 0x00007f3d04ef0000
R11=0x00007f3d0831c440 is an unknown value
R12=0x0000000000000005 is an unknown value
R13=0x00007f3d08329400 is an unknown value
R14=0x0000000000000000 is an unknown value
R15=0x00007f3d11f27838 is pointing into the stack for thread: 0x00007f3d08008000


Stack: [0x00007f3d11e28000,0x00007f3d11f29000],  sp=0x00007f3d11f27600,  free space=1021k
Native frames: (J=compiled Java code, j=interpreted, Vv=VM code, C=native code)
C  [mca_coll_tuned.so+0x62bd]  ompi_coll_tuned_reduce_intra_dec_fixed+0x1d

Java frames: (J=compiled Java code, j=interpreted, Vv=VM code)
j  mpi.Intracomm.reduce(Ljava/lang/Object;ILjava/lang/Object;IILmpi/Datatype;Lmpi/Op;I)V+0
j  mpi.Intracomm.Reduce(Ljava/lang/Object;ILjava/lang/Object;IILmpi/Datatype;Lmpi/Op;I)V+135
j  pll_kmeans.main([Ljava/lang/String;)V+95
v  ~StubRoutines::call_stub

---------------  P R O C E S S  ---------------

Java Threads: ( => current thread )
  0x00007f3d080a4000 JavaThread "Service Thread" daemon [_thread_blocked, id=28369, stack(0x00007f3d054ce000,0x00007f3d055cf000)]
  0x00007f3d080a2000 JavaThread "C2 CompilerThread1" daemon [_thread_blocked, id=28368, stack(0x00007f3d055cf000,0x00007f3d056d0000)]
  0x00007f3d0809f000 JavaThread "C2 CompilerThread0" daemon [_thread_blocked, id=28367, stack(0x00007f3d056d0000,0x00007f3d057d1000)]
  0x00007f3d0809d000 JavaThread "Signal Dispatcher" daemon [_thread_blocked, id=28366, stack(0x00007f3d057d1000,0x00007f3d058d2000)]
  0x00007f3d08079800 JavaThread "Finalizer" daemon [_thread_blocked, id=28365, stack(0x00007f3d058d2000,0x00007f3d059d3000)]
  0x00007f3d08077800 JavaThread "Reference Handler" daemon [_thread_blocked, id=28364, stack(0x00007f3d059d3000,0x00007f3d05ad4000)]
=>0x00007f3d08008000 JavaThread "main" [_thread_in_native, id=28358, stack(0x00007f3d11e28000,0x00007f3d11f29000)]

Other Threads:
  0x00007f3d08073000 VMThread [stack: 0x00007f3d05ad4000,0x00007f3d05bd5000] [id=28363]
  0x00007f3d080af000 WatcherThread [stack: 0x00007f3d053cd000,0x00007f3d054ce000] [id=28370]

VM state:not at safepoint (normal execution)

VM Mutex/Monitor currently owned by a thread: None

Heap
 PSYoungGen      total 55808K, used 962K [0x00000007c1f00000, 0x00000007c5d00000, 0x0000000800000000)
  eden space 48128K, 2% used [0x00000007c1f00000,0x00000007c1ff0aa8,0x00000007c4e00000)
  from space 7680K, 0% used [0x00000007c5580000,0x00000007c5580000,0x00000007c5d00000)
  to   space 7680K, 0% used [0x00000007c4e00000,0x00000007c4e00000,0x00000007c5580000)
 ParOldGen       total 126976K, used 0K [0x0000000745e00000, 0x000000074da00000, 0x00000007c1f00000)
  object space 126976K, 0% used [0x0000000745e00000,0x0000000745e00000,0x000000074da00000)
 PSPermGen       total 21504K, used 2991K [0x000000073b800000, 0x000000073cd00000, 0x0000000745e00000)
  object space 21504K, 13% used [0x000000073b800000,0x000000073baebd08,0x000000073cd00000)

Card table byte_map: [0x00007f3d079db000,0x00007f3d08000000] byte_map_base: 0x00007f3d03fff000

Polling page: 0x00007f3d11f5b000

Code Cache  [0x00007f3d0c3ab000, 0x00007f3d0c61b000, 0x00007f3d0f3ab000)
 total_blobs=189 nmethods=0 adapters=159 free_code_cache=48760Kb largest_free_block=49931136

Compilation events (0 events):
No events

GC Heap History (0 events):
No events

Deoptimization events (0 events):
No events

Internal exceptions (10 events):
Event: 0.061 Thread 0x00007f3d08008000 Threw 0x00000007c1f62708 at /builddir/build/BUILD/java-1.7.0-openjdk/openjdk/hotspot/src/share/vm/prims/jvm.cpp:1244
Event: 0.062 Thread 0x00007f3d08008000 Threw 0x00000007c1f65080 at /builddir/build/BUILD/java-1.7.0-openjdk/openjdk/hotspot/src/share/vm/prims/jvm.cpp:1244
Event: 0.064 Thread 0x00007f3d08008000 Threw 0x00000007c1f688e8 at /builddir/build/BUILD/java-1.7.0-openjdk/openjdk/hotspot/src/share/vm/prims/jvm.cpp:1244
Event: 0.064 Thread 0x00007f3d08008000 Threw 0x00000007c1f70530 at /builddir/build/BUILD/java-1.7.0-openjdk/openjdk/hotspot/src/share/vm/prims/jvm.cpp:1244
Event: 0.065 Thread 0x00007f3d08008000 Threw 0x00000007c1f72120 at /builddir/build/BUILD/java-1.7.0-openjdk/openjdk/hotspot/src/share/vm/prims/jvm.cpp:1244
Event: 0.065 Thread 0x00007f3d08008000 Threw 0x00000007c1f74878 at /builddir/build/BUILD/java-1.7.0-openjdk/openjdk/hotspot/src/share/vm/prims/jvm.cpp:1244
Event: 0.065 Thread 0x00007f3d08008000 Threw 0x00000007c1f76fa8 at /builddir/build/BUILD/java-1.7.0-openjdk/openjdk/hotspot/src/share/vm/prims/jvm.cpp:1244
Event: 0.066 Thread 0x00007f3d08008000 Threw 0x00000007c1f7b0e0 at /builddir/build/BUILD/java-1.7.0-openjdk/openjdk/hotspot/src/share/vm/prims/jvm.cpp:1244
Event: 0.066 Thread 0x00007f3d08008000 Threw 0x00000007c1f7ca60 at /builddir/build/BUILD/java-1.7.0-openjdk/openjdk/hotspot/src/share/vm/prims/jvm.cpp:1244
Event: 0.067 Thread 0x00007f3d08008000 Threw 0x00000007c1f842d0 at /builddir/build/BUILD/java-1.7.0-openjdk/openjdk/hotspot/src/share/vm/prims/jvm.cpp:1244

Events (10 events):
Event: 0.066 loading class 0x00007f3d080e0270
Event: 0.066 loading class 0x00007f3d080e0270 done
Event: 0.066 loading class 0x00007f3d080d2670
Event: 0.066 loading class 0x00007f3d080d2670 done
Event: 0.067 loading class 0x00007f3d080ec0c0
Event: 0.067 loading class 0x00007f3d080ec0c0 done
Event: 0.068 loading class 0x00007f3d0800b950
Event: 0.068 loading class 0x00007f3d080ce150
Event: 0.068 loading class 0x00007f3d080ce150 done
Event: 0.068 loading class 0x00007f3d0800b950 done


Dynamic libraries:
00400000-00401000 r-xp 00000000 fd:00 2494075                            /usr/lib/jvm/java-1.7.0-openjdk-1.7.0.45.x86_64/jre/bin/java
00600000-00601000 rw-p 00000000 fd:00 2494075                            /usr/lib/jvm/java-1.7.0-openjdk-1.7.0.45.x86_64/jre/bin/java
007e5000-00806000 rw-p 00000000 00:00 0                                  [heap]
73b800000-73cd00000 rw-p 00000000 00:00 0 
73cd00000-745e00000 rw-p 00000000 00:00 0 
745e00000-74da00000 rw-p 00000000 00:00 0 
74da00000-7c1f00000 rw-p 00000000 00:00 0 
7c1f00000-7c5d00000 rw-p 00000000 00:00 0 
7c5d00000-800000000 rw-p 00000000 00:00 0 
7f3cb8000000-7f3cb8021000 rw-p 00000000 00:00 0 
7f3cb8021000-7f3cbc000000 ---p 00000000 00:00 0 
7f3cc0000000-7f3cc0021000 rw-p 00000000 00:00 0 
7f3cc0021000-7f3cc4000000 ---p 00000000 00:00 0 
7f3cc4000000-7f3cc4021000 rw-p 00000000 00:00 0 
7f3cc4021000-7f3cc8000000 ---p 00000000 00:00 0 
7f3cc8000000-7f3cc8021000 rw-p 00000000 00:00 0 
7f3cc8021000-7f3ccc000000 ---p 00000000 00:00 0 
7f3cce16f000-7f3cd4000000 r--p 00000000 fd:00 60567129                   /usr/lib/locale/locale-archive
7f3cd4000000-7f3cd4021000 rw-p 00000000 00:00 0 
7f3cd4021000-7f3cd8000000 ---p 00000000 00:00 0 
7f3cd8000000-7f3cd8021000 rw-p 00000000 00:00 0 
7f3cd8021000-7f3cdc000000 ---p 00000000 00:00 0 
7f3cdc000000-7f3cdc021000 rw-p 00000000 00:00 0 
7f3cdc021000-7f3ce0000000 ---p 00000000 00:00 0 
7f3ce1dc0000-7f3ce8000000 rw-p 00000000 00:00 0 
7f3ce8000000-7f3ce8021000 rw-p 00000000 00:00 0 
7f3ce8021000-7f3cec000000 ---p 00000000 00:00 0 
7f3cec000000-7f3cec021000 rw-p 00000000 00:00 0 
7f3cec021000-7f3cf0000000 ---p 00000000 00:00 0 
7f3cf0000000-7f3cf0021000 rw-p 00000000 00:00 0 
7f3cf0021000-7f3cf4000000 ---p 00000000 00:00 0 
7f3cf8000000-7f3cf8021000 rw-p 00000000 00:00 0 
7f3cf8021000-7f3cfc000000 ---p 00000000 00:00 0 
7f3cfc05f000-7f3cfc06c000 r-xp 00000000 fd:00 1323903                    /usr/local/lib/openmpi/lib/openmpi/mca_osc_rdma.so
7f3cfc06c000-7f3cfc26c000 ---p 0000d000 fd:00 1323903                    /usr/local/lib/openmpi/lib/openmpi/mca_osc_rdma.so
7f3cfc26c000-7f3cfc26d000 rw-p 0000d000 fd:00 1323903                    /usr/local/lib/openmpi/lib/openmpi/mca_osc_rdma.so
7f3cfc26d000-7f3cfc289000 r-xp 00000000 fd:00 1323823                    /usr/local/lib/openmpi/lib/openmpi/mca_coll_tuned.so
7f3cfc289000-7f3cfc488000 ---p 0001c000 fd:00 1323823                    /usr/local/lib/openmpi/lib/openmpi/mca_coll_tuned.so
7f3cfc488000-7f3cfc48a000 rw-p 0001b000 fd:00 1323823                    /usr/local/lib/openmpi/lib/openmpi/mca_coll_tuned.so
7f3cfc48a000-7f3cfc48f000 r-xp 00000000 fd:00 1323821                    /usr/local/lib/openmpi/lib/openmpi/mca_coll_sm.so
7f3cfc48f000-7f3cfc68e000 ---p 00005000 fd:00 1323821                    /usr/local/lib/openmpi/lib/openmpi/mca_coll_sm.so
7f3cfc68e000-7f3cfc68f000 rw-p 00004000 fd:00 1323821                    /usr/local/lib/openmpi/lib/openmpi/mca_coll_sm.so
7f3cfc68f000-7f3cfc691000 r-xp 00000000 fd:00 1323819                    /usr/local/lib/openmpi/lib/openmpi/mca_coll_self.so
7f3cfc691000-7f3cfc890000 ---p 00002000 fd:00 1323819                    /usr/local/lib/openmpi/lib/openmpi/mca_coll_self.so
7f3cfc890000-7f3cfc891000 rw-p 00001000 fd:00 1323819                    /usr/local/lib/openmpi/lib/openmpi/mca_coll_self.so
7f3cfc8a9000-7f3cfc8b3000 r-xp 00000000 fd:00 1323901                    /usr/local/lib/openmpi/lib/openmpi/mca_osc_pt2pt.so
7f3cfc8b3000-7f3cfcab3000 ---p 0000a000 fd:00 1323901                    /usr/local/lib/openmpi/lib/openmpi/mca_osc_pt2pt.so
7f3cfcab3000-7f3cfcab4000 rw-p 0000a000 fd:00 1323901                    /usr/local/lib/openmpi/lib/openmpi/mca_osc_pt2pt.so
7f3cfcab4000-7f3cfcac5000 r-xp 00000000 fd:00 1323815                    /usr/local/lib/openmpi/lib/openmpi/mca_coll_libnbc.so
7f3cfcac5000-7f3cfccc5000 ---p 00011000 fd:00 1323815                    /usr/local/lib/openmpi/lib/openmpi/mca_coll_libnbc.so
7f3cfccc5000-7f3cfccc6000 rw-p 00011000 fd:00 1323815                    /usr/local/lib/openmpi/lib/openmpi/mca_coll_libnbc.so
7f3cfccc6000-7f3cfccc9000 r-xp 00000000 fd:00 1323813                    /usr/local/lib/openmpi/lib/openmpi/mca_coll_inter.so
7f3cfccc9000-7f3cfcec9000 ---p 00003000 fd:00 1323813                    /usr/local/lib/openmpi/lib/openmpi/mca_coll_inter.so
7f3cfcec9000-7f3cfceca000 rw-p 00003000 fd:00 1323813                    /usr/local/lib/openmpi/lib/openmpi/mca_coll_inter.so
7f3cfceca000-7f3cfced0000 r-xp 00000000 fd:00 1323811                    /usr/local/lib/openmpi/lib/openmpi/mca_coll_hierarch.so
7f3cfced0000-7f3cfd0cf000 ---p 00006000 fd:00 1323811                    /usr/local/lib/openmpi/lib/openmpi/mca_coll_hierarch.so
7f3cfd0cf000-7f3cfd0d0000 rw-p 00005000 fd:00 1323811                    /usr/local/lib/openmpi/lib/openmpi/mca_coll_hierarch.so
7f3cfd0d0000-7f3cfd0d9000 r-xp 00000000 fd:00 1323809                    /usr/local/lib/openmpi/lib/openmpi/mca_coll_basic.so
7f3cfd0d9000-7f3cfd2d9000 ---p 00009000 fd:00 1323809                    /usr/local/lib/openmpi/lib/openmpi/mca_coll_basic.so
7f3cfd2d9000-7f3cfd2da000 rw-p 00009000 fd:00 1323809                    /usr/local/lib/openmpi/lib/openmpi/mca_coll_basic.so
7f3cfd2da000-7f3cfd2e6000 r-xp 00000000 fd:00 1323807                    /usr/local/lib/openmpi/lib/openmpi/mca_btl_tcp.so
7f3cfd2e6000-7f3cfd4e5000 ---p 0000c000 fd:00 1323807                    /usr/local/lib/openmpi/lib/openmpi/mca_btl_tcp.so
7f3cfd4e5000-7f3cfd4e7000 rw-p 0000b000 fd:00 1323807                    /usr/local/lib/openmpi/lib/openmpi/mca_btl_tcp.so
7f3cfd4e7000-7f3cfd567000 rw-p 00000000 00:00 0 
7f3cfd567000-7f3cfd56a000 r-xp 00000000 fd:00 1323803                    /usr/local/lib/openmpi/lib/openmpi/mca_btl_self.so
7f3cfd56a000-7f3cfd76a000 ---p 00003000 fd:00 1323803                    /usr/local/lib/openmpi/lib/openmpi/mca_btl_self.so
7f3cfd76a000-7f3cfd76b000 rw-p 00003000 fd:00 1323803                    /usr/local/lib/openmpi/lib/openmpi/mca_btl_self.so
7f3cfd76b000-7f3cfd76e000 r-xp 00000000 fd:00 1323801                    /usr/local/lib/openmpi/lib/openmpi/mca_bml_r2.so
7f3cfd76e000-7f3cfd96e000 ---p 00003000 fd:00 1323801                    /usr/local/lib/openmpi/lib/openmpi/mca_bml_r2.so
7f3cfd96e000-7f3cfd96f000 rw-p 00003000 fd:00 1323801                    /usr/local/lib/openmpi/lib/openmpi/mca_bml_r2.so
7f3cfdb77000-7f3cfdb8e000 r-xp 00000000 fd:00 1323915                    /usr/local/lib/openmpi/lib/openmpi/mca_pml_ob1.so
7f3cfdb8e000-7f3cfdd8d000 ---p 00017000 fd:00 1323915                    /usr/local/lib/openmpi/lib/openmpi/mca_pml_ob1.so
7f3cfdd8d000-7f3cfdd8f000 rw-p 00016000 fd:00 1323915                    /usr/local/lib/openmpi/lib/openmpi/mca_pml_ob1.so
7f3cfdfbd000-7f3cfdfc4000 r-xp 00000000 fd:00 1323842                    /usr/local/lib/openmpi/lib/openmpi/mca_dpm_orte.so
7f3cfdfc4000-7f3cfe1c4000 ---p 00007000 fd:00 1323842                    /usr/local/lib/openmpi/lib/openmpi/mca_dpm_orte.so
7f3cfe1c4000-7f3cfe1c5000 rw-p 00007000 fd:00 1323842                    /usr/local/lib/openmpi/lib/openmpi/mca_dpm_orte.so
7f3cfe1c5000-7f3cfe1c8000 r-xp 00000000 fd:00 1323919                    /usr/local/lib/openmpi/lib/openmpi/mca_pubsub_orte.so
7f3cfe1c8000-7f3cfe3c7000 ---p 00003000 fd:00 1323919                    /usr/local/lib/openmpi/lib/openmpi/mca_pubsub_orte.so
7f3cfe3c7000-7f3cfe3c8000 rw-p 00002000 fd:00 1323919                    /usr/local/lib/openmpi/lib/openmpi/mca_pubsub_orte.so
7f3cfe3c8000-7f3cfe3ca000 r-xp 00000000 fd:00 1184603                    /usr/local/lib/openmpi/lib/libmca_common_sm.so.0.0.0
7f3cfe3ca000-7f3cfe5c9000 ---p 00002000 fd:00 1184603                    /usr/local/lib/openmpi/lib/libmca_common_sm.so.0.0.0
7f3cfe5c9000-7f3cfe5ca000 rw-p 00001000 fd:00 1184603                    /usr/local/lib/openmpi/lib/libmca_common_sm.so.0.0.0
7f3cfe5ca000-7f3cfe5cc000 r-xp 00000000 fd:00 1323895                    /usr/local/lib/openmpi/lib/openmpi/mca_mpool_sm.so
7f3cfe5cc000-7f3cfe7cb000 ---p 00002000 fd:00 1323895                    /usr/local/lib/openmpi/lib/openmpi/mca_mpool_sm.so
7f3cfe7cb000-7f3cfe7cc000 rw-p 00001000 fd:00 1323895                    /usr/local/lib/openmpi/lib/openmpi/mca_mpool_sm.so
7f3cfe7cc000-7f3cfe7cf000 r-xp 00000000 fd:00 1323893                    /usr/local/lib/openmpi/lib/openmpi/mca_mpool_grdma.so
7f3cfe7cf000-7f3cfe9cf000 ---p 00003000 fd:00 1323893                    /usr/local/lib/openmpi/lib/openmpi/mca_mpool_grdma.so
7f3cfe9cf000-7f3cfe9d0000 rw-p 00003000 fd:00 1323893                    /usr/local/lib/openmpi/lib/openmpi/mca_mpool_grdma.so
7f3cfe9d0000-7f3cfe9d3000 r-xp 00000000 fd:00 1323927                    /usr/local/lib/openmpi/lib/openmpi/mca_rcache_vma.so
7f3cfe9d3000-7f3cfebd3000 ---p 00003000 fd:00 1323927                    /usr/local/lib/openmpi/lib/openmpi/mca_rcache_vma.so
7f3cfebd3000-7f3cfebd4000 rw-p 00003000 fd:00 1323927                    /usr/local/lib/openmpi/lib/openmpi/mca_rcache_vma.so
7f3cfebd4000-7f3cfebd6000 r-xp 00000000 fd:00 1323795                    /usr/local/lib/openmpi/lib/openmpi/mca_allocator_bucket.so
7f3cfebd6000-7f3cfedd5000 ---p 00002000 fd:00 1323795                    /usr/local/lib/openmpi/lib/openmpi/mca_allocator_bucket.so
7f3cfedd5000-7f3cfedd6000 rw-p 00001000 fd:00 1323795                    /usr/local/lib/openmpi/lib/openmpi/mca_allocator_bucket.so
7f3cfedd6000-7f3cfedd8000 r-xp 00000000 fd:00 1323793                    /usr/local/lib/openmpi/lib/openmpi/mca_allocator_basic.so
7f3cfedd8000-7f3cfefd7000 ---p 00002000 fd:00 1323793                    /usr/local/lib/openmpi/lib/openmpi/mca_allocator_basic.so
7f3cfefd7000-7f3cfefd8000 rw-p 00001000 fd:00 1323793                    /usr/local/lib/openmpi/lib/openmpi/mca_allocator_basic.so
7f3cfefd8000-7f3cfefda000 r-xp 00000000 fd:00 1323877                    /usr/local/lib/openmpi/lib/openmpi/mca_grpcomm_bad.so
7f3cfefda000-7f3cff1d9000 ---p 00002000 fd:00 1323877                    /usr/local/lib/openmpi/lib/openmpi/mca_grpcomm_bad.so
7f3cff1d9000-7f3cff1da000 rw-p 00001000 fd:00 1323877                    /usr/local/lib/openmpi/lib/openmpi/mca_grpcomm_bad.so
7f3cff1da000-7f3cff1dd000 r-xp 00000000 fd:00 1323832                    /usr/local/lib/openmpi/lib/openmpi/mca_db_hash.so
7f3cff1dd000-7f3cff3dd000 ---p 00003000 fd:00 1323832                    /usr/local/lib/openmpi/lib/openmpi/mca_db_hash.so
7f3cff3dd000-7f3cff3de000 rw-p 00003000 fd:00 1323832                    /usr/local/lib/openmpi/lib/openmpi/mca_db_hash.so
7f3cff3de000-7f3cff3ed000 r-xp 00000000 fd:00 1323899                    /usr/local/lib/openmpi/lib/openmpi/mca_oob_tcp.so
7f3cff3ed000-7f3cff5ed000 ---p 0000f000 fd:00 1323899                    /usr/local/lib/openmpi/lib/openmpi/mca_oob_tcp.so
7f3cff5ed000-7f3cff5ef000 rw-p 0000f000 fd:00 1323899                    /usr/local/lib/openmpi/lib/openmpi/mca_oob_tcp.so
7f3cff5ef000-7f3cff5f5000 r-xp 00000000 fd:00 1323943                    /usr/local/lib/openmpi/lib/openmpi/mca_rml_oob.so
7f3cff5f5000-7f3cff7f4000 ---p 00006000 fd:00 1323943                    /usr/local/lib/openmpi/lib/openmpi/mca_rml_oob.so
7f3cff7f4000-7f3cff7f5000 rw-p 00005000 fd:00 1323943                    /usr/local/lib/openmpi/lib/openmpi/mca_rml_oob.so
7f3cff7f6000-7f3cff7f8000 r-xp 00000000 fd:00 1323834                    /usr/local/lib/openmpi/lib/openmpi/mca_db_print.so
7f3cff7f8000-7f3cff9f7000 ---p 00002000 fd:00 1323834                    /usr/local/lib/openmpi/lib/openmpi/mca_db_print.so
7f3cff9f7000-7f3cff9f8000 rw-p 00001000 fd:00 1323834                    /usr/local/lib/openmpi/lib/openmpi/mca_db_print.so
7f3cff9f8000-7f3cff9fb000 r-xp 00000000 fd:00 1323945                    /usr/local/lib/openmpi/lib/openmpi/mca_routed_binomial.so
7f3cff9fb000-7f3cffbfb000 ---p 00003000 fd:00 1323945                    /usr/local/lib/openmpi/lib/openmpi/mca_routed_binomial.so
7f3cffbfb000-7f3cffbfc000 rw-p 00003000 fd:00 1323945                    /usr/local/lib/openmpi/lib/openmpi/mca_routed_binomial.so
7f3cffbfc000-7f3cffbfe000 r-xp 00000000 fd:00 1323844                    /usr/local/lib/openmpi/lib/openmpi/mca_errmgr_default_app.so
7f3cffbfe000-7f3cffdfd000 ---p 00002000 fd:00 1323844                    /usr/local/lib/openmpi/lib/openmpi/mca_errmgr_default_app.so
7f3cffdfd000-7f3cffdfe000 rw-p 00001000 fd:00 1323844                    /usr/local/lib/openmpi/lib/openmpi/mca_errmgr_default_app.so
7f3cffdfe000-7f3cffdff000 r-xp 00000000 fd:00 1323967                    /usr/local/lib/openmpi/lib/openmpi/mca_state_app.so
7f3cffdff000-7f3cfffff000 ---p 00001000 fd:00 1323967                    /usr/local/lib/openmpi/lib/openmpi/mca_state_app.so
7f3cfffff000-7f3d00000000 rw-p 00001000 fd:00 1323967                    /usr/local/lib/openmpi/lib/openmpi/mca_state_app.so
7f3d00000000-7f3d00021000 rw-p 00000000 00:00 0 
7f3d00021000-7f3d04000000 ---p 00000000 00:00 0 
7f3d041a5000-7f3d041a7000 r-xp 00000000 fd:00 1323850                    /usr/local/lib/openmpi/lib/openmpi/mca_ess_env.so
7f3d041a7000-7f3d043a6000 ---p 00002000 fd:00 1323850                    /usr/local/lib/openmpi/lib/openmpi/mca_ess_env.so
7f3d043a6000-7f3d043a7000 rw-p 00001000 fd:00 1323850                    /usr/local/lib/openmpi/lib/openmpi/mca_ess_env.so
7f3d043a7000-7f3d043aa000 r-xp 00000000 fd:00 1323961                    /usr/local/lib/openmpi/lib/openmpi/mca_shmem_mmap.so
7f3d043aa000-7f3d045a9000 ---p 00003000 fd:00 1323961                    /usr/local/lib/openmpi/lib/openmpi/mca_shmem_mmap.so
7f3d045a9000-7f3d045aa000 rw-p 00002000 fd:00 1323961                    /usr/local/lib/openmpi/lib/openmpi/mca_shmem_mmap.so
7f3d045aa000-7f3d045ac000 r-xp 00000000 fd:00 29884609                   /lib64/libutil-2.12.so
7f3d045ac000-7f3d047ab000 ---p 00002000 fd:00 29884609                   /lib64/libutil-2.12.so
7f3d047ab000-7f3d047ac000 r--p 00001000 fd:00 29884609                   /lib64/libutil-2.12.so
7f3d047ac000-7f3d047ad000 rw-p 00002000 fd:00 29884609                   /lib64/libutil-2.12.so
7f3d047ad000-7f3d047c3000 r-xp 00000000 fd:00 29884622                   /lib64/libnsl-2.12.so
7f3d047c3000-7f3d049c2000 ---p 00016000 fd:00 29884622                   /lib64/libnsl-2.12.so
7f3d049c2000-7f3d049c3000 r--p 00015000 fd:00 29884622                   /lib64/libnsl-2.12.so
7f3d049c3000-7f3d049c4000 rw-p 00016000 fd:00 29884622                   /lib64/libnsl-2.12.so
7f3d049c4000-7f3d049c6000 rw-p 00000000 00:00 0 
7f3d049c6000-7f3d04a73000 r-xp 00000000 fd:00 1184615                    /usr/local/lib/openmpi/lib/libopen-pal.so.0.0.0
7f3d04a73000-7f3d04c73000 ---p 000ad000 fd:00 1184615                    /usr/local/lib/openmpi/lib/libopen-pal.so.0.0.0
7f3d04c73000-7f3d04c7a000 rw-p 000ad000 fd:00 1184615                    /usr/local/lib/openmpi/lib/libopen-pal.so.0.0.0
7f3d04c7a000-7f3d04c80000 rw-p 00000000 00:00 0 
7f3d04c80000-7f3d04ceb000 r-xp 00000000 fd:00 1184617                    /usr/local/lib/openmpi/lib/libopen-rte.so.0.0.0
7f3d04ceb000-7f3d04eeb000 ---p 0006b000 fd:00 1184617                    /usr/local/lib/openmpi/lib/libopen-rte.so.0.0.0
7f3d04eeb000-7f3d04eef000 rw-p 0006b000 fd:00 1184617                    /usr/local/lib/openmpi/lib/libopen-rte.so.0.0.0
7f3d04eef000-7f3d04ef0000 rw-p 00000000 00:00 0 
7f3d04ef0000-7f3d04f93000 r-xp 00000000 fd:00 1184605                    /usr/local/lib/openmpi/lib/libmpi.so.0.0.0
7f3d04f93000-7f3d05193000 ---p 000a3000 fd:00 1184605                    /usr/local/lib/openmpi/lib/libmpi.so.0.0.0
7f3d05193000-7f3d051a4000 rw-p 000a3000 fd:00 1184605                    /usr/local/lib/openmpi/lib/libmpi.so.0.0.0
7f3d051a4000-7f3d051b6000 rw-p 00000000 00:00 0 
7f3d051b6000-7f3d051cc000 r-xp 00000000 fd:00 1184607                    /usr/local/lib/openmpi/lib/libmpi_java.so.0.0.0
7f3d051cc000-7f3d053cc000 ---p 00016000 fd:00 1184607                    /usr/local/lib/openmpi/lib/libmpi_java.so.0.0.0
7f3d053cc000-7f3d053cd000 rw-p 00016000 fd:00 1184607                    /usr/local/lib/openmpi/lib/libmpi_java.so.0.0.0
7f3d053cd000-7f3d053ce000 ---p 00000000 00:00 0 
7f3d053ce000-7f3d054ce000 rw-p 00000000 00:00 0 
7f3d054ce000-7f3d054d1000 ---p 00000000 00:00 0 
7f3d054d1000-7f3d055cf000 rw-p 00000000 00:00 0 
7f3d055cf000-7f3d055d2000 ---p 00000000 00:00 0 
7f3d055d2000-7f3d056d0000 rw-p 00000000 00:00 0 
7f3d056d0000-7f3d056d3000 ---p 00000000 00:00 0 
7f3d056d3000-7f3d057d1000 rw-p 00000000 00:00 0 
7f3d057d1000-7f3d057d4000 ---p 00000000 00:00 0 
7f3d057d4000-7f3d058d2000 rw-p 00000000 00:00 0 
7f3d058d2000-7f3d058d5000 ---p 00000000 00:00 0 
7f3d058d5000-7f3d059d3000 rw-p 00000000 00:00 0 
7f3d059d3000-7f3d059d6000 ---p 00000000 00:00 0 
7f3d059d6000-7f3d05ad4000 rw-p 00000000 00:00 0 
7f3d05ad4000-7f3d05ad5000 ---p 00000000 00:00 0 
7f3d05ad5000-7f3d06bb0000 rw-p 00000000 00:00 0 
7f3d06bb0000-7f3d06d5e000 r--s 03e5e000 fd:00 2494547                    /usr/lib/jvm/java-1.7.0-openjdk-1.7.0.45.x86_64/jre/lib/rt.jar
7f3d06d5e000-7f3d073f8000 rw-p 00000000 00:00 0 
7f3d073f8000-7f3d073f9000 ---p 00000000 00:00 0 
7f3d073f9000-7f3d074f9000 rw-p 00000000 00:00 0 
7f3d074f9000-7f3d074fa000 ---p 00000000 00:00 0 
7f3d074fa000-7f3d07638000 rw-p 00000000 00:00 0 
7f3d07638000-7f3d079db000 rw-p 00000000 00:00 0 
7f3d079db000-7f3d079e6000 rw-p 00000000 00:00 0 
7f3d079e6000-7f3d07a2e000 rw-p 00000000 00:00 0 
7f3d07a2e000-7f3d07a6c000 rw-p 00000000 00:00 0 
7f3d07a6c000-7f3d07e0e000 rw-p 00000000 00:00 0 
7f3d07e0e000-7f3d07e2e000 rw-p 00000000 00:00 0 
7f3d07e2e000-7f3d07fff000 rw-p 00000000 00:00 0 
7f3d07fff000-7f3d08000000 rw-p 00000000 00:00 0 
7f3d08000000-7f3d0832a000 rw-p 00000000 00:00 0 
7f3d0832a000-7f3d0c000000 ---p 00000000 00:00 0 
7f3d0c052000-7f3d0c059000 r--s 00000000 fd:00 60833075                   /usr/lib64/gconv/gconv-modules.cache
7f3d0c059000-7f3d0c05a000 r--s 00006000 fd:00 1184618                    /usr/local/lib/openmpi/lib/mpi.jar
7f3d0c05a000-7f3d0c05d000 r--s 0000f000 fd:00 2889303                    /usr/lib/jvm/java-1.7.0-openjdk-1.7.0.45.x86_64/jre/lib/ext/pulse-java.jar
7f3d0c05d000-7f3d0c066000 r--s 00066000 fd:00 2889300                    /usr/lib/jvm/java-1.7.0-openjdk-1.7.0.45.x86_64/jre/lib/ext/gnome-java-bridge.jar
7f3d0c066000-7f3d0c0e9000 rw-p 00000000 00:00 0 
7f3d0c0e9000-7f3d0c0ea000 ---p 00000000 00:00 0 
7f3d0c0ea000-7f3d0c1ea000 rw-p 00000000 00:00 0 
7f3d0c1ea000-7f3d0c1eb000 ---p 00000000 00:00 0 
7f3d0c1eb000-7f3d0c2f5000 rw-p 00000000 00:00 0 
7f3d0c2f5000-7f3d0c3ab000 rw-p 00000000 00:00 0 
7f3d0c3ab000-7f3d0c61b000 rwxp 00000000 00:00 0 
7f3d0c61b000-7f3d0f3ab000 rw-p 00000000 00:00 0 
7f3d0f3ab000-7f3d0f3b3000 r-xp 00000000 fd:00 2626913                    /usr/lib/jvm/java-1.7.0-openjdk-1.7.0.45.x86_64/jre/lib/amd64/libzip.so
7f3d0f3b3000-7f3d0f5b2000 ---p 00008000 fd:00 2626913                    /usr/lib/jvm/java-1.7.0-openjdk-1.7.0.45.x86_64/jre/lib/amd64/libzip.so
7f3d0f5b2000-7f3d0f5b3000 rw-p 00007000 fd:00 2626913                    /usr/lib/jvm/java-1.7.0-openjdk-1.7.0.45.x86_64/jre/lib/amd64/libzip.so
7f3d0f5b3000-7f3d0f5dc000 r-xp 00000000 fd:00 2626074                    /usr/lib/jvm/java-1.7.0-openjdk-1.7.0.45.x86_64/jre/lib/amd64/libjava.so
7f3d0f5dc000-7f3d0f7db000 ---p 00029000 fd:00 2626074                    /usr/lib/jvm/java-1.7.0-openjdk-1.7.0.45.x86_64/jre/lib/amd64/libjava.so
7f3d0f7db000-7f3d0f7dd000 rw-p 00028000 fd:00 2626074                    /usr/lib/jvm/java-1.7.0-openjdk-1.7.0.45.x86_64/jre/lib/amd64/libjava.so
7f3d0f7dd000-7f3d0f7ea000 r-xp 00000000 fd:00 2626912                    /usr/lib/jvm/java-1.7.0-openjdk-1.7.0.45.x86_64/jre/lib/amd64/libverify.so
7f3d0f7ea000-7f3d0f9ea000 ---p 0000d000 fd:00 2626912                    /usr/lib/jvm/java-1.7.0-openjdk-1.7.0.45.x86_64/jre/lib/amd64/libverify.so
7f3d0f9ea000-7f3d0f9ec000 rw-p 0000d000 fd:00 2626912                    /usr/lib/jvm/java-1.7.0-openjdk-1.7.0.45.x86_64/jre/lib/amd64/libverify.so
7f3d0f9ec000-7f3d0f9f3000 r-xp 00000000 fd:00 29884627                   /lib64/librt-2.12.so
7f3d0f9f3000-7f3d0fbf2000 ---p 00007000 fd:00 29884627                   /lib64/librt-2.12.so
7f3d0fbf2000-7f3d0fbf3000 r--p 00006000 fd:00 29884627                   /lib64/librt-2.12.so
7f3d0fbf3000-7f3d0fbf4000 rw-p 00007000 fd:00 29884627                   /lib64/librt-2.12.so
7f3d0fbf4000-7f3d0fc0a000 r-xp 00000000 fd:00 29884427                   /lib64/libgcc_s-4.4.7-20120601.so.1
7f3d0fc0a000-7f3d0fe09000 ---p 00016000 fd:00 29884427                   /lib64/libgcc_s-4.4.7-20120601.so.1
7f3d0fe09000-7f3d0fe0a000 rw-p 00015000 fd:00 29884427                   /lib64/libgcc_s-4.4.7-20120601.so.1
7f3d0fe0a000-7f3d0fe8d000 r-xp 00000000 fd:00 29884621                   /lib64/libm-2.12.so
7f3d0fe8d000-7f3d1008c000 ---p 00083000 fd:00 29884621                   /lib64/libm-2.12.so
7f3d1008c000-7f3d1008d000 r--p 00082000 fd:00 29884621                   /lib64/libm-2.12.so
7f3d1008d000-7f3d1008e000 rw-p 00083000 fd:00 29884621                   /lib64/libm-2.12.so
7f3d1008e000-7f3d10176000 r-xp 00000000 fd:00 60556143                   /usr/lib64/libstdc++.so.6.0.13
7f3d10176000-7f3d10376000 ---p 000e8000 fd:00 60556143                   /usr/lib64/libstdc++.so.6.0.13
7f3d10376000-7f3d1037d000 r--p 000e8000 fd:00 60556143                   /usr/lib64/libstdc++.so.6.0.13
7f3d1037d000-7f3d1037f000 rw-p 000ef000 fd:00 60556143                   /usr/lib64/libstdc++.so.6.0.13
7f3d1037f000-7f3d10394000 rw-p 00000000 00:00 0 
7f3d10394000-7f3d10e7e000 r-xp 00000000 fd:00 2761276                    /usr/lib/jvm/java-1.7.0-openjdk-1.7.0.45.x86_64/jre/lib/amd64/server/libjvm.so
7f3d10e7e000-7f3d1107e000 ---p 00aea000 fd:00 2761276                    /usr/lib/jvm/java-1.7.0-openjdk-1.7.0.45.x86_64/jre/lib/amd64/server/libjvm.so
7f3d1107e000-7f3d11139000 rw-p 00aea000 fd:00 2761276                    /usr/lib/jvm/java-1.7.0-openjdk-1.7.0.45.x86_64/jre/lib/amd64/server/libjvm.so
7f3d11139000-7f3d11166000 rw-p 00000000 00:00 0 
7f3d11166000-7f3d1117b000 r-xp 00000000 fd:00 29884512                   /lib64/libz.so.1.2.3
7f3d1117b000-7f3d1137a000 ---p 00015000 fd:00 29884512                   /lib64/libz.so.1.2.3
7f3d1137a000-7f3d1137b000 r--p 00014000 fd:00 29884512                   /lib64/libz.so.1.2.3
7f3d1137b000-7f3d1137c000 rw-p 00015000 fd:00 29884512                   /lib64/libz.so.1.2.3
7f3d1137c000-7f3d11506000 r-xp 00000000 fd:00 29884459                   /lib64/libc-2.12.so
7f3d11506000-7f3d11705000 ---p 0018a000 fd:00 29884459                   /lib64/libc-2.12.so
7f3d11705000-7f3d11709000 r--p 00189000 fd:00 29884459                   /lib64/libc-2.12.so
7f3d11709000-7f3d1170a000 rw-p 0018d000 fd:00 29884459                   /lib64/libc-2.12.so
7f3d1170a000-7f3d1170f000 rw-p 00000000 00:00 0 
7f3d1170f000-7f3d11711000 r-xp 00000000 fd:00 29884620                   /lib64/libdl-2.12.so
7f3d11711000-7f3d11911000 ---p 00002000 fd:00 29884620                   /lib64/libdl-2.12.so
7f3d11911000-7f3d11912000 r--p 00002000 fd:00 29884620                   /lib64/libdl-2.12.so
7f3d11912000-7f3d11913000 rw-p 00003000 fd:00 29884620                   /lib64/libdl-2.12.so
7f3d11913000-7f3d11920000 r-xp 00000000 fd:00 2761018                    /usr/lib/jvm/java-1.7.0-openjdk-1.7.0.45.x86_64/jre/lib/amd64/jli/libjli.so
7f3d11920000-7f3d11b1f000 ---p 0000d000 fd:00 2761018                    /usr/lib/jvm/java-1.7.0-openjdk-1.7.0.45.x86_64/jre/lib/amd64/jli/libjli.so
7f3d11b1f000-7f3d11b20000 rw-p 0000c000 fd:00 2761018                    /usr/lib/jvm/java-1.7.0-openjdk-1.7.0.45.x86_64/jre/lib/amd64/jli/libjli.so
7f3d11b20000-7f3d11b37000 r-xp 00000000 fd:00 29884603                   /lib64/libpthread-2.12.so
7f3d11b37000-7f3d11d37000 ---p 00017000 fd:00 29884603                   /lib64/libpthread-2.12.so
7f3d11d37000-7f3d11d38000 r--p 00017000 fd:00 29884603                   /lib64/libpthread-2.12.so
7f3d11d38000-7f3d11d39000 rw-p 00018000 fd:00 29884603                   /lib64/libpthread-2.12.so
7f3d11d39000-7f3d11d3d000 rw-p 00000000 00:00 0 
7f3d11d3d000-7f3d11d5d000 r-xp 00000000 fd:00 29884572                   /lib64/ld-2.12.so
7f3d11d62000-7f3d11dab000 rw-p 00000000 00:00 0 
7f3d11dab000-7f3d11df3000 rw-p 00000000 00:00 0 
7f3d11df3000-7f3d11e28000 r--s 00000000 fd:00 35652258                   /var/db/nscd/passwd
7f3d11e28000-7f3d11e2b000 ---p 00000000 00:00 0 
7f3d11e2b000-7f3d11f2b000 rw-p 00000000 00:00 0 
7f3d11f31000-7f3d11f52000 rw-p 00000000 00:00 0 
7f3d11f52000-7f3d11f5a000 rw-s 00000000 fd:00 1185494                    /tmp/hsperfdata_andreakl/28357
7f3d11f5a000-7f3d11f5b000 rw-p 00000000 00:00 0 
7f3d11f5b000-7f3d11f5c000 r--p 00000000 00:00 0 
7f3d11f5c000-7f3d11f5d000 r--p 0001f000 fd:00 29884572                   /lib64/ld-2.12.so
7f3d11f5d000-7f3d11f5e000 rw-p 00020000 fd:00 29884572                   /lib64/ld-2.12.so
7f3d11f5e000-7f3d11f60000 rw-p 00000000 00:00 0 
7fffdb076000-7fffdb08b000 rw-p 00000000 00:00 0                          [stack]
7fffdb1dd000-7fffdb1de000 r-xp 00000000 00:00 0                          [vdso]
ffffffffff600000-ffffffffff601000 r-xp 00000000 00:00 0                  [vsyscall]

VM Arguments:
jvm_args: -Djava.library.path=/usr/local/lib/openmpi/lib 
java_command: pll_kmeans
Launcher Type: SUN_STANDARD

Environment Variables:
PATH=/usr/lib64/qt-3.3/bin:/usr/kerberos/sbin:/usr/kerberos/bin:/usr/local/bin:/bin:/usr/bin
SHELL=/bin/csh
HOSTTYPE=x86_64-linux
OSTYPE=linux
MACHTYPE=x86_64

Signal Handlers:
SIGSEGV: [libjvm.so+0x9249f0], sa_mask[0]=0x7ffbfeff, sa_flags=0x10000004
SIGBUS: [libjvm.so+0x9249f0], sa_mask[0]=0x7ffbfeff, sa_flags=0x10000004
SIGFPE: [libjvm.so+0x7b25a0], sa_mask[0]=0x7ffbfeff, sa_flags=0x10000004
SIGPIPE: [libjvm.so+0x7b25a0], sa_mask[0]=0x7ffbfeff, sa_flags=0x10000004
SIGXFSZ: [libjvm.so+0x7b25a0], sa_mask[0]=0x7ffbfeff, sa_flags=0x10000004
SIGILL: [libjvm.so+0x7b25a0], sa_mask[0]=0x7ffbfeff, sa_flags=0x10000004
SIGUSR1: SIG_DFL, sa_mask[0]=0x00000000, sa_flags=0x00000000
SIGUSR2: [libjvm.so+0x7b3a30], sa_mask[0]=0x00000000, sa_flags=0x10000004
SIGHUP: [libjvm.so+0x7b4da0], sa_mask[0]=0x7ffbfeff, sa_flags=0x10000004
SIGINT: [libjvm.so+0x7b4da0], sa_mask[0]=0x7ffbfeff, sa_flags=0x10000004
SIGTERM: [libjvm.so+0x7b4da0], sa_mask[0]=0x7ffbfeff, sa_flags=0x10000004
SIGQUIT: [libjvm.so+0x7b4da0], sa_mask[0]=0x7ffbfeff, sa_flags=0x10000004


---------------  S Y S T E M  ---------------

OS:Red Hat Enterprise Linux Workstation release 6.4 (Santiago)

uname:Linux 2.6.32-358.11.1.el6.x86_64 #1 SMP Wed May 15 10:48:38 EDT 2013 x86_64
libc:glibc 2.12 NPTL 2.12 
rlimit: STACK 10240k, CORE 0k, NPROC 1024, NOFILE 4096, AS infinity
load average:0.01 0.10 0.06

/proc/meminfo:
MemTotal:       12193072 kB
MemFree:         9478412 kB
Buffers:           27052 kB
Cached:          1713744 kB
SwapCached:            0 kB
Active:           900548 kB
Inactive:         937360 kB
Active(anon):      97560 kB
Inactive(anon):     1044 kB
Active(file):     802988 kB
Inactive(file):   936316 kB
Unevictable:           0 kB
Mlocked:               0 kB
SwapTotal:       1023992 kB
SwapFree:        1023992 kB
Dirty:                36 kB
Writeback:             0 kB
AnonPages:         91012 kB
Mapped:            64048 kB
Shmem:              1496 kB
Slab:             729508 kB
SReclaimable:     680312 kB
SUnreclaim:        49196 kB
KernelStack:        2440 kB
PageTables:         9640 kB
NFS_Unstable:          0 kB
Bounce:                0 kB
WritebackTmp:          0 kB
CommitLimit:     7120528 kB
Committed_AS:     855196 kB
VmallocTotal:   34359738367 kB
VmallocUsed:      198052 kB
VmallocChunk:   34359534076 kB
HardwareCorrupted:     0 kB
AnonHugePages:      6144 kB
HugePages_Total:       0
HugePages_Free:        0
HugePages_Rsvd:        0
HugePages_Surp:        0
Hugepagesize:       2048 kB
DirectMap4k:      133092 kB
DirectMap2M:    12447744 kB


CPU:total 4 (4 cores per cpu, 2 threads per core) family 6 model 26 stepping 5, cmov, cx8, fxsr, mmx, sse, sse2, sse3, ssse3, sse4.1, sse4.2, popcnt, ht, tsc, tscinvbit, tscinv

/proc/cpuinfo:
processor	: 0
vendor_id	: GenuineIntel
cpu family	: 6
model		: 26
model name	: Intel(R) Xeon(R) CPU           W3520  @ 2.67GHz
stepping	: 5
cpu MHz		: 2666.708
cache size	: 8192 KB
physical id	: 0
siblings	: 4
core id		: 0
cpu cores	: 4
apicid		: 0
initial apicid	: 0
fpu		: yes
fpu_exception	: yes
cpuid level	: 11
wp		: yes
flags		: fpu vme de pse tsc msr pae mce cx8 apic sep mtrr pge mca cmov pat pse36 clflush dts acpi mmx fxsr sse sse2 ss ht tm pbe syscall nx rdtscp lm constant_tsc arch_perfmon pebs bts rep_good xtopology nonstop_tsc aperfmperf pni dtes64 monitor ds_cpl vmx est tm2 ssse3 cx16 xtpr pdcm dca sse4_1 sse4_2 popcnt lahf_lm ida dts tpr_shadow vnmi flexpriority ept vpid
bogomips	: 5333.41
clflush size	: 64
cache_alignment	: 64
address sizes	: 36 bits physical, 48 bits virtual
power management:

processor	: 1
vendor_id	: GenuineIntel
cpu family	: 6
model		: 26
model name	: Intel(R) Xeon(R) CPU           W3520  @ 2.67GHz
stepping	: 5
cpu MHz		: 2666.708
cache size	: 8192 KB
physical id	: 0
siblings	: 4
core id		: 1
cpu cores	: 4
apicid		: 2
initial apicid	: 2
fpu		: yes
fpu_exception	: yes
cpuid level	: 11
wp		: yes
flags		: fpu vme de pse tsc msr pae mce cx8 apic sep mtrr pge mca cmov pat pse36 clflush dts acpi mmx fxsr sse sse2 ss ht tm pbe syscall nx rdtscp lm constant_tsc arch_perfmon pebs bts rep_good xtopology nonstop_tsc aperfmperf pni dtes64 monitor ds_cpl vmx est tm2 ssse3 cx16 xtpr pdcm dca sse4_1 sse4_2 popcnt lahf_lm ida dts tpr_shadow vnmi flexpriority ept vpid
bogomips	: 5333.41
clflush size	: 64
cache_alignment	: 64
address sizes	: 36 bits physical, 48 bits virtual
power management:

processor	: 2
vendor_id	: GenuineIntel
cpu family	: 6
model		: 26
model name	: Intel(R) Xeon(R) CPU           W3520  @ 2.67GHz
stepping	: 5
cpu MHz		: 2666.708
cache size	: 8192 KB
physical id	: 0
siblings	: 4
core id		: 2
cpu cores	: 4
apicid		: 4
initial apicid	: 4
fpu		: yes
fpu_exception	: yes
cpuid level	: 11
wp		: yes
flags		: fpu vme de pse tsc msr pae mce cx8 apic sep mtrr pge mca cmov pat pse36 clflush dts acpi mmx fxsr sse sse2 ss ht tm pbe syscall nx rdtscp lm constant_tsc arch_perfmon pebs bts rep_good xtopology nonstop_tsc aperfmperf pni dtes64 monitor ds_cpl vmx est tm2 ssse3 cx16 xtpr pdcm dca sse4_1 sse4_2 popcnt lahf_lm ida dts tpr_shadow vnmi flexpriority ept vpid
bogomips	: 5333.41
clflush size	: 64
cache_alignment	: 64
address sizes	: 36 bits physical, 48 bits virtual
power management:

processor	: 3
vendor_id	: GenuineIntel
cpu family	: 6
model		: 26
model name	: Intel(R) Xeon(R) CPU           W3520  @ 2.67GHz
stepping	: 5
cpu MHz		: 2666.708
cache size	: 8192 KB
physical id	: 0
siblings	: 4
core id		: 3
cpu cores	: 4
apicid		: 6
initial apicid	: 6
fpu		: yes
fpu_exception	: yes
cpuid level	: 11
wp		: yes
flags		: fpu vme de pse tsc msr pae mce cx8 apic sep mtrr pge mca cmov pat pse36 clflush dts acpi mmx fxsr sse sse2 ss ht tm pbe syscall nx rdtscp lm constant_tsc arch_perfmon pebs bts rep_good xtopology nonstop_tsc aperfmperf pni dtes64 monitor ds_cpl vmx est tm2 ssse3 cx16 xtpr pdcm dca sse4_1 sse4_2 popcnt lahf_lm ida dts tpr_shadow vnmi flexpriority ept vpid
bogomips	: 5333.41
clflush size	: 64
cache_alignment	: 64
address sizes	: 36 bits physical, 48 bits virtual
power management:



Memory: 4k page, physical 12193072k(9478412k free), swap 1023992k(1023992k free)

vm_info: OpenJDK 64-Bit Server VM (24.45-b08) for linux-amd64 JRE (1.7.0_45-mockbuild_2013_10_21_06_40-b00), built on Oct 21 2013 06:45:57 by "mockbuild" with gcc 4.4.7 20120313 (Red Hat 4.4.7-3)

time: Mon Dec  9 01:20:38 2013
elapsed time: 0 seconds

