#
# A fatal error has been detected by the Java Runtime Environment:
#
#  SIGSEGV (0xb) at pc=0x00007f7146f102bd, pid=20438, tid=140124929337088
#
# JRE version: OpenJDK Runtime Environment (7.0_45-b15) (build 1.7.0_45-mockbuild_2013_10_21_06_40-b00)
# Java VM: OpenJDK 64-Bit Server VM (24.45-b08 mixed mode linux-amd64 compressed oops)
# Problematic frame:
# C  [mca_coll_tuned.so+0x62bd]  ompi_coll_tuned_reduce_intra_dec_fixed+0x1d
#
# Failed to write core dump. Core dumps have been disabled. To enable core dumping, try "ulimit -c unlimited" before starting Java again
#
# If you would like to submit a bug report, please include
# instructions on how to reproduce the bug and visit:
#   http://icedtea.classpath.org/bugzilla
# The crash happened outside the Java Virtual Machine in native code.
# See problematic frame for where to report the bug.
#

---------------  T H R E A D  ---------------

Current thread (0x00007f7158008000):  JavaThread "main" [_thread_in_native, id=20439, stack(0x00007f7160932000,0x00007f7160a33000)]

siginfo:si_signo=SIGSEGV: si_errno=0, si_code=1 (SEGV_MAPERR), si_addr=0x0000000000000018

Registers:
RAX=0x0000000000000005, RBX=0x0000000000000003, RCX=0x0000000000000000, RDX=0x0000000000000005
RSP=0x00007f7160a31600, RBP=0x00007f714fbd5d80, RSI=0x0000000000000000, RDI=0x00007f7158330c50
R8 =0x00007f714fbe1860, R9 =0x0000000000000000, R10=0x00007f714fbd5d80, R11=0x00007f715831c440
R12=0x0000000000000005, R13=0x00007f7158330c50, R14=0x0000000000000000, R15=0x00007f7160a31838
RIP=0x00007f7146f102bd, EFLAGS=0x0000000000010206, CSGSFS=0x0000000000000033, ERR=0x0000000000000004
  TRAPNO=0x000000000000000e

Top of Stack: (sp=0x00007f7160a31600)
0x00007f7160a31600:   00007f714fbe7000 00007f7160856fe0
0x00007f7160a31610:   00007f7100000005 0000000000000000
0x00007f7160a31620:   00007f7160a31670 00007f714fbe1860
0x00007f7160a31630:   00007f714fbd5d80 00007f714f983af5
0x00007f7160a31640:   00007f714fbd5d80 00007f715831c440
0x00007f7160a31650:   000000000000000c 00007f716085d715
0x00007f7160a31660:   00007f714fbe1860 0000000000000000
0x00007f7160a31670:   0000000000000005 00007f71580081d8
0x00007f7160a31680:   00007f714fdfda60 00007f714fbd5d80
0x00007f7160a31690:   000000000000000c 0000000000000000
0x00007f7160a316a0:   00007f7160a31838 00007f714fbf30e6
0x00007f7160a316b0:   00007f714fbd5d80 00007f7158008000
0x00007f7160a316c0:   000000073baddfb0 00007f7100000000
0x00007f7160a316d0:   00007f7158330c50 0000000000000000
0x00007f7160a316e0:   0000000000000000 00007f7160a31828
0x00007f7160a316f0:   00007f7158008000 00007f7158330c50
0x00007f7160a31700:   00007f7155005310 000000013baddfb0
0x00007f7160a31710:   0000000000000000 000000073baddfb0
0x00007f7160a31720:   00007f7160a317e0 0000000000000000
0x00007f7160a31730:   000000073baddfb0 00007f7160a31840
0x00007f7160a31740:   00007f7158008000 00007f7155012738
0x00007f7160a31750:   00007f7100000005 00007f7160a31810
0x00007f7160a31760:   00007f7160a31808 00007f7100000000
0x00007f7160a31770:   00007f7160a31888 00007f7160a31840
0x00007f7160a31780:   00007f7160a31840 00007f715501d463
0x00007f7160a31790:   00007f7158008000 00007f7100000000
0x00007f7160a317a0:   00007f7160a317a0 000000073baddfb0
0x00007f7160a317b0:   00007f7160a31840 000000073bae49a0
0x00007f7160a317c0:   0000000000000000 000000073baddfb0
0x00007f7160a317d0:   0000000000000000 00007f7160a31800
0x00007f7160a317e0:   00007f7160a31888 00007f7155006058
0x00007f7160a317f0:   0000000000000000 00007f715500ecd8 

Instructions: (pc=0x00007f7146f102bd)
0x00007f7146f1029d:   00 00 00 55 53 48 83 ec 28 4c 8b 54 24 40 4c 8b
0x00007f7146f102ad:   5c 24 48 49 8b 82 a8 00 00 00 8b 58 10 48 63 c2
0x00007f7146f102bd:   48 0f af 41 18 41 f6 40 50 20 75 37 48 3d ff 07
0x00007f7146f102cd:   00 00 0f 86 0b 01 00 00 c7 44 24 18 00 00 00 00 

Register to memory mapping:

RAX=0x0000000000000005 is an unknown value
RBX=0x0000000000000003 is an unknown value
RCX=0x0000000000000000 is an unknown value
RDX=0x0000000000000005 is an unknown value
RSP=0x00007f7160a31600 is pointing into the stack for thread: 0x00007f7158008000
RBP=0x00007f714fbd5d80: ompi_mpi_comm_world+0 in /usr/local/lib/openmpi/lib/libmpi.so.0 at 0x00007f714f921000
RSI=0x0000000000000000 is an unknown value
RDI=0x00007f7158330c50 is an unknown value
R8 =0x00007f714fbe1860: ompi_mpi_op_sum+0 in /usr/local/lib/openmpi/lib/libmpi.so.0 at 0x00007f714f921000
R9 =0x0000000000000000 is an unknown value
R10=0x00007f714fbd5d80: ompi_mpi_comm_world+0 in /usr/local/lib/openmpi/lib/libmpi.so.0 at 0x00007f714f921000
R11=0x00007f715831c440 is an unknown value
R12=0x0000000000000005 is an unknown value
R13=0x00007f7158330c50 is an unknown value
R14=0x0000000000000000 is an unknown value
R15=0x00007f7160a31838 is pointing into the stack for thread: 0x00007f7158008000


Stack: [0x00007f7160932000,0x00007f7160a33000],  sp=0x00007f7160a31600,  free space=1021k
Native frames: (J=compiled Java code, j=interpreted, Vv=VM code, C=native code)
C  [mca_coll_tuned.so+0x62bd]  ompi_coll_tuned_reduce_intra_dec_fixed+0x1d

Java frames: (J=compiled Java code, j=interpreted, Vv=VM code)
j  mpi.Intracomm.reduce(Ljava/lang/Object;ILjava/lang/Object;IILmpi/Datatype;Lmpi/Op;I)V+0
j  mpi.Intracomm.Reduce(Ljava/lang/Object;ILjava/lang/Object;IILmpi/Datatype;Lmpi/Op;I)V+135
j  pll_kmeans.main([Ljava/lang/String;)V+62
v  ~StubRoutines::call_stub

---------------  P R O C E S S  ---------------

Java Threads: ( => current thread )
  0x00007f71580a4000 JavaThread "Service Thread" daemon [_thread_blocked, id=20450, stack(0x00007f714feff000,0x00007f7150000000)]
  0x00007f71580a2000 JavaThread "C2 CompilerThread1" daemon [_thread_blocked, id=20449, stack(0x00007f715406d000,0x00007f715416e000)]
  0x00007f715809f000 JavaThread "C2 CompilerThread0" daemon [_thread_blocked, id=20448, stack(0x00007f715416e000,0x00007f715426f000)]
  0x00007f715809d000 JavaThread "Signal Dispatcher" daemon [_thread_blocked, id=20447, stack(0x00007f715426f000,0x00007f7154370000)]
  0x00007f7158079800 JavaThread "Finalizer" daemon [_thread_blocked, id=20446, stack(0x00007f7154370000,0x00007f7154471000)]
  0x00007f7158077800 JavaThread "Reference Handler" daemon [_thread_blocked, id=20445, stack(0x00007f7154471000,0x00007f7154572000)]
=>0x00007f7158008000 JavaThread "main" [_thread_in_native, id=20439, stack(0x00007f7160932000,0x00007f7160a33000)]

Other Threads:
  0x00007f7158073000 VMThread [stack: 0x00007f7154572000,0x00007f7154673000] [id=20444]
  0x00007f71580b7000 WatcherThread [stack: 0x00007f714fdfe000,0x00007f714feff000] [id=20451]

VM state:not at safepoint (normal execution)

VM Mutex/Monitor currently owned by a thread: None

Heap
 PSYoungGen      total 55808K, used 962K [0x00000007c1f00000, 0x00000007c5d00000, 0x0000000800000000)
  eden space 48128K, 2% used [0x00000007c1f00000,0x00000007c1ff0aa8,0x00000007c4e00000)
  from space 7680K, 0% used [0x00000007c5580000,0x00000007c5580000,0x00000007c5d00000)
  to   space 7680K, 0% used [0x00000007c4e00000,0x00000007c4e00000,0x00000007c5580000)
 ParOldGen       total 126976K, used 0K [0x0000000745e00000, 0x000000074da00000, 0x00000007c1f00000)
  object space 126976K, 0% used [0x0000000745e00000,0x0000000745e00000,0x000000074da00000)
 PSPermGen       total 21504K, used 2990K [0x000000073b800000, 0x000000073cd00000, 0x0000000745e00000)
  object space 21504K, 13% used [0x000000073b800000,0x000000073baebb58,0x000000073cd00000)

Card table byte_map: [0x00007f715d7d2000,0x00007f715ddf7000] byte_map_base: 0x00007f7159df6000

Polling page: 0x00007f7160a67000

Code Cache  [0x00007f7155000000, 0x00007f7155270000, 0x00007f7158000000)
 total_blobs=189 nmethods=0 adapters=159 free_code_cache=48760Kb largest_free_block=49931136

Compilation events (0 events):
No events

GC Heap History (0 events):
No events

Deoptimization events (0 events):
No events

Internal exceptions (10 events):
Event: 0.062 Thread 0x00007f7158008000 Threw 0x00000007c1f62608 at /builddir/build/BUILD/java-1.7.0-openjdk/openjdk/hotspot/src/share/vm/prims/jvm.cpp:1244
Event: 0.062 Thread 0x00007f7158008000 Threw 0x00000007c1f64f80 at /builddir/build/BUILD/java-1.7.0-openjdk/openjdk/hotspot/src/share/vm/prims/jvm.cpp:1244
Event: 0.064 Thread 0x00007f7158008000 Threw 0x00000007c1f687e8 at /builddir/build/BUILD/java-1.7.0-openjdk/openjdk/hotspot/src/share/vm/prims/jvm.cpp:1244
Event: 0.064 Thread 0x00007f7158008000 Threw 0x00000007c1f70430 at /builddir/build/BUILD/java-1.7.0-openjdk/openjdk/hotspot/src/share/vm/prims/jvm.cpp:1244
Event: 0.065 Thread 0x00007f7158008000 Threw 0x00000007c1f72020 at /builddir/build/BUILD/java-1.7.0-openjdk/openjdk/hotspot/src/share/vm/prims/jvm.cpp:1244
Event: 0.065 Thread 0x00007f7158008000 Threw 0x00000007c1f74778 at /builddir/build/BUILD/java-1.7.0-openjdk/openjdk/hotspot/src/share/vm/prims/jvm.cpp:1244
Event: 0.066 Thread 0x00007f7158008000 Threw 0x00000007c1f76ea8 at /builddir/build/BUILD/java-1.7.0-openjdk/openjdk/hotspot/src/share/vm/prims/jvm.cpp:1244
Event: 0.066 Thread 0x00007f7158008000 Threw 0x00000007c1f7afe0 at /builddir/build/BUILD/java-1.7.0-openjdk/openjdk/hotspot/src/share/vm/prims/jvm.cpp:1244
Event: 0.066 Thread 0x00007f7158008000 Threw 0x00000007c1f7c960 at /builddir/build/BUILD/java-1.7.0-openjdk/openjdk/hotspot/src/share/vm/prims/jvm.cpp:1244
Event: 0.067 Thread 0x00007f7158008000 Threw 0x00000007c1f841d0 at /builddir/build/BUILD/java-1.7.0-openjdk/openjdk/hotspot/src/share/vm/prims/jvm.cpp:1244

Events (10 events):
Event: 0.066 loading class 0x00007f71580e0270
Event: 0.066 loading class 0x00007f71580e0270 done
Event: 0.066 loading class 0x00007f71580d2670
Event: 0.066 loading class 0x00007f71580d2670 done
Event: 0.067 loading class 0x00007f71580ec0c0
Event: 0.067 loading class 0x00007f71580ec0c0 done
Event: 0.068 loading class 0x00007f715800b950
Event: 0.068 loading class 0x00007f71580ce150
Event: 0.068 loading class 0x00007f71580ce150 done
Event: 0.068 loading class 0x00007f715800b950 done


Dynamic libraries:
00400000-00401000 r-xp 00000000 fd:00 664535                             /usr/lib/jvm/java-1.7.0-openjdk-1.7.0.45.x86_64/jre/bin/java
00600000-00601000 rw-p 00000000 fd:00 664535                             /usr/lib/jvm/java-1.7.0-openjdk-1.7.0.45.x86_64/jre/bin/java
01c1c000-01c3d000 rw-p 00000000 00:00 0                                  [heap]
73b800000-73cd00000 rw-p 00000000 00:00 0 
73cd00000-745e00000 rw-p 00000000 00:00 0 
745e00000-74da00000 rw-p 00000000 00:00 0 
74da00000-7c1f00000 rw-p 00000000 00:00 0 
7c1f00000-7c5d00000 rw-p 00000000 00:00 0 
7c5d00000-800000000 rw-p 00000000 00:00 0 
7f7108000000-7f7108021000 rw-p 00000000 00:00 0 
7f7108021000-7f710c000000 ---p 00000000 00:00 0 
7f7110000000-7f7110021000 rw-p 00000000 00:00 0 
7f7110021000-7f7114000000 ---p 00000000 00:00 0 
7f7114000000-7f7114021000 rw-p 00000000 00:00 0 
7f7114021000-7f7118000000 ---p 00000000 00:00 0 
7f7118000000-7f7118021000 rw-p 00000000 00:00 0 
7f7118021000-7f711c000000 ---p 00000000 00:00 0 
7f711e16f000-7f7124000000 r--p 00000000 fd:00 60834121                   /usr/lib/locale/locale-archive
7f7124000000-7f7124021000 rw-p 00000000 00:00 0 
7f7124021000-7f7128000000 ---p 00000000 00:00 0 
7f7128000000-7f7128021000 rw-p 00000000 00:00 0 
7f7128021000-7f712c000000 ---p 00000000 00:00 0 
7f712c000000-7f712c021000 rw-p 00000000 00:00 0 
7f712c021000-7f7130000000 ---p 00000000 00:00 0 
7f7131dc0000-7f7138000000 rw-p 00000000 00:00 0 
7f7138000000-7f7138021000 rw-p 00000000 00:00 0 
7f7138021000-7f713c000000 ---p 00000000 00:00 0 
7f713c000000-7f713c021000 rw-p 00000000 00:00 0 
7f713c021000-7f7140000000 ---p 00000000 00:00 0 
7f7140000000-7f7140021000 rw-p 00000000 00:00 0 
7f7140021000-7f7144000000 ---p 00000000 00:00 0 
7f7146cfc000-7f7146d09000 r-xp 00000000 fd:00 5125649                    /usr/local/lib/openmpi/lib/openmpi/mca_osc_rdma.so
7f7146d09000-7f7146f09000 ---p 0000d000 fd:00 5125649                    /usr/local/lib/openmpi/lib/openmpi/mca_osc_rdma.so
7f7146f09000-7f7146f0a000 rw-p 0000d000 fd:00 5125649                    /usr/local/lib/openmpi/lib/openmpi/mca_osc_rdma.so
7f7146f0a000-7f7146f26000 r-xp 00000000 fd:00 5125571                    /usr/local/lib/openmpi/lib/openmpi/mca_coll_tuned.so
7f7146f26000-7f7147125000 ---p 0001c000 fd:00 5125571                    /usr/local/lib/openmpi/lib/openmpi/mca_coll_tuned.so
7f7147125000-7f7147127000 rw-p 0001b000 fd:00 5125571                    /usr/local/lib/openmpi/lib/openmpi/mca_coll_tuned.so
7f7147127000-7f714712c000 r-xp 00000000 fd:00 5125569                    /usr/local/lib/openmpi/lib/openmpi/mca_coll_sm.so
7f714712c000-7f714732b000 ---p 00005000 fd:00 5125569                    /usr/local/lib/openmpi/lib/openmpi/mca_coll_sm.so
7f714732b000-7f714732c000 rw-p 00004000 fd:00 5125569                    /usr/local/lib/openmpi/lib/openmpi/mca_coll_sm.so
7f7147344000-7f714734e000 r-xp 00000000 fd:00 5125647                    /usr/local/lib/openmpi/lib/openmpi/mca_osc_pt2pt.so
7f714734e000-7f714754e000 ---p 0000a000 fd:00 5125647                    /usr/local/lib/openmpi/lib/openmpi/mca_osc_pt2pt.so
7f714754e000-7f714754f000 rw-p 0000a000 fd:00 5125647                    /usr/local/lib/openmpi/lib/openmpi/mca_osc_pt2pt.so
7f714754f000-7f7147560000 r-xp 00000000 fd:00 5125563                    /usr/local/lib/openmpi/lib/openmpi/mca_coll_libnbc.so
7f7147560000-7f7147760000 ---p 00011000 fd:00 5125563                    /usr/local/lib/openmpi/lib/openmpi/mca_coll_libnbc.so
7f7147760000-7f7147761000 rw-p 00011000 fd:00 5125563                    /usr/local/lib/openmpi/lib/openmpi/mca_coll_libnbc.so
7f7147761000-7f7147764000 r-xp 00000000 fd:00 5125561                    /usr/local/lib/openmpi/lib/openmpi/mca_coll_inter.so
7f7147764000-7f7147964000 ---p 00003000 fd:00 5125561                    /usr/local/lib/openmpi/lib/openmpi/mca_coll_inter.so
7f7147964000-7f7147965000 rw-p 00003000 fd:00 5125561                    /usr/local/lib/openmpi/lib/openmpi/mca_coll_inter.so
7f7147965000-7f714796e000 r-xp 00000000 fd:00 5125557                    /usr/local/lib/openmpi/lib/openmpi/mca_coll_basic.so
7f714796e000-7f7147b6e000 ---p 00009000 fd:00 5125557                    /usr/local/lib/openmpi/lib/openmpi/mca_coll_basic.so
7f7147b6e000-7f7147b6f000 rw-p 00009000 fd:00 5125557                    /usr/local/lib/openmpi/lib/openmpi/mca_coll_basic.so
7f7147b6f000-7f7147b7b000 r-xp 00000000 fd:00 5125555                    /usr/local/lib/openmpi/lib/openmpi/mca_btl_tcp.so
7f7147b7b000-7f7147d7a000 ---p 0000c000 fd:00 5125555                    /usr/local/lib/openmpi/lib/openmpi/mca_btl_tcp.so
7f7147d7a000-7f7147d7c000 rw-p 0000b000 fd:00 5125555                    /usr/local/lib/openmpi/lib/openmpi/mca_btl_tcp.so
7f7147d7c000-7f7147dfc000 rw-p 00000000 00:00 0 
7f7147dfc000-7f7147dff000 r-xp 00000000 fd:00 5125551                    /usr/local/lib/openmpi/lib/openmpi/mca_btl_self.so
7f7147dff000-7f7147fff000 ---p 00003000 fd:00 5125551                    /usr/local/lib/openmpi/lib/openmpi/mca_btl_self.so
7f7147fff000-7f7148000000 rw-p 00003000 fd:00 5125551                    /usr/local/lib/openmpi/lib/openmpi/mca_btl_self.so
7f7148000000-7f7148021000 rw-p 00000000 00:00 0 
7f7148021000-7f714c000000 ---p 00000000 00:00 0 
7f714c13f000-7f714c142000 r-xp 00000000 fd:00 5125549                    /usr/local/lib/openmpi/lib/openmpi/mca_bml_r2.so
7f714c142000-7f714c342000 ---p 00003000 fd:00 5125549                    /usr/local/lib/openmpi/lib/openmpi/mca_bml_r2.so
7f714c342000-7f714c343000 rw-p 00003000 fd:00 5125549                    /usr/local/lib/openmpi/lib/openmpi/mca_bml_r2.so
7f714c54b000-7f714c562000 r-xp 00000000 fd:00 5125661                    /usr/local/lib/openmpi/lib/openmpi/mca_pml_ob1.so
7f714c562000-7f714c761000 ---p 00017000 fd:00 5125661                    /usr/local/lib/openmpi/lib/openmpi/mca_pml_ob1.so
7f714c761000-7f714c763000 rw-p 00016000 fd:00 5125661                    /usr/local/lib/openmpi/lib/openmpi/mca_pml_ob1.so
7f714c770000-7f714c777000 r-xp 00000000 fd:00 5125589                    /usr/local/lib/openmpi/lib/openmpi/mca_dpm_orte.so
7f714c777000-7f714c977000 ---p 00007000 fd:00 5125589                    /usr/local/lib/openmpi/lib/openmpi/mca_dpm_orte.so
7f714c977000-7f714c978000 rw-p 00007000 fd:00 5125589                    /usr/local/lib/openmpi/lib/openmpi/mca_dpm_orte.so
7f714c978000-7f714c97e000 r-xp 00000000 fd:00 5125559                    /usr/local/lib/openmpi/lib/openmpi/mca_coll_hierarch.so
7f714c97e000-7f714cb7d000 ---p 00006000 fd:00 5125559                    /usr/local/lib/openmpi/lib/openmpi/mca_coll_hierarch.so
7f714cb7d000-7f714cb7e000 rw-p 00005000 fd:00 5125559                    /usr/local/lib/openmpi/lib/openmpi/mca_coll_hierarch.so
7f714cb99000-7f714cb9c000 r-xp 00000000 fd:00 5125665                    /usr/local/lib/openmpi/lib/openmpi/mca_pubsub_orte.so
7f714cb9c000-7f714cd9b000 ---p 00003000 fd:00 5125665                    /usr/local/lib/openmpi/lib/openmpi/mca_pubsub_orte.so
7f714cd9b000-7f714cd9c000 rw-p 00002000 fd:00 5125665                    /usr/local/lib/openmpi/lib/openmpi/mca_pubsub_orte.so
7f714cd9c000-7f714cd9e000 r-xp 00000000 fd:00 3810739                    /usr/local/lib/openmpi/lib/libmca_common_sm.so.0.0.0
7f714cd9e000-7f714cf9d000 ---p 00002000 fd:00 3810739                    /usr/local/lib/openmpi/lib/libmca_common_sm.so.0.0.0
7f714cf9d000-7f714cf9e000 rw-p 00001000 fd:00 3810739                    /usr/local/lib/openmpi/lib/libmca_common_sm.so.0.0.0
7f714cf9e000-7f714cfa0000 r-xp 00000000 fd:00 5125641                    /usr/local/lib/openmpi/lib/openmpi/mca_mpool_sm.so
7f714cfa0000-7f714d19f000 ---p 00002000 fd:00 5125641                    /usr/local/lib/openmpi/lib/openmpi/mca_mpool_sm.so
7f714d19f000-7f714d1a0000 rw-p 00001000 fd:00 5125641                    /usr/local/lib/openmpi/lib/openmpi/mca_mpool_sm.so
7f714d1a0000-7f714d1a3000 r-xp 00000000 fd:00 5125639                    /usr/local/lib/openmpi/lib/openmpi/mca_mpool_grdma.so
7f714d1a3000-7f714d3a3000 ---p 00003000 fd:00 5125639                    /usr/local/lib/openmpi/lib/openmpi/mca_mpool_grdma.so
7f714d3a3000-7f714d3a4000 rw-p 00003000 fd:00 5125639                    /usr/local/lib/openmpi/lib/openmpi/mca_mpool_grdma.so
7f714d3a4000-7f714d3a7000 r-xp 00000000 fd:00 5125673                    /usr/local/lib/openmpi/lib/openmpi/mca_rcache_vma.so
7f714d3a7000-7f714d5a7000 ---p 00003000 fd:00 5125673                    /usr/local/lib/openmpi/lib/openmpi/mca_rcache_vma.so
7f714d5a7000-7f714d5a8000 rw-p 00003000 fd:00 5125673                    /usr/local/lib/openmpi/lib/openmpi/mca_rcache_vma.so
7f714d5a8000-7f714d5aa000 r-xp 00000000 fd:00 5125543                    /usr/local/lib/openmpi/lib/openmpi/mca_allocator_bucket.so
7f714d5aa000-7f714d7a9000 ---p 00002000 fd:00 5125543                    /usr/local/lib/openmpi/lib/openmpi/mca_allocator_bucket.so
7f714d7a9000-7f714d7aa000 rw-p 00001000 fd:00 5125543                    /usr/local/lib/openmpi/lib/openmpi/mca_allocator_bucket.so
7f714d7aa000-7f714d7ac000 r-xp 00000000 fd:00 5120986                    /usr/local/lib/openmpi/lib/openmpi/mca_allocator_basic.so
7f714d7ac000-7f714d9ab000 ---p 00002000 fd:00 5120986                    /usr/local/lib/openmpi/lib/openmpi/mca_allocator_basic.so
7f714d9ab000-7f714d9ac000 rw-p 00001000 fd:00 5120986                    /usr/local/lib/openmpi/lib/openmpi/mca_allocator_basic.so
7f714d9ac000-7f714d9ae000 r-xp 00000000 fd:00 5125623                    /usr/local/lib/openmpi/lib/openmpi/mca_grpcomm_bad.so
7f714d9ae000-7f714dbad000 ---p 00002000 fd:00 5125623                    /usr/local/lib/openmpi/lib/openmpi/mca_grpcomm_bad.so
7f714dbad000-7f714dbae000 rw-p 00001000 fd:00 5125623                    /usr/local/lib/openmpi/lib/openmpi/mca_grpcomm_bad.so
7f714dbae000-7f714dbb0000 r-xp 00000000 fd:00 5125581                    /usr/local/lib/openmpi/lib/openmpi/mca_db_print.so
7f714dbb0000-7f714ddaf000 ---p 00002000 fd:00 5125581                    /usr/local/lib/openmpi/lib/openmpi/mca_db_print.so
7f714ddaf000-7f714ddb0000 rw-p 00001000 fd:00 5125581                    /usr/local/lib/openmpi/lib/openmpi/mca_db_print.so
7f714ddb0000-7f714ddb3000 r-xp 00000000 fd:00 5125579                    /usr/local/lib/openmpi/lib/openmpi/mca_db_hash.so
7f714ddb3000-7f714dfb3000 ---p 00003000 fd:00 5125579                    /usr/local/lib/openmpi/lib/openmpi/mca_db_hash.so
7f714dfb3000-7f714dfb4000 rw-p 00003000 fd:00 5125579                    /usr/local/lib/openmpi/lib/openmpi/mca_db_hash.so
7f714dfb4000-7f714dfc3000 r-xp 00000000 fd:00 5125645                    /usr/local/lib/openmpi/lib/openmpi/mca_oob_tcp.so
7f714dfc3000-7f714e1c3000 ---p 0000f000 fd:00 5125645                    /usr/local/lib/openmpi/lib/openmpi/mca_oob_tcp.so
7f714e1c3000-7f714e1c5000 rw-p 0000f000 fd:00 5125645                    /usr/local/lib/openmpi/lib/openmpi/mca_oob_tcp.so
7f714e1c5000-7f714e1cb000 r-xp 00000000 fd:00 5125689                    /usr/local/lib/openmpi/lib/openmpi/mca_rml_oob.so
7f714e1cb000-7f714e3ca000 ---p 00006000 fd:00 5125689                    /usr/local/lib/openmpi/lib/openmpi/mca_rml_oob.so
7f714e3ca000-7f714e3cb000 rw-p 00005000 fd:00 5125689                    /usr/local/lib/openmpi/lib/openmpi/mca_rml_oob.so
7f714e3cc000-7f714e3ce000 r-xp 00000000 fd:00 5125567                    /usr/local/lib/openmpi/lib/openmpi/mca_coll_self.so
7f714e3ce000-7f714e5cd000 ---p 00002000 fd:00 5125567                    /usr/local/lib/openmpi/lib/openmpi/mca_coll_self.so
7f714e5cd000-7f714e5ce000 rw-p 00001000 fd:00 5125567                    /usr/local/lib/openmpi/lib/openmpi/mca_coll_self.so
7f714e5ce000-7f714e5d1000 r-xp 00000000 fd:00 5125691                    /usr/local/lib/openmpi/lib/openmpi/mca_routed_binomial.so
7f714e5d1000-7f714e7d1000 ---p 00003000 fd:00 5125691                    /usr/local/lib/openmpi/lib/openmpi/mca_routed_binomial.so
7f714e7d1000-7f714e7d2000 rw-p 00003000 fd:00 5125691                    /usr/local/lib/openmpi/lib/openmpi/mca_routed_binomial.so
7f714e7d2000-7f714e7d4000 r-xp 00000000 fd:00 5125591                    /usr/local/lib/openmpi/lib/openmpi/mca_errmgr_default_app.so
7f714e7d4000-7f714e9d3000 ---p 00002000 fd:00 5125591                    /usr/local/lib/openmpi/lib/openmpi/mca_errmgr_default_app.so
7f714e9d3000-7f714e9d4000 rw-p 00001000 fd:00 5125591                    /usr/local/lib/openmpi/lib/openmpi/mca_errmgr_default_app.so
7f714e9d4000-7f714e9d5000 r-xp 00000000 fd:00 5125713                    /usr/local/lib/openmpi/lib/openmpi/mca_state_app.so
7f714e9d5000-7f714ebd5000 ---p 00001000 fd:00 5125713                    /usr/local/lib/openmpi/lib/openmpi/mca_state_app.so
7f714ebd5000-7f714ebd6000 rw-p 00001000 fd:00 5125713                    /usr/local/lib/openmpi/lib/openmpi/mca_state_app.so
7f714ebd6000-7f714ebd8000 r-xp 00000000 fd:00 5125597                    /usr/local/lib/openmpi/lib/openmpi/mca_ess_env.so
7f714ebd8000-7f714edd7000 ---p 00002000 fd:00 5125597                    /usr/local/lib/openmpi/lib/openmpi/mca_ess_env.so
7f714edd7000-7f714edd8000 rw-p 00001000 fd:00 5125597                    /usr/local/lib/openmpi/lib/openmpi/mca_ess_env.so
7f714edd8000-7f714eddb000 r-xp 00000000 fd:00 5125707                    /usr/local/lib/openmpi/lib/openmpi/mca_shmem_mmap.so
7f714eddb000-7f714efda000 ---p 00003000 fd:00 5125707                    /usr/local/lib/openmpi/lib/openmpi/mca_shmem_mmap.so
7f714efda000-7f714efdb000 rw-p 00002000 fd:00 5125707                    /usr/local/lib/openmpi/lib/openmpi/mca_shmem_mmap.so
7f714efdb000-7f714efdd000 r-xp 00000000 fd:00 54001858                   /lib64/libutil-2.12.so
7f714efdd000-7f714f1dc000 ---p 00002000 fd:00 54001858                   /lib64/libutil-2.12.so
7f714f1dc000-7f714f1dd000 r--p 00001000 fd:00 54001858                   /lib64/libutil-2.12.so
7f714f1dd000-7f714f1de000 rw-p 00002000 fd:00 54001858                   /lib64/libutil-2.12.so
7f714f1de000-7f714f1f4000 r-xp 00000000 fd:00 54001872                   /lib64/libnsl-2.12.so
7f714f1f4000-7f714f3f3000 ---p 00016000 fd:00 54001872                   /lib64/libnsl-2.12.so
7f714f3f3000-7f714f3f4000 r--p 00015000 fd:00 54001872                   /lib64/libnsl-2.12.so
7f714f3f4000-7f714f3f5000 rw-p 00016000 fd:00 54001872                   /lib64/libnsl-2.12.so
7f714f3f5000-7f714f3f7000 rw-p 00000000 00:00 0 
7f714f3f7000-7f714f4a4000 r-xp 00000000 fd:00 3810751                    /usr/local/lib/openmpi/lib/libopen-pal.so.0.0.0
7f714f4a4000-7f714f6a4000 ---p 000ad000 fd:00 3810751                    /usr/local/lib/openmpi/lib/libopen-pal.so.0.0.0
7f714f6a4000-7f714f6ab000 rw-p 000ad000 fd:00 3810751                    /usr/local/lib/openmpi/lib/libopen-pal.so.0.0.0
7f714f6ab000-7f714f6b1000 rw-p 00000000 00:00 0 
7f714f6b1000-7f714f71c000 r-xp 00000000 fd:00 3810753                    /usr/local/lib/openmpi/lib/libopen-rte.so.0.0.0
7f714f71c000-7f714f91c000 ---p 0006b000 fd:00 3810753                    /usr/local/lib/openmpi/lib/libopen-rte.so.0.0.0
7f714f91c000-7f714f920000 rw-p 0006b000 fd:00 3810753                    /usr/local/lib/openmpi/lib/libopen-rte.so.0.0.0
7f714f920000-7f714f921000 rw-p 00000000 00:00 0 
7f714f921000-7f714f9c4000 r-xp 00000000 fd:00 3810741                    /usr/local/lib/openmpi/lib/libmpi.so.0.0.0
7f714f9c4000-7f714fbc4000 ---p 000a3000 fd:00 3810741                    /usr/local/lib/openmpi/lib/libmpi.so.0.0.0
7f714fbc4000-7f714fbd5000 rw-p 000a3000 fd:00 3810741                    /usr/local/lib/openmpi/lib/libmpi.so.0.0.0
7f714fbd5000-7f714fbe7000 rw-p 00000000 00:00 0 
7f714fbe7000-7f714fbfd000 r-xp 00000000 fd:00 3810743                    /usr/local/lib/openmpi/lib/libmpi_java.so.0.0.0
7f714fbfd000-7f714fdfd000 ---p 00016000 fd:00 3810743                    /usr/local/lib/openmpi/lib/libmpi_java.so.0.0.0
7f714fdfd000-7f714fdfe000 rw-p 00016000 fd:00 3810743                    /usr/local/lib/openmpi/lib/libmpi_java.so.0.0.0
7f714fdfe000-7f714fdff000 ---p 00000000 00:00 0 
7f714fdff000-7f714feff000 rw-p 00000000 00:00 0 
7f714feff000-7f714ff02000 ---p 00000000 00:00 0 
7f714ff02000-7f7150000000 rw-p 00000000 00:00 0 
7f7150000000-7f7150021000 rw-p 00000000 00:00 0 
7f7150021000-7f7154000000 ---p 00000000 00:00 0 
7f715406d000-7f7154070000 ---p 00000000 00:00 0 
7f7154070000-7f715416e000 rw-p 00000000 00:00 0 
7f715416e000-7f7154171000 ---p 00000000 00:00 0 
7f7154171000-7f715426f000 rw-p 00000000 00:00 0 
7f715426f000-7f7154272000 ---p 00000000 00:00 0 
7f7154272000-7f7154370000 rw-p 00000000 00:00 0 
7f7154370000-7f7154373000 ---p 00000000 00:00 0 
7f7154373000-7f7154471000 rw-p 00000000 00:00 0 
7f7154471000-7f7154474000 ---p 00000000 00:00 0 
7f7154474000-7f7154572000 rw-p 00000000 00:00 0 
7f7154572000-7f7154573000 ---p 00000000 00:00 0 
7f7154573000-7f7155000000 rw-p 00000000 00:00 0 
7f7155000000-7f7155270000 rwxp 00000000 00:00 0 
7f7155270000-7f7158331000 rw-p 00000000 00:00 0 
7f7158331000-7f715c000000 ---p 00000000 00:00 0 
7f715c088000-7f715c6f7000 rw-p 00000000 00:00 0 
7f715c6f7000-7f715c8a5000 r--s 03e5e000 fd:00 665613                     /usr/lib/jvm/java-1.7.0-openjdk-1.7.0.45.x86_64/jre/lib/rt.jar
7f715c8a5000-7f715cf9a000 rw-p 00000000 00:00 0 
7f715cf9a000-7f715cf9b000 ---p 00000000 00:00 0 
7f715cf9b000-7f715d09b000 rw-p 00000000 00:00 0 
7f715d09b000-7f715d09c000 ---p 00000000 00:00 0 
7f715d09c000-7f715d19c000 rw-p 00000000 00:00 0 
7f715d19c000-7f715d19d000 ---p 00000000 00:00 0 
7f715d19d000-7f715d29d000 rw-p 00000000 00:00 0 
7f715d29d000-7f715d29e000 ---p 00000000 00:00 0 
7f715d29e000-7f715d3a9000 rw-p 00000000 00:00 0 
7f715d3a9000-7f715d3f1000 rw-p 00000000 00:00 0 
7f715d3f1000-7f715d42f000 rw-p 00000000 00:00 0 
7f715d42f000-7f715d7d2000 rw-p 00000000 00:00 0 
7f715d7d2000-7f715d7dd000 rw-p 00000000 00:00 0 
7f715d7dd000-7f715d825000 rw-p 00000000 00:00 0 
7f715d825000-7f715d863000 rw-p 00000000 00:00 0 
7f715d863000-7f715dc05000 rw-p 00000000 00:00 0 
7f715dc05000-7f715dc25000 rw-p 00000000 00:00 0 
7f715dc25000-7f715ddf6000 rw-p 00000000 00:00 0 
7f715ddf6000-7f715de01000 rw-p 00000000 00:00 0 
7f715de01000-7f715deb7000 rw-p 00000000 00:00 0 
7f715deb7000-7f715debf000 r-xp 00000000 fd:00 665555                     /usr/lib/jvm/java-1.7.0-openjdk-1.7.0.45.x86_64/jre/lib/amd64/libzip.so
7f715debf000-7f715e0be000 ---p 00008000 fd:00 665555                     /usr/lib/jvm/java-1.7.0-openjdk-1.7.0.45.x86_64/jre/lib/amd64/libzip.so
7f715e0be000-7f715e0bf000 rw-p 00007000 fd:00 665555                     /usr/lib/jvm/java-1.7.0-openjdk-1.7.0.45.x86_64/jre/lib/amd64/libzip.so
7f715e0bf000-7f715e0e8000 r-xp 00000000 fd:00 665534                     /usr/lib/jvm/java-1.7.0-openjdk-1.7.0.45.x86_64/jre/lib/amd64/libjava.so
7f715e0e8000-7f715e2e7000 ---p 00029000 fd:00 665534                     /usr/lib/jvm/java-1.7.0-openjdk-1.7.0.45.x86_64/jre/lib/amd64/libjava.so
7f715e2e7000-7f715e2e9000 rw-p 00028000 fd:00 665534                     /usr/lib/jvm/java-1.7.0-openjdk-1.7.0.45.x86_64/jre/lib/amd64/libjava.so
7f715e2e9000-7f715e2f6000 r-xp 00000000 fd:00 665554                     /usr/lib/jvm/java-1.7.0-openjdk-1.7.0.45.x86_64/jre/lib/amd64/libverify.so
7f715e2f6000-7f715e4f6000 ---p 0000d000 fd:00 665554                     /usr/lib/jvm/java-1.7.0-openjdk-1.7.0.45.x86_64/jre/lib/amd64/libverify.so
7f715e4f6000-7f715e4f8000 rw-p 0000d000 fd:00 665554                     /usr/lib/jvm/java-1.7.0-openjdk-1.7.0.45.x86_64/jre/lib/amd64/libverify.so
7f715e4f8000-7f715e4ff000 r-xp 00000000 fd:00 54001877                   /lib64/librt-2.12.so
7f715e4ff000-7f715e6fe000 ---p 00007000 fd:00 54001877                   /lib64/librt-2.12.so
7f715e6fe000-7f715e6ff000 r--p 00006000 fd:00 54001877                   /lib64/librt-2.12.so
7f715e6ff000-7f715e700000 rw-p 00007000 fd:00 54001877                   /lib64/librt-2.12.so
7f715e700000-7f715e716000 r-xp 00000000 fd:00 54001667                   /lib64/libgcc_s-4.4.7-20120601.so.1
7f715e716000-7f715e915000 ---p 00016000 fd:00 54001667                   /lib64/libgcc_s-4.4.7-20120601.so.1
7f715e915000-7f715e916000 rw-p 00015000 fd:00 54001667                   /lib64/libgcc_s-4.4.7-20120601.so.1
7f715e916000-7f715e999000 r-xp 00000000 fd:00 54001871                   /lib64/libm-2.12.so
7f715e999000-7f715eb98000 ---p 00083000 fd:00 54001871                   /lib64/libm-2.12.so
7f715eb98000-7f715eb99000 r--p 00082000 fd:00 54001871                   /lib64/libm-2.12.so
7f715eb99000-7f715eb9a000 rw-p 00083000 fd:00 54001871                   /lib64/libm-2.12.so
7f715eb9a000-7f715ec82000 r-xp 00000000 fd:00 60822884                   /usr/lib64/libstdc++.so.6.0.13
7f715ec82000-7f715ee82000 ---p 000e8000 fd:00 60822884                   /usr/lib64/libstdc++.so.6.0.13
7f715ee82000-7f715ee89000 r--p 000e8000 fd:00 60822884                   /usr/lib64/libstdc++.so.6.0.13
7f715ee89000-7f715ee8b000 rw-p 000ef000 fd:00 60822884                   /usr/lib64/libstdc++.so.6.0.13
7f715ee8b000-7f715eea0000 rw-p 00000000 00:00 0 
7f715eea0000-7f715f98a000 r-xp 00000000 fd:00 665559                     /usr/lib/jvm/java-1.7.0-openjdk-1.7.0.45.x86_64/jre/lib/amd64/server/libjvm.so
7f715f98a000-7f715fb8a000 ---p 00aea000 fd:00 665559                     /usr/lib/jvm/java-1.7.0-openjdk-1.7.0.45.x86_64/jre/lib/amd64/server/libjvm.so
7f715fb8a000-7f715fc45000 rw-p 00aea000 fd:00 665559                     /usr/lib/jvm/java-1.7.0-openjdk-1.7.0.45.x86_64/jre/lib/amd64/server/libjvm.so
7f715fc45000-7f715fc72000 rw-p 00000000 00:00 0 
7f715fc72000-7f715fc87000 r-xp 00000000 fd:00 54001729                   /lib64/libz.so.1.2.3
7f715fc87000-7f715fe86000 ---p 00015000 fd:00 54001729                   /lib64/libz.so.1.2.3
7f715fe86000-7f715fe87000 r--p 00014000 fd:00 54001729                   /lib64/libz.so.1.2.3
7f715fe87000-7f715fe88000 rw-p 00015000 fd:00 54001729                   /lib64/libz.so.1.2.3
7f715fe88000-7f7160012000 r-xp 00000000 fd:00 54001696                   /lib64/libc-2.12.so
7f7160012000-7f7160211000 ---p 0018a000 fd:00 54001696                   /lib64/libc-2.12.so
7f7160211000-7f7160215000 r--p 00189000 fd:00 54001696                   /lib64/libc-2.12.so
7f7160215000-7f7160216000 rw-p 0018d000 fd:00 54001696                   /lib64/libc-2.12.so
7f7160216000-7f716021b000 rw-p 00000000 00:00 0 
7f716021b000-7f716021d000 r-xp 00000000 fd:00 54001869                   /lib64/libdl-2.12.so
7f716021d000-7f716041d000 ---p 00002000 fd:00 54001869                   /lib64/libdl-2.12.so
7f716041d000-7f716041e000 r--p 00002000 fd:00 54001869                   /lib64/libdl-2.12.so
7f716041e000-7f716041f000 rw-p 00003000 fd:00 54001869                   /lib64/libdl-2.12.so
7f716041f000-7f716042c000 r-xp 00000000 fd:00 665521                     /usr/lib/jvm/java-1.7.0-openjdk-1.7.0.45.x86_64/jre/lib/amd64/jli/libjli.so
7f716042c000-7f716062b000 ---p 0000d000 fd:00 665521                     /usr/lib/jvm/java-1.7.0-openjdk-1.7.0.45.x86_64/jre/lib/amd64/jli/libjli.so
7f716062b000-7f716062c000 rw-p 0000c000 fd:00 665521                     /usr/lib/jvm/java-1.7.0-openjdk-1.7.0.45.x86_64/jre/lib/amd64/jli/libjli.so
7f716062c000-7f7160643000 r-xp 00000000 fd:00 54001850                   /lib64/libpthread-2.12.so
7f7160643000-7f7160843000 ---p 00017000 fd:00 54001850                   /lib64/libpthread-2.12.so
7f7160843000-7f7160844000 r--p 00017000 fd:00 54001850                   /lib64/libpthread-2.12.so
7f7160844000-7f7160845000 rw-p 00018000 fd:00 54001850                   /lib64/libpthread-2.12.so
7f7160845000-7f7160849000 rw-p 00000000 00:00 0 
7f7160849000-7f7160869000 r-xp 00000000 fd:00 54001802                   /lib64/ld-2.12.so
7f716088b000-7f7160892000 r--s 00000000 fd:00 154880                     /usr/lib64/gconv/gconv-modules.cache
7f7160892000-7f7160893000 r--s 00006000 fd:00 3810754                    /usr/local/lib/openmpi/lib/mpi.jar
7f7160893000-7f7160896000 r--s 0000f000 fd:00 665581                     /usr/lib/jvm/java-1.7.0-openjdk-1.7.0.45.x86_64/jre/lib/ext/pulse-java.jar
7f7160896000-7f716089f000 r--s 00066000 fd:00 665578                     /usr/lib/jvm/java-1.7.0-openjdk-1.7.0.45.x86_64/jre/lib/ext/gnome-java-bridge.jar
7f716089f000-7f71608dd000 rw-p 00000000 00:00 0 
7f71608dd000-7f7160932000 r--s 00000000 fd:00 44565450                   /var/db/nscd/passwd
7f7160932000-7f7160935000 ---p 00000000 00:00 0 
7f7160935000-7f7160a35000 rw-p 00000000 00:00 0 
7f7160a36000-7f7160a5e000 rw-p 00000000 00:00 0 
7f7160a5e000-7f7160a66000 rw-s 00000000 fd:00 38273394                   /tmp/hsperfdata_andreakl/20438
7f7160a66000-7f7160a67000 rw-p 00000000 00:00 0 
7f7160a67000-7f7160a68000 r--p 00000000 00:00 0 
7f7160a68000-7f7160a69000 r--p 0001f000 fd:00 54001802                   /lib64/ld-2.12.so
7f7160a69000-7f7160a6a000 rw-p 00020000 fd:00 54001802                   /lib64/ld-2.12.so
7f7160a6a000-7f7160a6c000 rw-p 00000000 00:00 0 
7fff95fb0000-7fff95fc5000 rw-p 00000000 00:00 0                          [stack]
7fff95fff000-7fff96000000 r-xp 00000000 00:00 0                          [vdso]
ffffffffff600000-ffffffffff601000 r-xp 00000000 00:00 0                  [vsyscall]

VM Arguments:
jvm_args: -Djava.library.path=/usr/local/lib/openmpi/lib 
java_command: pll_kmeans
Launcher Type: SUN_STANDARD

Environment Variables:
PATH=/usr/lib64/qt-3.3/bin:/usr/kerberos/sbin:/usr/kerberos/bin:/usr/lib64/ccache:/usr/local/bin:/bin:/usr/bin
SHELL=/bin/csh
HOSTTYPE=x86_64-linux
OSTYPE=linux
MACHTYPE=x86_64

Signal Handlers:
SIGSEGV: [libjvm.so+0x9249f0], sa_mask[0]=0x7ffbfeff, sa_flags=0x10000004
SIGBUS: [libjvm.so+0x9249f0], sa_mask[0]=0x7ffbfeff, sa_flags=0x10000004
SIGFPE: [libjvm.so+0x7b25a0], sa_mask[0]=0x7ffbfeff, sa_flags=0x10000004
SIGPIPE: [libjvm.so+0x7b25a0], sa_mask[0]=0x7ffbfeff, sa_flags=0x10000004
SIGXFSZ: [libjvm.so+0x7b25a0], sa_mask[0]=0x7ffbfeff, sa_flags=0x10000004
SIGILL: [libjvm.so+0x7b25a0], sa_mask[0]=0x7ffbfeff, sa_flags=0x10000004
SIGUSR1: SIG_DFL, sa_mask[0]=0x00000000, sa_flags=0x00000000
SIGUSR2: [libjvm.so+0x7b3a30], sa_mask[0]=0x00000000, sa_flags=0x10000004
SIGHUP: [libjvm.so+0x7b4da0], sa_mask[0]=0x7ffbfeff, sa_flags=0x10000004
SIGINT: [libjvm.so+0x7b4da0], sa_mask[0]=0x7ffbfeff, sa_flags=0x10000004
SIGTERM: [libjvm.so+0x7b4da0], sa_mask[0]=0x7ffbfeff, sa_flags=0x10000004
SIGQUIT: [libjvm.so+0x7b4da0], sa_mask[0]=0x7ffbfeff, sa_flags=0x10000004


---------------  S Y S T E M  ---------------

OS:Red Hat Enterprise Linux Workstation release 6.4 (Santiago)

uname:Linux 2.6.32-358.11.1.el6.x86_64 #1 SMP Wed May 15 10:48:38 EDT 2013 x86_64
libc:glibc 2.12 NPTL 2.12 
rlimit: STACK 10240k, CORE 0k, NPROC 1024, NOFILE 4096, AS infinity
load average:0.00 0.00 0.00

/proc/meminfo:
MemTotal:       12193072 kB
MemFree:         7818004 kB
Buffers:          628060 kB
Cached:          2733460 kB
SwapCached:            0 kB
Active:          1628804 kB
Inactive:        1843588 kB
Active(anon):     111652 kB
Inactive(anon):     1080 kB
Active(file):    1517152 kB
Inactive(file):  1842508 kB
Unevictable:           0 kB
Mlocked:               0 kB
SwapTotal:       1023992 kB
SwapFree:        1023992 kB
Dirty:                48 kB
Writeback:             0 kB
AnonPages:        111256 kB
Mapped:            63284 kB
Shmem:              1864 kB
Slab:             751800 kB
SReclaimable:     699936 kB
SUnreclaim:        51864 kB
KernelStack:        2600 kB
PageTables:        12496 kB
NFS_Unstable:          0 kB
Bounce:                0 kB
WritebackTmp:          0 kB
CommitLimit:     7120528 kB
Committed_AS:     851812 kB
VmallocTotal:   34359738367 kB
VmallocUsed:      198300 kB
VmallocChunk:   34359525668 kB
HardwareCorrupted:     0 kB
AnonHugePages:     16384 kB
HugePages_Total:       0
HugePages_Free:        0
HugePages_Rsvd:        0
HugePages_Surp:        0
Hugepagesize:       2048 kB
DirectMap4k:      145380 kB
DirectMap2M:    12435456 kB


CPU:total 4 (4 cores per cpu, 2 threads per core) family 6 model 26 stepping 5, cmov, cx8, fxsr, mmx, sse, sse2, sse3, ssse3, sse4.1, sse4.2, popcnt, ht, tsc, tscinvbit, tscinv

/proc/cpuinfo:
processor	: 0
vendor_id	: GenuineIntel
cpu family	: 6
model		: 26
model name	: Intel(R) Xeon(R) CPU           W3520  @ 2.67GHz
stepping	: 5
cpu MHz		: 2666.641
cache size	: 8192 KB
physical id	: 0
siblings	: 4
core id		: 0
cpu cores	: 4
apicid		: 0
initial apicid	: 0
fpu		: yes
fpu_exception	: yes
cpuid level	: 11
wp		: yes
flags		: fpu vme de pse tsc msr pae mce cx8 apic sep mtrr pge mca cmov pat pse36 clflush dts acpi mmx fxsr sse sse2 ss ht tm pbe syscall nx rdtscp lm constant_tsc arch_perfmon pebs bts rep_good xtopology nonstop_tsc aperfmperf pni dtes64 monitor ds_cpl vmx est tm2 ssse3 cx16 xtpr pdcm dca sse4_1 sse4_2 popcnt lahf_lm ida dts tpr_shadow vnmi flexpriority ept vpid
bogomips	: 5333.28
clflush size	: 64
cache_alignment	: 64
address sizes	: 36 bits physical, 48 bits virtual
power management:

processor	: 1
vendor_id	: GenuineIntel
cpu family	: 6
model		: 26
model name	: Intel(R) Xeon(R) CPU           W3520  @ 2.67GHz
stepping	: 5
cpu MHz		: 2666.641
cache size	: 8192 KB
physical id	: 0
siblings	: 4
core id		: 1
cpu cores	: 4
apicid		: 2
initial apicid	: 2
fpu		: yes
fpu_exception	: yes
cpuid level	: 11
wp		: yes
flags		: fpu vme de pse tsc msr pae mce cx8 apic sep mtrr pge mca cmov pat pse36 clflush dts acpi mmx fxsr sse sse2 ss ht tm pbe syscall nx rdtscp lm constant_tsc arch_perfmon pebs bts rep_good xtopology nonstop_tsc aperfmperf pni dtes64 monitor ds_cpl vmx est tm2 ssse3 cx16 xtpr pdcm dca sse4_1 sse4_2 popcnt lahf_lm ida dts tpr_shadow vnmi flexpriority ept vpid
bogomips	: 5333.28
clflush size	: 64
cache_alignment	: 64
address sizes	: 36 bits physical, 48 bits virtual
power management:

processor	: 2
vendor_id	: GenuineIntel
cpu family	: 6
model		: 26
model name	: Intel(R) Xeon(R) CPU           W3520  @ 2.67GHz
stepping	: 5
cpu MHz		: 2666.641
cache size	: 8192 KB
physical id	: 0
siblings	: 4
core id		: 2
cpu cores	: 4
apicid		: 4
initial apicid	: 4
fpu		: yes
fpu_exception	: yes
cpuid level	: 11
wp		: yes
flags		: fpu vme de pse tsc msr pae mce cx8 apic sep mtrr pge mca cmov pat pse36 clflush dts acpi mmx fxsr sse sse2 ss ht tm pbe syscall nx rdtscp lm constant_tsc arch_perfmon pebs bts rep_good xtopology nonstop_tsc aperfmperf pni dtes64 monitor ds_cpl vmx est tm2 ssse3 cx16 xtpr pdcm dca sse4_1 sse4_2 popcnt lahf_lm ida dts tpr_shadow vnmi flexpriority ept vpid
bogomips	: 5333.28
clflush size	: 64
cache_alignment	: 64
address sizes	: 36 bits physical, 48 bits virtual
power management:

processor	: 3
vendor_id	: GenuineIntel
cpu family	: 6
model		: 26
model name	: Intel(R) Xeon(R) CPU           W3520  @ 2.67GHz
stepping	: 5
cpu MHz		: 2666.641
cache size	: 8192 KB
physical id	: 0
siblings	: 4
core id		: 3
cpu cores	: 4
apicid		: 6
initial apicid	: 6
fpu		: yes
fpu_exception	: yes
cpuid level	: 11
wp		: yes
flags		: fpu vme de pse tsc msr pae mce cx8 apic sep mtrr pge mca cmov pat pse36 clflush dts acpi mmx fxsr sse sse2 ss ht tm pbe syscall nx rdtscp lm constant_tsc arch_perfmon pebs bts rep_good xtopology nonstop_tsc aperfmperf pni dtes64 monitor ds_cpl vmx est tm2 ssse3 cx16 xtpr pdcm dca sse4_1 sse4_2 popcnt lahf_lm ida dts tpr_shadow vnmi flexpriority ept vpid
bogomips	: 5333.28
clflush size	: 64
cache_alignment	: 64
address sizes	: 36 bits physical, 48 bits virtual
power management:



Memory: 4k page, physical 12193072k(7818004k free), swap 1023992k(1023992k free)

vm_info: OpenJDK 64-Bit Server VM (24.45-b08) for linux-amd64 JRE (1.7.0_45-mockbuild_2013_10_21_06_40-b00), built on Oct 21 2013 06:45:57 by "mockbuild" with gcc 4.4.7 20120313 (Red Hat 4.4.7-3)

time: Mon Dec  9 01:15:01 2013
elapsed time: 0 seconds

